==21380== Memcheck, a memory error detector
==21380== Copyright (C) 2002-2015, and GNU GPL'd, by Julian Seward et al.
==21380== Using Valgrind-3.11.0 and LibVEX; rerun with -h for copyright info
==21380== Command: /bin/ls /proc/21374/task
==21380== Parent PID: 21379
==21380== 
--21380-- 
--21380-- Valgrind options:
--21380--    --tool=memcheck
--21380--    --leak-check=full
--21380--    --trace-children=yes
--21380--    --show-leak-kinds=all
--21380--    -v
--21380--    --log-file=meminfo.log
--21380-- Contents of /proc/version:
--21380--   Linux version 4.8.0 (root@Batcomputer) (gcc version 5.4.0 20160609 (Ubuntu 5.4.0-6ubuntu1~16.04.2) ) #1 SMP Thu Oct 6 21:00:10 EDT 2016
--21380-- 
--21380-- Arch and hwcaps: AMD64, LittleEndian, amd64-cx16-rdtscp-sse3
--21380-- Page sizes: currently 4096, max supported 4096
--21380-- Valgrind library directory: /usr/lib/valgrind
--21380-- Reading syms from /bin/ls
--21380--    object doesn't have a symbol table
--21380-- Reading syms from /lib/x86_64-linux-gnu/ld-2.23.so
--21380--   Considering /lib/x86_64-linux-gnu/ld-2.23.so ..
--21380--   .. CRC mismatch (computed d3da0723 wanted a1c29704)
--21380--   Considering /usr/lib/debug/lib/x86_64-linux-gnu/ld-2.23.so ..
--21380--   .. CRC is valid
--21380-- Reading syms from /usr/lib/valgrind/memcheck-amd64-linux
--21380--   Considering /usr/lib/valgrind/memcheck-amd64-linux ..
--21380--   .. CRC mismatch (computed 5529a2c7 wanted 5bd23904)
--21380--    object doesn't have a symbol table
--21380--    object doesn't have a dynamic symbol table
--21380-- Scheduler: using generic scheduler lock implementation.
--21380-- Reading suppressions file: /usr/lib/valgrind/default.supp
==21380== embedded gdbserver: reading from /tmp/vgdb-pipe-from-vgdb-to-21380-by-root-on-???
==21380== embedded gdbserver: writing to   /tmp/vgdb-pipe-to-vgdb-from-21380-by-root-on-???
==21380== embedded gdbserver: shared mem   /tmp/vgdb-pipe-shared-mem-vgdb-21380-by-root-on-???
==21380== 
==21380== TO CONTROL THIS PROCESS USING vgdb (which you probably
==21380== don't want to do, unless you know exactly what you're doing,
==21380== or are doing some strange experiment):
==21380==   /usr/lib/valgrind/../../bin/vgdb --pid=21380 ...command...
==21380== 
==21380== TO DEBUG THIS PROCESS USING GDB: start GDB like this
==21380==   /path/to/gdb /bin/ls
==21380== and then give GDB the following command
==21380==   target remote | /usr/lib/valgrind/../../bin/vgdb --pid=21380
==21380== --pid is optional if only one valgrind process is running
==21380== 
--21380-- REDIR: 0x401cdc0 (ld-linux-x86-64.so.2:strlen) redirected to 0x3809e181 (???)
--21380-- Reading syms from /usr/lib/valgrind/vgpreload_core-amd64-linux.so
--21380--   Considering /usr/lib/valgrind/vgpreload_core-amd64-linux.so ..
--21380--   .. CRC mismatch (computed a30c8eaa wanted 7ae2fed4)
--21380--    object doesn't have a symbol table
--21380-- Reading syms from /usr/lib/valgrind/vgpreload_memcheck-amd64-linux.so
--21380--   Considering /usr/lib/valgrind/vgpreload_memcheck-amd64-linux.so ..
--21380--   .. CRC mismatch (computed 402c2ab5 wanted 745f25ae)
--21380--    object doesn't have a symbol table
==21380== WARNING: new redirection conflicts with existing -- ignoring it
--21380--     old: 0x0401cdc0 (strlen              ) R-> (0000.0) 0x3809e181 ???
--21380--     new: 0x0401cdc0 (strlen              ) R-> (2007.0) 0x04c31020 strlen
--21380-- REDIR: 0x401b710 (ld-linux-x86-64.so.2:index) redirected to 0x4c30bc0 (index)
--21380-- REDIR: 0x401b930 (ld-linux-x86-64.so.2:strcmp) redirected to 0x4c320d0 (strcmp)
--21380-- REDIR: 0x401db20 (ld-linux-x86-64.so.2:mempcpy) redirected to 0x4c35270 (mempcpy)
--21380-- Reading syms from /lib/x86_64-linux-gnu/libselinux.so.1
--21380--    object doesn't have a symbol table
--21380-- Reading syms from /lib/x86_64-linux-gnu/libc-2.23.so
--21380--   Considering /lib/x86_64-linux-gnu/libc-2.23.so ..
--21380--   .. CRC mismatch (computed 2adb2e50 wanted 9b73f606)
--21380--   Considering /usr/lib/debug/lib/x86_64-linux-gnu/libc-2.23.so ..
--21380--   .. CRC is valid
--21380-- Reading syms from /lib/x86_64-linux-gnu/libpcre.so.3.13.2
--21380--   Considering /lib/x86_64-linux-gnu/libpcre.so.3.13.2 ..
--21380--   .. CRC mismatch (computed 276b70fd wanted 22183252)
--21380--    object doesn't have a symbol table
--21380-- Reading syms from /lib/x86_64-linux-gnu/libdl-2.23.so
--21380--   Considering /lib/x86_64-linux-gnu/libdl-2.23.so ..
--21380--   .. CRC mismatch (computed b7ff3c20 wanted 623a46c3)
--21380--   Considering /usr/lib/debug/lib/x86_64-linux-gnu/libdl-2.23.so ..
--21380--   .. CRC is valid
--21380-- Reading syms from /lib/x86_64-linux-gnu/libpthread-2.23.so
--21380--   Considering /usr/lib/debug/.build-id/b7/7847cc9cacbca3b5753d0d25a32e5795afe75b.debug ..
--21380--   .. build-id is valid
--21380-- REDIR: 0x50eafd0 (libc.so.6:strcasecmp) redirected to 0x4a286f0 (_vgnU_ifunc_wrapper)
--21380-- REDIR: 0x50e6850 (libc.so.6:strcspn) redirected to 0x4a286f0 (_vgnU_ifunc_wrapper)
--21380-- REDIR: 0x50ed2c0 (libc.so.6:strncasecmp) redirected to 0x4a286f0 (_vgnU_ifunc_wrapper)
--21380-- REDIR: 0x50e8cc0 (libc.so.6:strpbrk) redirected to 0x4a286f0 (_vgnU_ifunc_wrapper)
--21380-- REDIR: 0x50e9050 (libc.so.6:strspn) redirected to 0x4a286f0 (_vgnU_ifunc_wrapper)
--21380-- REDIR: 0x50ea71b (libc.so.6:memcpy@GLIBC_2.2.5) redirected to 0x4a286f0 (_vgnU_ifunc_wrapper)
--21380-- REDIR: 0x50e70f0 (libc.so.6:strncmp) redirected to 0x4a286f0 (_vgnU_ifunc_wrapper)
--21380-- REDIR: 0x50e5050 (libc.so.6:index) redirected to 0x4a286f0 (_vgnU_ifunc_wrapper)
--21380-- REDIR: 0x50ea780 (libc.so.6:memset) redirected to 0x4a286f0 (_vgnU_ifunc_wrapper)
--21380-- REDIR: 0x50ea180 (libc.so.6:bcmp) redirected to 0x4a286f0 (_vgnU_ifunc_wrapper)
--21380-- REDIR: 0x50e52a0 (libc.so.6:strcmp) redirected to 0x4a286f0 (_vgnU_ifunc_wrapper)
--21380-- REDIR: 0x5171950 (libc.so.6:__memcpy_chk) redirected to 0x4a286f0 (_vgnU_ifunc_wrapper)
--21380-- REDIR: 0x50ef9c0 (libc.so.6:memcpy@@GLIBC_2.14) redirected to 0x4a286f0 (_vgnU_ifunc_wrapper)
--21380-- REDIR: 0x50e89d0 (libc.so.6:rindex) redirected to 0x4c308a0 (rindex)
--21380-- REDIR: 0x50df550 (libc.so.6:malloc) redirected to 0x4c2db20 (malloc)
--21380-- REDIR: 0x50e9630 (libc.so.6:__GI_strstr) redirected to 0x4c354d0 (__strstr_sse2)
--21380-- REDIR: 0x50e9e30 (libc.so.6:memchr) redirected to 0x4c32170 (memchr)
--21380-- REDIR: 0x50efa40 (libc.so.6:__GI_memcpy) redirected to 0x4c32b00 (__GI_memcpy)
--21380-- REDIR: 0x50e9c00 (libc.so.6:strstr) redirected to 0x4a286f0 (_vgnU_ifunc_wrapper)
--21380-- REDIR: 0x5105640 (libc.so.6:__strstr_sse2_unaligned) redirected to 0x4c35460 (strstr)
--21380-- REDIR: 0x50dfa70 (libc.so.6:free) redirected to 0x4c2ed80 (free)
--21380-- REDIR: 0x50e52e0 (libc.so.6:__GI_strcmp) redirected to 0x4c31fe0 (__GI_strcmp)
--21380-- REDIR: 0x50e6cf0 (libc.so.6:strlen) redirected to 0x4c30f60 (strlen)
--21380-- REDIR: 0x50e7140 (libc.so.6:__GI_strncmp) redirected to 0x4c31710 (__GI_strncmp)
--21380-- REDIR: 0x50e5080 (libc.so.6:__GI_strchr) redirected to 0x4c30a00 (__GI_strchr)
--21380-- REDIR: 0x50f1d30 (libc.so.6:strchrnul) redirected to 0x4c34da0 (strchrnul)
--21380-- REDIR: 0x50ea980 (libc.so.6:__GI_mempcpy) redirected to 0x4c34fa0 (__GI_mempcpy)
--21380-- REDIR: 0x50fadf0 (libc.so.6:__memcpy_sse2_unaligned) redirected to 0x4c324a0 (memcpy@@GLIBC_2.14)
--21380--21379-- REDIR: 0x4ebda70 (libc.so.6:free) redirected to 0x4c2ed80 (free)
==21379== 
==21379== HEAP SUMMARY:
==21379==     in use at exit: 1,211 bytes in 34 blocks
==21379==   total heap usage: 36 allocs, 2 frees, 1,315 bytes allocated
==21379== 
==21379== Searching for pointers to 34 not-freed blocks
==21379== Checked 73,736 bytes
==21379== 
==21379== 9 bytes in 1 blocks are still reachable in loss record 1 of 7
==21379==    at 0x4C2DB8F: malloc (in /usr/lib/valgrind/vgpreload_memcheck-amd64-linux.so)
==21379==    by 0x11C178: ??? (in /bin/dash)
==21379==    by 0x11FB45: ??? (in /bin/dash)
==21379==    by 0x124137: ??? (in /bin/dash)
==21379==    by 0x124409: ??? (in /bin/dash)
==21379==    by 0x1169DB: ??? (in /bin/dash)
==21379==    by 0x4E5A82F: (below main) (libc-start.c:291)
==21379== 
==21379== 26 bytes in 1 blocks are still reachable in loss record 2 of 7
==21379==    at 0x4C2DB8F: malloc (in /usr/lib/valgrind/vgpreload_memcheck-amd64-linux.so)
==21379==    by 0x11C178: ??? (in /bin/dash)
==21379==    by 0x10E713: ??? (in /bin/dash)
==21379==    by 0x1186C9: ??? (in /bin/dash)
==21379==    by 0x1170D2: ??? (in /bin/dash)
==21379==    by 0x116BB4: ??? (in /bin/dash)
==21379==    by 0x117FDF: ??? (in /bin/dash)
==21379==    by 0x1117CD: ??? (in /bin/dash)
==21379==    by 0x4E5A82F: (below main) (libc-start.c:291)
==21379== 
==21379== 32 bytes in 1 blocks are still reachable in loss record 3 of 7
==21379==    at 0x4C2DB8F: malloc (in /usr/lib/valgrind/vgpreload_memcheck-amd64-linux.so)
==21379==    by 0x11C178: ??? (in /bin/dash)
==21379==    by 0x11FAB6: ??? (in /bin/dash)
==21379==    by 0x12443C: ??? (in /bin/dash)
==21379==    by 0x1169DB: ??? (in /bin/dash)
==21379==    by 0x4E5A82F: (below main) (libc-start.c:291)
==21379== 
==21379== 42 bytes in 1 blocks are still reachable in==21382== embedded gdbserver: reading from /tmp/vgdb-pipe-from-vgdb-to-21382-by-root-on-???
==21382== embedded gdbserver: writing to   /tmp/vgdb-pipe-to-vgdb-from-21382-by-root-on-???
==21382== embedded gdbserver: shared mem   /tmp/vgdb-pipe-shared-mem-vgdb-21382-by-root-on-???
==21382== 
==21382== TO CONTROL THIS PROCESS USING vgdb (which you probably
==21382== don't want to do, unless you know exactly what you're doing,
==21382== or are doing some strange experiment):
==21382==   /usr/lib/valgrind/../../bin/vgdb --pid=21382 ...command...
==21382== 
==21382== TO DEBUG THIS PROCESS USING GDB: start GDB like this
==21382==   /path/to/gdb ../syscall-sensor
==21382== and then give GDB the following command
==21382==   target remote | /usr/lib/valgrind/../../bin/vgdb --pid=21382
==21382== --pid is optional if only one valgrind process is running
==21382== 
==21383== embedded gdbserver: reading from /tmp/vgdb-pipe-from-vgdb-to-21383-by-root-on-???
==21383== embedded gdbserver: writing to   /tmp/vgdb-pipe-to-vgdb-from-21383-by-root-on-???
==21383== embedded gdbserver: shared mem   /tmp/vgdb-pipe-shared-mem-vgdb-21383-by-root-on-???
==21383== 
==21383== TO CONTROL THIS PROCESS USING vgdb (which you probably
==21383== don't want to do, unless you know exactly what you're doing,
==21383== or are doing some strange experiment):
==21383==   /usr/lib/valgrind/../../bin/vgdb --pid=21383 ...command...
==21383== 
==21383== TO DEBUG THIS PROCESS USING GDB: start GDB like this
==21383==   /path/to/gdb ../syscall-sensor
==21383== and then give GDB the following command
==21383==   target remote | /usr/lib/valgrind/../../bin/vgdb --pid=21383
==21383== --pid is optional if only one valgrind process is running
==21383== 
==21374== 
==21374== HEAP SUMMARY:
==21374==     in use at exit: 76,979 bytes in 15 blocks
==21374==   total heap usage: 111 allocs, 96 frees, 170,832 bytes allocated
==21374== 
==21374== Searching for pointers to 15 not-freed blocks
==21374== Checked 136,536 bytes
==21374== 
==21374== 32 bytes in 1 blocks are still reachable in loss record 1 of 14
==21374==    at 0x4C2E0EF: operator new(unsigned long) (in /usr/lib/valgrind/vgpreload_memcheck-amd64-linux.so)
==21374==    by 0x43526D: __gnu_cxx::new_allocator<std::__cxx11::basic_string<char, std::char_traits<char>, std::allocator<char> > >::allocate(unsigned long, void const*) (new_allocator.h:104)
==21374==    by 0x434F3D: std::allocator_traits<std::allocator<std::__cxx11::basic_string<char, std::char_traits<char>, std::allocator<char> > > >::allocate(std::allocator<std::__cxx11::basic_string<char, std::char_traits<char>, std::allocator<char> > >&, unsigned long) (alloc_traits.h:491)
==21374==    by 0x434859: std::_Vector_base<std::__cxx11::basic_string<char, std::char_traits<char>, std::allocator<char> >, std::allocator<std::__cxx11::basic_string<char, std::char_traits<char>, std::allocator<char> > > >::_M_allocate(unsigned long) (stl_vector.h:170)
==21374==    by 0x4340CB: void std::vector<std::__cxx11::basic_string<char, std::char_traits<char>, std::allocator<char> >, std::allocator<std::__cxx11::basic_string<char, std::char_traits<char>, std::allocator<char> > > >::_M_emplace_back_aux<std::__cxx11::basic_string<char, std::char_traits<char>, std::allocator<char> > const&>(std::__cxx11::basic_string<char, std::char_traits<char>, std::allocator<char> > const&) (vector.tcc:412)
==21374==    by 0x433B94: std::vector<std::__cxx11::basic_string<char, std::char_traits<char>, std::allocator<char> >, std::allocator<std::__cxx11::basic_string<char, std::char_traits<char>, std::allocator<char> > > >::push_back(std::__cxx11::basic_string<char, std::char_traits<char>, std::allocator<char> > const&) (stl_vector.h:923)
==21374==    by 0x42A16F: Command_Line_Parser::Command_Line_Parser(int, char**) (command_line_parser.cpp:30)
==21374==    by 0x43726F: main (launcher.cpp:39)
==21374== 
==21374== 32 bytes in 1 blocks are still reachable in loss record 2 of 14
==21374==    at 0x4C2E0EF: operator new(unsigned long) (in /usr/lib/valgrind/vgpreload_memcheck-amd64-linux.so)
==21374==    by 0x43526D: __gnu_cxx::new_allocator<std::__cxx11::basic_string<char, std::char_traits<char>, std::allocator<char> > >::allocate(unsigned long, void const*) (new_allocator.h:104)
==21374==    by 0x434F3D: std::allocator_traits<std::allocator<std::__cxx11::basic_string<char, std::char_traits<char>, std::allocator<char> > > >::allocate(std::allocator<std::__cxx11::basic_string<char, std::char_traits<char>, std::allocator<char> > >&, unsigned long) (alloc_traits.h:491)
==21374==    by 0x434859: std::_Vector_base<std::__cxx11::basic_string<char, std::char_traits<char>, std::allocator<char> >, std::allocator<std::__cxx11::basic_string<char, std::char_traits<char>, std::allocator<char> > > >::_M_allocate(unsigned long) (stl_vector.h:170)
==21374==    by 0x439E22: std::_Vector_base<std::__cxx11::basic_string<char, std::char_traits<char>, std::allocator<char> >, std::allocator<std::__cxx11::basic_string<char, std::char_traits<char>, std::allocator<char> > > >::_M_create_storage(unsigned long) (stl_vector.h:185)
==21374==    by 0x439CDA: std::_Vector_base<std::__cxx11::basic_string<char, std::char_traits<char>, std::allocator<char> >, std::allocator<std::__cxx11::basic_string<char, std::char_traits<char>, std::allocator<char> > > >::_Vector_base(unsigned long, std::allocator<std::__cxx11::basic_string<char, std::char_traits<char>, std::allocator<char> > > const&) (stl_vector.h:136)
==21374==    by 0x439B53: std::vector<std::__cxx11::basic_string<char, std::char_traits<char>, std::allocator<char> >, std::allocator<std::__cxx11::basic_string<char, std::char_traits<char>, std::allocator<char> > > >::vector(std::vector<std::__cxx11::basic_string<char, std::char_traits<char>, std::allocator<char> >, std::allocator<std::__cxx11::basic_string<char, std::char_traits<char>, std::allocator<char> > > > const&) (stl_vector.h:320)
==21374==    by 0x4399E9: Command_Line_Parser::Command_Line_Parser(Command_Line_Parser const&) (in /home/alex/drexel/research/heimdall/syscall-sensor)
==21374==    by 0x437433: main (launcher.cpp:49)
==21374== 
==21374== 64 bytes in 1 blocks are still reachable in loss record 3 of 14
==21374==    at 0x4C2E0EF: operator new(unsigned long) (in /usr/lib/valgrind/vgpreload_memcheck-amd64-linux.so)
==21374==    by 0x43526D: __gnu_cxx::new_allocator<std::__cxx11::basic_string<char, std::char_traits<char>, std::allocator<char> > >::allocate(unsigned long, void const*) (new_allocator.h:104)
==21374==    by 0x434F3D: std::allocator_traits<std::allocator<std::__cxx11::basic_string<char, std::char_traits<char>, std::allocator<char> > > >::allocate(std::allocator<std::__cxx11::basic_string<char, std::char_traits<char>, std::allocator<char> > >&, unsigned long) (alloc_traits.h:491)
==21374==    by 0x434859: std::_Vector_base<std::__cxx11::basic_string<char, std::char_traits<char>, std::allocator<char> >, std::allocator<std::__cxx11::basic_string<char, std::char_traits<char>, std::allocator<char> > > >::_M_allocate(unsigned long) (stl_vector.h:170)
==21374==    by 0x433F9B: void std::vector<std::__cxx11::basic_string<char, std::char_traits<char>, std::allocator<char> >, std::allocator<std::__cxx11::basic_string<char, std::char_traits<char>, std::allocator<char> > > >::_M_range_initialize<std::__cxx11::basic_string<char, std::char_traits<char>, std::allocator<char> > const*>(std::__cxx11::basic_string<char, std::char_traits<char>, std::allocator<char> > const*, std::__cxx11::basic_string<char, std::char_traits<char>, std::allocator<char> > const*, std::forward_iterator_tag) (stl_vector.h:1287)
==21374==    by 0x433A67: std::vector<std::__cxx11::basic_string<char, std::char_traits<char>, std::allocator<char> >, std::allocator<std::__cxx11::basic_string<char, std::char_traits<char>, std::allocator<char> > > >::vector(std::initializer_list<std::__cxx11::basic_string<char, std::char_traits<char>, std::allocator<char> > >, std::allocator<std::__cxx11::basic_string<char, std::char_traits<char>, std::allocator<char> > > const&) (stl_vector.h:377)
==21374==    by 0x43B25C: Linux_Syscall_Reader::Linux_Syscall_Reader(unsigned char) (linux_syscall_reader.cpp:220)
==21374==    by 0x439FFE: Linux_Syscall_Reader::get_instance() (linux_syscall_reader.cpp:22)
==21374==    by 0x43A03B: Linux_Syscall_Reader::get_instance(unsigned char) (linux_syscall_reader.cpp:30)
==21374==    by 0x43C70E: Reader_Factory::create_reader() (reader_factory.cpp:27)
==21374==    by 0x43DC0A: Syscall_Sensor::Syscall_Sensor(unsigned char) (syscall_sensor.cpp:269)
==21374==    by 0x43CF6E: Syscall_Sensor::get_instance() (syscall_sensor.cpp:40)
==21374== 
==21374== 96 bytes in 1 blocks are still reachable in loss record 4 of 14
==21374==    at 0x4C2E0EF: operator new(unsigned long) (in /usr/lib/valgrind/vgpreload_memcheck-amd64-linux.so)
==21374==    by 0x43526D: __gnu_cxx::new_allocator<std::__cxx11::basic_string<char, std::char_traits<char>, std::allocator<char> > >::allocate(unsigned long, void const*) (new_allocator.h:104)
==21374==    by 0x434F3D: std::allocator_traits<std::allocator<std::__cxx11::basic_string<char, std::char_traits<char>, std::allocator<char> > > >::allocate(std::allocator<std::__cxx11::basic_string<char, std::char_traits<char>, std::allocator<char> > >&, unsigned long) (alloc_traits.h:491)
==21374==    by 0x434859: std::_Vector_base<std::__cxx11::basic_string<char, std::char_traits<char>, std::allocator<char> >, std::allocator<std::__cxx11::basic_string<char, std::char_traits<char>, std::allocator<char> > > >::_M_allocate(unsigned long) (stl_vector.h:170)
==21374==    by 0x433F9B: void std::vector<std::__cxx11::basic_string<char, std::char_traits<char>, std::allocator<char> >, std::allocator<std::__cxx11::basic_string<char, std::char_traits<char>, std::allocator<char> > > >::_M_range_initialize<std::__cxx11::basic_string<char, std::char_traits<char>, std::allocator<char> > const*>(std::__cxx11::basic_string<char, std::char_traits<char>, std::allocator<char> > const*, std::__cxx11::basic_string<char, std::char_traits<char>, std::allocator<char> > const*, std::forward_iterator_tag) (stl_vector.h:1287)
==21374==    by 0x433A67: std::vector<std::__cxx11::basic_string<char, std::char_traits<char>, std::allocator<char> >, std::allocator<std::__cxx11::basic_string<char, std::char_traits<char>, std::allocator<char> > > >::vector(std::initializer_list<std::__cxx11::basic_string<char, std::char_traits<char>, std::allocator<char> > >, std::allocator<std::__cxx11::basic_string<char, std::char_traits<char>, std::allocator<char> > > const&) (stl_vector.h:377)
==21374==    by 0x429ED4: Command_Line_Parser::Command_Line_Parser(int, char**) (command_line_parser.cpp:14)
==21374==    by 0x43726F: main (launcher.cpp:39)
==21374== 
==21374== 96 bytes in 1 blocks are still reachable in loss record 5 of 14
==21374==    at 0x4C2E0EF: operator new(unsigned long) (in /usr/lib/valgrind/vgpreload_memcheck-amd64-linux.so)
==21374==    by 0x43526D: __gnu_cxx::new_allocator<std::__cxx11::basic_string<char, std::char_traits<char>, std::allocator<char> > >::allocate(unsigned long, void const*) (new_allocator.h:104)
==21374==    by 0x434F3D: std::allocator_traits<std::allocator<std::__cxx11::basic_string<char, std::char_traits<char>, std::allocator<char> > > >::allocate(std::allocator<std::__cxx11::basic_string<char, std::char_traits<char>, std::allocator<char> > >&, unsigned long) (alloc_traits.h:491)
==21374==    by 0x434859: std::_Vector_base<std::__cxx11::basic_string<char, std::char_traits<char>, std::allocator<char> >, std::allocator<std::__cxx11::basic_string<char, std::char_traits<char>, std::allocator<char> > > >::_M_allocate(unsigned long) (stl_vector.h:170)
==21374==    by 0x433F9B: void std::vector<std::__cxx11::basic_string<char, std::char_traits<char>, std::allocator<char> >, std::allocator<std::__cxx11::basic_string<char, std::char_traits<char>, std::allocator<char> > > >::_M_range_initialize<std::__cxx11::basic_string<char, std::char_traits<char>, std::allocator<char> > const*>(std::__cxx11::basic_string<char, std::char_traits<char>, std::allocator<char> > const*, std::__cxx11::basic_string<char, std::char_traits<char>, std::allocator<char> > const*, std::forward_iterator_tag) (stl_vector.h:1287)
==21374==    by 0x433A67: std::vector<std::__cxx11::basic_string<char, std::char_traits<char>, std::allocator<char> >, std::allocator<std::__cxx11::basic_string<char, std::char_traits<char>, std::allocator<char> > > >::vector(std::initializer_list<std::__cxx11::basic_string<char, std::char_traits<char>, std::allocator<char> > >, std::allocator<std::__cxx11::basic_string<char, std::char_traits<char>, std::allocator<char> > > const&) (stl_vector.h:377)
==21374==    by 0x42A00C: Command_Line_Parser::Command_Line_Parser(int, char**) (command_line_parser.cpp:14)
==21374==    by 0x43726F: main (launcher.cpp:39)
==21374== 
==21374== 96 bytes in 1 blocks are still reachable in loss record 6 of 14
==21374==    at 0x4C2E0EF: operator new(unsigned long) (in /usr/lib/valgrind/vgpreload_memcheck-amd64-linux.so)
==21374==    by 0x43526D: __gnu_cxx::new_allocator<std::__cxx11::basic_string<char, std::char_traits<char>, std::allocator<char> > >::allocate(unsigned long, void const*) (new_allocator.h:104)
==21374==    by 0x434F3D: std::allocator_traits<std::allocator<std::__cxx11::basic_string<char, std::char_traits<char>, std::allocator<char> > > >::allocate(std::allocator<std::__cxx11::basic_string<char, std::char_traits<char>, std::allocator<char> > >&, unsigned long) (alloc_traits.h:491)
==21374==    by 0x434859: std::_Vector_base<std::__cxx11::basic_string<char, std::char_traits<char>, std::allocator<char> >, std::allocator<std::__cxx11::basic_string<char, std::char_traits<char>, std::allocator<char> > > >::_M_allocate(unsigned long) (stl_vector.h:170)
==21374==    by 0x439E22: std::_Vector_base<std::__cxx11::basic_string<char, std::char_traits<char>, std::allocator<char> >, std::allocator<std::__cxx11::basic_string<char, std::char_traits<char>, std::allocator<char> > > >::_M_create_storage(unsigned long) (stl_vector.h:185)
==21374==    by 0x439CDA: std::_Vector_base<std::__cxx11::basic_string<char, std::char_traits<char>, std::allocator<char> >, std::allocator<std::__cxx11::basic_string<char, std::char_traits<char>, std::allocator<char> > > >::_Vector_base(unsigned long, std::allocator<std::__cxx11::basic_string<char, std::char_traits<char>, std::allocator<char> > > const&) (stl_vector.h:136)
==21374==    by 0x439B53: std::vector<std::__cxx11::basic_string<char, std::char_traits<char>, std::allocator<char> >, std::allocator<std::__cxx11::basic_string<char, std::char_traits<char>, std::allocator<char> > > >::vector(std::vector<std::__cxx11::basic_string<char, std::char_traits<char>, std::allocator<char> >, std::allocator<std::__cxx11::basic_string<char, std::char_traits<char>, std::allocator<char> > > > const&) (stl_vector.h:320)
==21374==    by 0x439A3A: Command_Line_Parser::Command_Line_Parser(Command_Line_Parser const&) (in /home/alex/drexel/research/heimdall/syscall-sensor)
==21374==    by 0x437433: main (launcher.cpp:49)
==21374== 
==21374== 96 bytes in 1 blocks are still reachable in loss record 7 of 14
==21374==    at 0x4C2E0EF: operator new(unsigned long) (in /usr/lib/valgrind/vgpreload_memcheck-amd64-linux.so)
==21374==    by 0x43526D: __gnu_cxx::new_allocator<std::__cxx11::basic_string<char, std::char_traits<char>, std::allocator<char> > >::allocate(unsigned long, void const*) (new_allocator.h:104)
==21374==    by 0x434F3D: std::allocator_traits<std::allocator<std::__cxx11::basic_string<char, std::char_traits<char>, std::allocator<char> > > >::allocate(std::allocator<std::__cxx11::basic_string<char, std::char_traits<char>, std::allocator<char> > >&, unsigned long) (alloc_traits.h:491)
==21374==    by 0x434859: std::_Vector_base<std::__cxx11::basic_string<char, std::char_traits<char>, std::allocator<char> >, std::allocator<std::__cxx11::basic_string<char, std::char_traits<char>, std::allocator<char> > > >::_M_allocate(unsigned long) (stl_vector.h:170)
==21374==    by 0x439E22: std::_Vector_base<std::__cxx11::basic_string<char, std::char_traits<char>, std::allocator<char> >, std::allocator<std::__cxx11::basic_string<char, std::char_traits<char>, std::allocator<char> > > >::_M_create_storage(unsigned long) (stl_vector.h:185)
==21374==    by 0x439CDA: std::_Vector_base<std::__cxx11::basic_string<char, std::char_traits<char>, std::allocator<char> >, std::allocator<std::__cxx11::basic_string<char, std::char_traits<char>, std::allocator<char> > > >::_Vector_base(unsigned long, std::allocator<std::__cxx11::basic_string<char, std::char_traits<char>, std::allocator<char> > > const&) (stl_vector.h:136)
==21374==    by 0x439B53: std::vector<std::__cxx11::basic_string<char, std::char_traits<char>, std::allocator<char> >, std::allocator<std::__cxx11::basic_string<char, std::char_traits<char>, std::allocator<char> > > >::vector(std::vector<std::__cxx11::basic_string<char, std::char_traits<char>, std::allocator<char> >, std::allocator<std::__cxx11::basic_string<char, std::char_traits<char>, std::allocator<char> > > > const&) (stl_vector.h:320)
==21374==    by 0x439A55: Command_Line_Parser::Command_Line_Parser(Command_Line_Parser const&) (in /home/alex/drexel/research/heimdall/syscall-sensor)
==21374==    by 0x437433: main (launcher.cpp:49)
==21374== 
==21374== 125 bytes in 2 blocks are still reachable in loss record 8 of 14
==21374==    at 0x4C2E0EF: operator new(unsigned long) (in /usr/lib/valgrind/vgpreload_memcheck-amd64-linux.so)
==21374==    by 0x436AD8: void std::__cxx11::basic_string<char, std::char_traits<char>, std::allocator<char> >::_M_construct<char*>(char*, char*, std::forward_iterator_tag) (basic_string.tcc:223)
==21374==    by 0x51789CE: std::__cxx11::basic_string<char, std::char_traits<char>, std::allocator<char> >::basic_string(std::__cxx11::basic_string<char, std::char_traits<char>, std::allocator<char> > const&) (in /usr/lib/x86_64-linux-gnu/libstdc++.so.6.0.21)
==21374==    by 0x43551D: void std::_Construct<std::__cxx11::basic_string<char, std::char_traits<char>, std::allocator<char> >, std::__cxx11::basic_string<char, std::char_traits<char>, std::allocator<char> > const&>(std::__cxx11::basic_string<char, std::char_traits<char>, std::allocator<char> >*, std::__cxx11::basic_string<char, std::char_traits<char>, std::allocator<char> > const&) (in /home/alex/drexel/research/heimdall/syscall-sensor)
==21374==    by 0x4352B4: std::__cxx11::basic_string<char, std::char_traits<char>, std::allocator<char> >* std::__uninitialized_copy<false>::__uninit_copy<std::__cxx11::basic_string<char, std::char_traits<char>, std::allocator<char> > const*, std::__cxx11::basic_string<char, std::char_traits<char>, std::allocator<char> >*>(std::__cxx11::basic_string<char, std::char_traits<char>, std::allocator<char> > const*, std::__cxx11::basic_string<char, std::char_traits<char>, std::allocator<char> > const*, std::__cxx11::basic_string<char, std::char_traits<char>, std::allocator<char> >*) (stl_uninitialized.h:75)
==21374==    by 0x434F6E: std::__cxx11::basic_string<char, std::char_traits<char>, std::allocator<char> >* std::uninitialized_copy<std::__cxx11::basic_string<char, std::char_traits<char>, std::allocator<char> > const*, std::__cxx11::basic_string<char, std::char_traits<char>, std::allocator<char> >*>(std::__cxx11::basic_string<char, std::char_traits<char>, std::allocator<char> > const*, std::__cxx11::basic_string<char, std::char_traits<char>, std::allocator<char> > const*, std::__cxx11::basic_string<char, std::char_traits<char>, std::allocator<char> >*) (stl_uninitialized.h:126)
==21374==    by 0x434891: std::__cxx11::basic_string<char, std::char_traits<char>, std::allocator<char> >* std::__uninitialized_copy_a<std::__cxx11::basic_string<char, std::char_traits<char>, std::allocator<char> > const*, std::__cxx11::basic_string<char, std::char_traits<char>, std::allocator<char> >*, std::__cxx11::basic_string<char, std::char_traits<char>, std::allocator<char> > >(std::__cxx11::basic_string<char, std::char_traits<char>, std::allocator<char> > const*, std::__cxx11::basic_string<char, std::char_traits<char>, std::allocator<char> > const*, std::__cxx11::basic_string<char, std::char_traits<char>, std::allocator<char> >*, std::allocator<std::__cxx11::basic_string<char, std::char_traits<char>, std::allocator<char> > >&) (stl_uninitialized.h:281)
==21374==    by 0x433FE5: void std::vector<std::__cxx11::basic_string<char, std::char_traits<char>, std::allocator<char> >, std::allocator<std::__cxx11::basic_string<char, std::char_traits<char>, std::allocator<char> > > >::_M_range_initialize<std::__cxx11::basic_string<char, std::char_traits<char>, std::allocator<char> > const*>(std::__cxx11::basic_string<char, std::char_traits<char>, std::allocator<char> > const*, std::__cxx11::basic_string<char, std::char_traits<char>, std::allocator<char> > const*, std::forward_iterator_tag) (stl_vector.h:1290)
==21374==    by 0x433A67: std::vector<std::__cxx11::basic_string<char, std::char_traits<char>, std::allocator<char> >, std::allocator<std::__cxx11::basic_string<char, std::char_traits<char>, std::allocator<char> > > >::vector(std::initializer_list<std::__cxx11::basic_string<char, std::char_traits<char>, std::allocator<char> > >, std::allocator<std::__cxx11::basic_string<char, std::char_traits<char>, std::allocator<char> > > const&) (stl_vector.h:377)
==21374==    by 0x43B25C: Linux_Syscall_Reader::Linux_Syscall_Reader(unsigned char) (linux_syscall_reader.cpp:220)
==21374==    by 0x439FFE: Linux_Syscall_Reader::get_instance() (linux_syscall_reader.cpp:22)
==21374==    by 0x43A03B: Linux_Syscall_Reader::get_instance(unsigned char) (linux_syscall_reader.cpp:30)
==21374== 
==21374== 184 bytes in 1 blocks are still reachable in loss record 9 of 14
==21374==    at 0x4C2E0EF: operator new(unsigned long) (in /usr/lib/valgrind/vgpreload_memcheck-amd64-linux.so)
==21374==    by 0x43CF5E: Syscall_Sensor::get_instance() (syscall_sensor.cpp:40)
==21374==    by 0x436C4A: Sensor_Manager::Sensor_Manager(unsigned char, std::__cxx11::basic_string<char, std::char_traits<char>, std::allocator<char> >, std::__cxx11::basic_string<char, std::char_traits<char>, std::allocator<char> >, std::__cxx11::basic_string<char, std::char_traits<char>, std::allocator<char> >) (sensor_manager.cpp:16)
==21374==    by 0x4388ED: start(Command_Line_Parser) (launcher.cpp:296)
==21374==    by 0x437442: main (launcher.cpp:49)
==21374== 
==21374== 288 bytes in 1 blocks are still reachable in loss record 10 of 14
==21374==    at 0x4C2E0EF: operator new(unsigned long) (in /usr/lib/valgrind/vgpreload_memcheck-amd64-linux.so)
==21374==    by 0x43526D: __gnu_cxx::new_allocator<std::__cxx11::basic_string<char, std::char_traits<char>, std::allocator<char> > >::allocate(unsigned long, void const*) (new_allocator.h:104)
==21374==    by 0x434F3D: std::allocator_traits<std::allocator<std::__cxx11::basic_string<char, std::char_traits<char>, std::allocator<char> > > >::allocate(std::allocator<std::__cxx11::basic_string<char, std::char_traits<char>, std::allocator<char> > >&, unsigned long) (alloc_traits.h:491)
==21374==    by 0x434859: std::_Vector_base<std::__cxx11::basic_string<char, std::char_traits<char>, std::allocator<char> >, std::allocator<std::__cxx11::basic_string<char, std::char_traits<char>, std::allocator<char> > > >::_M_allocate(unsigned long) (stl_vector.h:170)
==21374==    by 0x433F9B: void std::vector<std::__cxx11::basic_string<char, std::char_traits<char>, std::allocator<char> >, std::allocator<std::__cxx11::basic_string<char, std::char_traits<char>, std::allocator<char> > > >::_M_range_initialize<std::__cxx11::basic_string<char, std::char_traits<char>, std::allocator<char> > const*>(std::__cxx11::basic_string<char, std::char_traits<char>, std::allocator<char> > const*, std::__cxx11::basic_string<char, std::char_traits<char>, std::allocator<char> > const*, std::forward_iterator_tag) (stl_vector.h:1287)
==21374==    by 0x433A67: std::vector<std::__cxx11::basic_string<char, std::char_traits<char>, std::allocator<char> >, std::allocator<std::__cxx11::basic_string<char, std::char_traits<char>, std::allocator<char> > > >::vector(std::initializer_list<std::__cxx11::basic_string<char, std::char_traits<char>, std::allocator<char> > >, std::allocator<std::__cxx11::basic_string<char, std::char_traits<char>, std::allocator<char> > > const&) (stl_vector.h:377)
==21374==    by 0x429D3F: Command_Line_Parser::Command_Line_Parser(int, char**) (command_line_parser.cpp:14)
==21374==    by 0x43726F: main (launcher.cpp:39)
==21374== 
==21374== 288 bytes in 1 blocks are still reachable in loss record 11 of 14
==21374==    at 0x4C2E0EF: operator new(unsigned long) (in /usr/lib/valgrind/vgpreload_memcheck-amd64-linux.so)
==21374==    by 0x43526D: __gnu_cxx::new_allocator<std::__cxx11::basic_string<char, std::char_traits<char>, std::allocator<char> > >::allocate(unsigned long, void const*) (new_allocator.h:104)
==21374==    by 0x434F3D: std::allocator_traits<std::allocator<std::__cxx11::basic_string<char, std::char_traits<char>, std::allocator<char> > > >::allocate(std::allocator<std::__cxx11::basic_string<char, std::char_traits<char>, std::allocator<char> > >&, unsigned long) (alloc_traits.h:491)
==21374==    by 0x434859: std::_Vector_base<std::__cxx11::basic_string<char, std::char_traits<char>, std::allocator<char> >, std::allocator<std::__cxx11::basic_string<char, std::char_traits<char>, std::allocator<char> > > >::_M_allocate(unsigned long) (stl_vector.h:170)
==21374==    by 0x439E22: std::_Vector_base<std::__cxx11::basic_string<char, std::char_traits<char>, std::allocator<char> >, std::allocator<std::__cxx11::basic_string<char, std::char_traits<char>, std::allocator<char> > > >::_M_create_storage(unsigned long) (stl_vector.h:185)
==21374==    by 0x439CDA: std::_Vector_base<std::__cxx11::basic_string<char, std::char_traits<char>, std::allocator<char> >, std::allocator<std::__cxx11::basic_string<char, std::char_traits<char>, std::allocator<char> > > >::_Vector_base(unsigned long, std::allocator<std::__cxx11::basic_string<char, std::char_traits<char>, std::allocator<char> > > const&) (stl_vector.h:136)
==21374==    by 0x439B53: std::vector<std::__cxx11::basic_string<char, std::char_traits<char>, std::allocator<char> >, std::allocator<std::__cxx11::basic_string<char, std::char_traits<char>, std::allocator<char> > > >::vector(std::vector<std::__cxx11::basic_string<char, std::char_traits<char>, std::allocator<char> >, std::allocator<std::__cxx11::basic_string<char, std::char_traits<char>, std::allocator<char> > > > const&) (stl_vector.h:320)
==21374==    by 0x439A1F: Command_Line_Parser::Command_Line_Parser(Command_Line_Parser const&) (in /home/alex/drexel/research/heimdall/syscall-sensor)
==21374==    by 0x437433: main (launcher.cpp:49)
==21374== 
==21374== 656 bytes in 1 blocks are still reachable in loss record 12 of 14
==21374==    at 0x4C2E0EF: operator new(unsigned long) (in /usr/lib/valgrind/vgpreload_memcheck-amd64-linux.so)
==21374==    by 0x439FEE: Linux_Syscall_Reader::get_instance() (linux_syscall_reader.cpp:22)
==21374==    by 0x43A03B: Linux_Syscall_Reader::get_instance(unsigned char) (linux_syscall_reader.cpp:30)
==21374==    by 0x43C70E: Reader_Factory::create_reader() (reader_factory.cpp:27)
==21374==    by 0x43DC0A: Syscall_Sensor::Syscall_Sensor(unsigned char) (syscall_sensor.cpp:269)
==21374==    by 0x43CF6E: Syscall_Sensor::get_instance() (syscall_sensor.cpp:40)
==21374==    by 0x436C4A: Sensor_Manager::Sensor_Manager(unsigned char, std::__cxx11::basic_string<char, std::char_traits<char>, std::allocator<char> >, std::__cxx11::basic_string<char, std::char_traits<char>, std::allocator<char> >, std::__cxx11::basic_string<char, std::char_traits<char>, std::allocator<char> >) (sensor_manager.cpp:16)
==21374==    by 0x4388ED: start(Command_Line_Parser) (launcher.cpp:296)
==21374==    by 0x437442: main (launcher.cpp:49)
==21374== 
==21374== 2,222 bytes in 1 blocks are still reachable in loss record 13 of 14
==21374==    at 0x4C2DB8F: malloc (in /usr/lib/valgrind/vgpreload_memcheck-amd64-linux.so)
==21374==    by 0x43F9C3: moodycamel::ReaderWriterQueue<Sensor_Data, 512ul>::make_block(unsigned long) (readerwriterqueue.h:625)
==21374==    by 0x43EF79: moodycamel::ReaderWriterQueue<Sensor_Data, 512ul>::ReaderWriterQueue(unsigned long) (readerwriterqueue.h:127)
==21374==    by 0x43EBD9: Sensor::Sensor() (sensor.h:29)
==21374==    by 0x43DBE0: Syscall_Sensor::Syscall_Sensor(unsigned char) (syscall_sensor.cpp:265)
==21374==    by 0x43CF6E: Syscall_Sensor::get_instance() (syscall_sensor.cpp:40)
==21374==    by 0x436C4A: Sensor_Manager::Sensor_Manager(unsigned char, std::__cxx11::basic_string<char, std::char_traits<char>, std::allocator<char> >, std::__cxx11::basic_string<char, std::char_traits<char>, std::allocator<char> >, std::__cxx11::basic_string<char, std::char_traits<char>, std::allocator<char> >) (sensor_manager.cpp:16)
==21374==    by 0x4388ED: start(Command_Line_Parser) (launcher.cpp:296)
==21374==    by 0x437442: main (launcher.cpp:49)
==21374== 
==21374== 72,704 bytes in 1 blocks are still reachable in loss record 14 of 14
==21374==    at 0x4C2DB8F: malloc (in /usr/lib/valgrind/vgpreload_memcheck-amd64-linux.so)
==21374==    by 0x50E0EFF: ??? (in /usr/lib/x86_64-linux-gnu/libstdc++.so.6.0.21)
==21374==    by 0x40104E9: call_init.part.0 (dl-init.c:72)
==21374==    by 0x40105FA: call_init (dl-init.c:30)
==21374==    by 0x40105FA: _dl_init (dl-init.c:120)
==21374==    by 0x4000CF9: ??? (in /lib/x86_64-linux-gnu/ld-2.23.so)
==21374==    by 0x1: ???
==21374==    by 0xFFF000752: ???
==21374==    by 0xFFF000764: ???
==21374== 
==21374== LEAK SUMMARY:
==21374==    definitely lost: 0 bytes in 0 blocks
==21374==    indirectly lost: 0 bytes in 0 blocks
==21374==      possibly lost: 0 bytes in 0 blocks
==21374==    still reachable: 76,979 bytes in 15 blocks
==21374==         suppressed: 0 bytes in 0 blocks
==21374== 
==21374== ERROR SUMMARY: 0 errors from 0 contexts (suppressed: 0 from 0)
==21374== ERROR SUMMARY: 0 errors from 0 contexts (suppressed: 0 from 0)
==21387== embedded gdbserver: reading from /tmp/vgdb-pipe-from-vgdb-to-21387-by-root-on-???
==21387== embedded gdbserver: writing to   /tmp/vgdb-pipe-to-vgdb-from-21387-by-root-on-???
==21387== embedded gdbserver: shared mem   /tmp/vgdb-pipe-shared-mem-vgdb-21387-by-root-on-???
==21387== 
==21387== TO CONTROL THIS PROCESS USING vgdb (which you probably
==21387== don't want to do, unless you know exactly what you're doing,
==21387== or are doing some strange experiment):
==21387==   /usr/lib/valgrind/../../bin/vgdb --pid=21387 ...command...
==21387== 
==21387== TO DEBUG THIS PROCESS USING GDB: start GDB like this
==21387==   /path/to/gdb ../syscall-sensor
==21387== and then give GDB the following command
==21387==   target remote | /usr/lib/valgrind/../../bin/vgdb --pid=21387
==21387== --pid is optional if only one valgrind process is running
==21387== 
==21388== embedded gdbserver: reading from /tmp/vgdb-pipe-from-vgdb-to-21388-by-root-on-???
==21388== embedded gdbserver: writing to   /tmp/vgdb-pipe-to-vgdb-from-21388-by-root-on-???
==21388== embedded gdbserver: shared mem   /tmp/vgdb-pipe-shared-mem-vgdb-21388-by-root-on-???
==21388== 
==21388== TO CONTROL THIS PROCESS USING vgdb (which you probably
==21388== don't want to do, unless you know exactly what you're doing,
==21388== or are doing some strange experiment):
==21388==   /usr/lib/valgrind/../../bin/vgdb --pid=21388 ...command...
==21388== 
==21388== TO DEBUG THIS PROCESS USING GDB: start GDB like this
==21388==   /path/to/gdb ../syscall-sensor
==21388== and then give GDB the following command
==21388==   target remote | /usr/lib/valgrind/../../bin/vgdb --pid=21388
==21388== --pid is optional if only one valgrind process is running
==21388== 
--21382-- REDIR: 0x5985e30 (libc.so.6:memchr) redirected to 0x4c32170 (memchr)
--21382-- REDIR: 0x5986780 (libc.so.6:memset) redirected to 0x4a286f0 (_vgnU_ifunc_wrapper)
--21382-- REDIR: 0x5986810 (libc.so.6:__GI_memset) redirected to 0x4c344c0 (memset)
==21382== 
==21382== HEAP SUMMARY:
==21382==     in use at exit: 72,704 bytes in 1 blocks
==21382==   total heap usage: 568,140 allocs, 568,139 frees, 30,755,070 bytes allocated
==21382== 
==21382== Searching for pointers to 1 not-freed blocks
==21382== Checked 134,208 bytes
==21382== 
==21382== 72,704 bytes in 1 blocks are still reachable in loss record 1 of 1
==21382==    at 0x4C2DB8F: malloc (in /usr/lib/valgrind/vgpreload_memcheck-amd64-linux.so)
==21382==    by 0x50E0EFF: ??? (in /usr/lib/x86_64-linux-gnu/libstdc++.so.6.0.21)
==21382==    by 0x40104E9: call_init.part.0 (dl-init.c:72)
==21382==    by 0x40105FA: call_init (dl-init.c:30)
==21382==    by 0x40105FA: _dl_init (dl-init.c:120)
==21382==    by 0x4000CF9: ??? (in /lib/x86_64-linux-gnu/ld-2.23.so)
==21382==    by 0x1: ???
==21382==    by 0xFFF000752: ???
==21382==    by 0xFFF000764: ???
==21382== 
==21382== LEAK SUMMARY:
==21382==    definitely lost: 0 bytes in 0 blocks
==21382==    indirectly lost: 0 bytes in 0 blocks
==21382==      possibly lost: 0 bytes in 0 blocks
==21382==    still reachable: 72,704 bytes in 1 blocks
==21382==         suppressed: 0 bytes in 0 blocks
==21382== 
==21382== ERROR SUMMARY: 0 errors from 0 contexts (suppressed: 0 from 0)
==21382== ERROR SUMMARY: 0 errors from 0 contexts (suppressed: 0 from 0)
