==18013== Memcheck, a memory error detector
==18013== Copyright (C) 2002-2015, and GNU GPL'd, by Julian Seward et al.
==18013== Using Valgrind-3.11.0 and LibVEX; rerun with -h for copyright info
==18013== Command: /bin/ls /proc/18009/task
==18013== Parent PID: 18012
==18013== 
--18013-- 
--18013-- Valgrind options:
--18013--    --tool=memcheck
--18013--    --leak-check=full
--18013--    --trace-children=yes
--18013--    --show-leak-kinds=all
--18013--    -v
--18013--    --log-file=meminfo.log
--18013-- Contents of /proc/version:
--18013--   Linux version 4.8.0 (root@Batcomputer) (gcc version 5.4.0 20160609 (Ubuntu 5.4.0-6ubuntu1~16.04.2) ) #1 SMP Thu Oct 6 21:00:10 EDT 2016
--18013-- 
--18013-- Arch and hwcaps: AMD64, LittleEndian, amd64-cx16-rdtscp-sse3
--18013-- Page sizes: currently 4096, max supported 4096
--18013-- Valgrind library directory: /usr/lib/valgrind
--18013-- Reading syms from /bin/ls
--18013--    object doesn't have a symbol table
--18013-- Reading syms from /lib/x86_64-linux-gnu/ld-2.23.so
--18013--   Considering /lib/x86_64-linux-gnu/ld-2.23.so ..
--18013--   .. CRC mismatch (computed d3da0723 wanted a1c29704)
--18013--   Considering /usr/lib/debug/lib/x86_64-linux-gnu/ld-2.23.so ..
--18013--   .. CRC is valid
--18013-- Reading syms from /usr/lib/valgrind/memcheck-amd64-linux
--18013--   Considering /usr/lib/valgrind/memcheck-amd64-linux ..
--18013--   .. CRC mismatch (computed 5529a2c7 wanted 5bd23904)
--18013--    object doesn't have a symbol table
--18013--    object doesn't have a dynamic symbol table
--18013-- Scheduler: using generic scheduler lock implementation.
--18013-- Reading suppressions file: /usr/lib/valgrind/default.supp
==18013== embedded gdbserver: reading from /tmp/vgdb-pipe-from-vgdb-to-18013-by-root-on-???
==18013== embedded gdbserver: writing to   /tmp/vgdb-pipe-to-vgdb-from-18013-by-root-on-???
==18013== embedded gdbserver: shared mem   /tmp/vgdb-pipe-shared-mem-vgdb-18013-by-root-on-???
==18013== 
==18013== TO CONTROL THIS PROCESS USING vgdb (which you probably
==18013== don't want to do, unless you know exactly what you're doing,
==18013== or are doing some strange experiment):
==18013==   /usr/lib/valgrind/../../bin/vgdb --pid=18013 ...command...
==18013== 
==18013== TO DEBUG THIS PROCESS USING GDB: start GDB like this
==18013==   /path/to/gdb /bin/ls
==18013== and then give GDB the following command
==18013==   target remote | /usr/lib/valgrind/../../bin/vgdb --pid=18013
==18013== --pid is optional if only one valgrind process is running
==18013== 
--18013-- REDIR: 0x401cdc0 (ld-linux-x86-64.so.2:strlen) redirected to 0x3809e181 (???)
--18013-- Reading syms from /usr/lib/valgrind/vgpreload_core-amd64-linux.so
--18013--   Considering /usr/lib/valgrind/vgpreload_core-amd64-linux.so ..
--18013--   .. CRC mismatch (computed a30c8eaa wanted 7ae2fed4)
--18013--    object doesn't have a symbol table
--18013-- Reading syms from /usr/lib/valgrind/vgpreload_memcheck-amd64-linux.so
--18013--   Considering /usr/lib/valgrind/vgpreload_memcheck-amd64-linux.so ..
--18013--   .. CRC mismatch (computed 402c2ab5 wanted 745f25ae)
--18013--    object doesn't have a symbol table
==18013== WARNING: new redirection conflicts with existing -- ignoring it
--18013--     old: 0x0401cdc0 (strlen              ) R-> (0000.0) 0x3809e181 ???
--18013--     new: 0x0401cdc0 (strlen              ) R-> (2007.0) 0x04c31020 strlen
--18013-- REDIR: 0x401b710 (ld-linux-x86-64.so.2:index) redirected to 0x4c30bc0 (index)
--18013-- REDIR: 0x401b930 (ld-linux-x86-64.so.2:strcmp) redirected to 0x4c320d0 (strcmp)
--18013-- REDIR: 0x401db20 (ld-linux-x86-64.so.2:mempcpy) redirected to 0x4c35270 (mempcpy)
--18013-- Reading syms from /lib/x86_64-linux-gnu/libselinux.so.1
--18013--    object doesn't have a symbol table
--18013-- Reading syms from /lib/x86_64-linux-gnu/libc-2.23.so
--18013--   Considering /lib/x86_64-linux-gnu/libc-2.23.so ..
--18013--   .. CRC mismatch (computed 2adb2e50 wanted 9b73f606)
--18013--   Considering /usr/lib/debug/lib/x86_64-linux-gnu/libc-2.23.so ..
--18013--   .. CRC is valid
--18013-- Reading syms from /lib/x86_64-linux-gnu/libpcre.so.3.13.2
--18013--   Considering /lib/x86_64-linux-gnu/libpcre.so.3.13.2 ..
--18013--   .. CRC mismatch (computed 276b70fd wanted 22183252)
--18013--    object doesn't have a symbol table
--18013-- Reading syms from /lib/x86_64-linux-gnu/libdl-2.23.so
--18013--   Considering /lib/x86_64-linux-gnu/libdl-2.23.so ..
--18013--   .. CRC mismatch (computed b7ff3c20 wanted 623a46c3)
--18013--   Considering /usr/lib/debug/lib/x86_64-linux-gnu/libdl-2.23.so ..
--18013--   .. CRC is valid
--18013-- Reading syms from /lib/x86_64-linux-gnu/libpthread-2.23.so
--18013--   Considering /usr/lib/debug/.build-id/b7/7847cc9cacbca3b5753d0d25a32e5795afe75b.debug ..
--18013--   .. build-id is valid
--18013-- REDIR: 0x50eafd0 (libc.so.6:strcasecmp) redirected to 0x4a286f0 (_vgnU_ifunc_wrapper)
--18013-- REDIR: 0x50e6850 (libc.so.6:strcspn) redirected to 0x4a286f0 (_vgnU_ifunc_wrapper)
--18013-- REDIR: 0x50ed2c0 (libc.so.6:strncasecmp) redirected to 0x4a286f0 (_vgnU_ifunc_wrapper)
--18013-- REDIR: 0x50e8cc0 (libc.so.6:strpbrk) redirected to 0x4a286f0 (_vgnU_ifunc_wrapper)
--18013-- REDIR: 0x50e9050 (libc.so.6:strspn) redirected to 0x4a286f0 (_vgnU_ifunc_wrapper)
--18013-- REDIR: 0x50ea71b (libc.so.6:memcpy@GLIBC_2.2.5) redirected to 0x4a286f0 (_vgnU_ifunc_wrapper)
--18013-- REDIR: 0x50e70f0 (libc.so.6:strncmp) redirected to 0x4a286f0 (_vgnU_ifunc_wrapper)
--18013-- REDIR: 0x50e5050 (libc.so.6:index) redirected to 0x4a286f0 (_vgnU_ifunc_wrapper)
--18013-- REDIR: 0x50ea780 (libc.so.6:memset) redirected to 0x4a286f0 (_vgnU_ifunc_wrapper)
--18013-- REDIR: 0x50ea180 (libc.so.6:bcmp) redirected to 0x4a286f0 (_vgnU_ifunc_wrapper)
--18013-- REDIR: 0x50e52a0 (libc.so.6:strcmp) redirected to 0x4a286f0 (_vgnU_ifunc_wrapper)
--18013-- REDIR: 0x5171950 (libc.so.6:__memcpy_chk) redirected to 0x4a286f0 (_vgnU_ifunc_wrapper)
--18013-- REDIR: 0x50ef9c0 (libc.so.6:memcpy@@GLIBC_2.14) redirected to 0x4a286f0 (_vgnU_ifunc_wrapper)
--18013-- REDIR: 0x50e89d0 (libc.so.6:rindex) redirected to 0x4c308a0 (rindex)
--18013-- REDIR: 0x50df550 (libc.so.6:malloc) redirected to 0x4c2db20 (malloc)
--18013-- REDIR: 0x50e9630 (libc.so.6:__GI_strstr) redirected to 0x4c354d0 (__strstr_sse2)
--18013-- REDIR: 0x50e9e30 (libc.so.6:memchr) redirected to 0x4c32170 (memchr)
--18013-- REDIR: 0x50efa40 (libc.so.6:__GI_memcpy) redirected to 0x4c32b00 (__GI_memcpy)
--18013-- REDIR: 0x50e9c00 (libc.so.6:strstr) redirected to 0x4a286f0 (_vgnU_ifunc_wrapper)
--18013-- REDIR: 0x5105640 (libc.so.6:__strstr_sse2_unaligned) redirected to 0x4c35460 (strstr)
--18013-- REDIR: 0x50dfa70 (libc.so.6:free) redirected to 0x4c2ed80 (free)
--18013-- REDIR: 0x50e52e0 (libc.so.6:__GI_strcmp) redirected to 0x4c31fe0 (__GI_strcmp)
--18013-- REDIR: 0x50e6cf0 (libc.so.6:strlen) redirected to 0x4c30f60 (strlen)
--18013-- REDIR: 0x50e7140 (libc.so.6:__GI_strncmp) redirected to 0x4c31710 (__GI_strncmp)
--18013-- REDIR: 0x50e5080 (libc.so.6:__GI_strchr) redirected to 0x4c30a00 (__GI_strchr)
--18013-- REDIR: 0x50f1d30 (libc.so.6:strchrnul) redirected to 0x4c34da0 (strchrnul)
--18013-- REDIR: 0x50ea980 (libc.so.6:__GI_mempcpy) redirected to 0x4c34fa0 (__GI_mempcpy)
--18013-- REDIR: 0x50fadf0 (libc.so.6:__memcpy_sse2_unaligned) redirected to 0x4c324a0 (memcpy@@GLIBC_2.14)
--18013--18012-- REDIR: 0x4ebda70 (libc.so.6:free) redirected to 0x4c2ed80 (free)
==18012== 
==18012== HEAP SUMMARY:
==18012==     in use at exit: 1,147 bytes in 32 blocks
==18012==   total heap usage: 34 allocs, 2 frees, 1,251 bytes allocated
==18012== 
==18012== Searching for pointers to 32 not-freed blocks
==18012== Checked 73,672 bytes
==18012== 
==18012== 9 bytes in 1 blocks are still reachable in loss record 1 of 7
==18012==    at 0x4C2DB8F: malloc (in /usr/lib/valgrind/vgpreload_memcheck-amd64-linux.so)
==18012==    by 0x11C178: ??? (in /bin/dash)
==18012==    by 0x11FB45: ??? (in /bin/dash)
==18012==    by 0x124137: ??? (in /bin/dash)
==18012==    by 0x124409: ??? (in /bin/dash)
==18012==    by 0x1169DB: ??? (in /bin/dash)
==18012==    by 0x4E5A82F: (below main) (libc-start.c:291)
==18012== 
==18012== 26 bytes in 1 blocks are still reachable in loss record 2 of 7
==18012==    at 0x4C2DB8F: malloc (in /usr/lib/valgrind/vgpreload_memcheck-amd64-linux.so)
==18012==    by 0x11C178: ??? (in /bin/dash)
==18012==    by 0x10E713: ??? (in /bin/dash)
==18012==    by 0x1186C9: ??? (in /bin/dash)
==18012==    by 0x1170D2: ??? (in /bin/dash)
==18012==    by 0x116BB4: ??? (in /bin/dash)
==18012==    by 0x117FDF: ??? (in /bin/dash)
==18012==    by 0x1117CD: ??? (in /bin/dash)
==18012==    by 0x4E5A82F: (below main) (libc-start.c:291)
==18012== 
==18012== 32 bytes in 1 blocks are still reachable in loss record 3 of 7
==18012==    at 0x4C2DB8F: malloc (in /usr/lib/valgrind/vgpreload_memcheck-amd64-linux.so)
==18012==    by 0x11C178: ??? (in /bin/dash)
==18012==    by 0x11FAB6: ??? (in /bin/dash)
==18012==    by 0x12443C: ??? (in /bin/dash)
==18012==    by 0x1169DB: ??? (in /bin/dash)
==18012==    by 0x4E5A82F: (below main) (libc-start.c:291)
==18012== 
==18012== 42 bytes in 1 blocks are still reachable in--18009-- REDIR: 0x5986780 (libc.so.6:memset) redirected to 0x4a286f0 (_vgnU_ifunc_wrapper)
--18009-- REDIR: 0x5986810 (libc.so.6:__GI_memset) redirected to 0x4c344c0 (memset)
==18014== embedded gdbserver: reading from /tmp/vgdb-pipe-from-vgdb-to-18014-by-root-on-???
==18014== embedded gdbserver: writing to   /tmp/vgdb-pipe-to-vgdb-from-18014-by-root-on-???
==18014== embedded gdbserver: shared mem   /tmp/vgdb-pipe-shared-mem-vgdb-18014-by-root-on-???
==18014== 
==18014== TO CONTROL THIS PROCESS USING vgdb (which you probably
==18014== don't want to do, unless you know exactly what you're doing,
==18014== or are doing some strange experiment):
==18014==   /usr/lib/valgrind/../../bin/vgdb --pid=18014 ...command...
==18014== 
==18014== TO DEBUG THIS PROCESS USING GDB: start GDB like this
==18014==   /path/to/gdb ../syscall-sensor
==18014== and then give GDB the following command
==18014==   target remote | /usr/lib/valgrind/../../bin/vgdb --pid=18014
==18014== --pid is optional if only one valgrind process is running
==18014== 
==18009== 
==18009== HEAP SUMMARY:
==18009==     in use at exit: 88,753 bytes in 25 blocks
==18009==   total heap usage: 121 allocs, 96 frees, 182,606 bytes allocated
==18009== 
==18009== Searching for pointers to 25 not-freed blocks
==18009== Checked 137,496 bytes
==18009== 
==18009== 16 bytes in 1 blocks are still reachable in loss record 1 of 24
==18009==    at 0x4C2E0EF: operator new(unsigned long) (in /usr/lib/valgrind/vgpreload_memcheck-amd64-linux.so)
==18009==    by 0x449C91: __gnu_cxx::new_allocator<std::__detail::_Hash_node<Data_Stream*, false> >::allocate(unsigned long, void const*) (new_allocator.h:104)
==18009==    by 0x449807: std::allocator_traits<std::allocator<std::__detail::_Hash_node<Data_Stream*, false> > >::allocate(std::allocator<std::__detail::_Hash_node<Data_Stream*, false> >&, unsigned long) (alloc_traits.h:491)
==18009==    by 0x44929C: std::__detail::_Hash_node<Data_Stream*, false>* std::__detail::_Hashtable_alloc<std::allocator<std::__detail::_Hash_node<Data_Stream*, false> > >::_M_allocate_node<Data_Stream* const&>(Data_Stream* const&) (hashtable_policy.h:1949)
==18009==    by 0x448C6E: std::__detail::_Hash_node<Data_Stream*, false>* std::__detail::_AllocNode<std::allocator<std::__detail::_Hash_node<Data_Stream*, false> > >::operator()<Data_Stream* const&>(Data_Stream* const&) const (hashtable_policy.h:180)
==18009==    by 0x448763: std::pair<std::__detail::_Node_iterator<Data_Stream*, true, false>, bool> std::_Hashtable<Data_Stream*, Data_Stream*, std::allocator<Data_Stream*>, std::__detail::_Identity, std::equal_to<Data_Stream*>, std::hash<Data_Stream*>, std::__detail::_Mod_range_hashing, std::__detail::_Default_ranged_hash, std::__detail::_Prime_rehash_policy, std::__detail::_Hashtable_traits<false, true, true> >::_M_insert<Data_Stream* const&, std::__detail::_AllocNode<std::allocator<std::__detail::_Hash_node<Data_Stream*, false> > > >(Data_Stream* const&, std::__detail::_AllocNode<std::allocator<std::__detail::_Hash_node<Data_Stream*, false> > > const&, std::integral_constant<bool, true>) (hashtable.h:1703)
==18009==    by 0x4480E8: std::__detail::_Insert_base<Data_Stream*, Data_Stream*, std::allocator<Data_Stream*>, std::__detail::_Identity, std::equal_to<Data_Stream*>, std::hash<Data_Stream*>, std::__detail::_Mod_range_hashing, std::__detail::_Default_ranged_hash, std::__detail::_Prime_rehash_policy, std::__detail::_Hashtable_traits<false, true, true> >::insert(Data_Stream* const&) (hashtable_policy.h:715)
==18009==    by 0x447C06: std::unordered_set<Data_Stream*, std::hash<Data_Stream*>, std::equal_to<Data_Stream*>, std::allocator<Data_Stream*> >::insert(Data_Stream* const&) (unordered_set.h:413)
==18009==    by 0x446FCE: Syscall_Logger::add_stream(Data_Stream*) (syscall_logger.cpp:117)
==18009==    by 0x4392FA: Sensor_Manager::Sensor_Manager(unsigned char, std::__cxx11::basic_string<char, std::char_traits<char>, std::allocator<char> >, std::__cxx11::basic_string<char, std::char_traits<char>, std::allocator<char> >, std::__cxx11::basic_string<char, std::char_traits<char>, std::allocator<char> >) (sensor_manager.cpp:24)
==18009==    by 0x43C663: start(Command_Line_Parser) (launcher.cpp:296)
==18009==    by 0x43B1B8: main (launcher.cpp:49)
==18009== 
==18009== 16 bytes in 1 blocks are still reachable in loss record 2 of 24
==18009==    at 0x4C2E0EF: operator new(unsigned long) (in /usr/lib/valgrind/vgpreload_memcheck-amd64-linux.so)
==18009==    by 0x43AF73: __gnu_cxx::new_allocator<std::__detail::_Hash_node_base*>::allocate(unsigned long, void const*) (new_allocator.h:104)
==18009==    by 0x43AF17: std::allocator_traits<std::allocator<std::__detail::_Hash_node_base*> >::allocate(std::allocator<std::__detail::_Hash_node_base*>&, unsigned long) (alloc_traits.h:491)
==18009==    by 0x44A018: std::__detail::_Hashtable_alloc<std::allocator<std::__detail::_Hash_node<Data_Stream*, false> > >::_M_allocate_buckets(unsigned long) (hashtable_policy.h:1996)
==18009==    by 0x449D22: std::_Hashtable<Data_Stream*, Data_Stream*, std::allocator<Data_Stream*>, std::__detail::_Identity, std::equal_to<Data_Stream*>, std::hash<Data_Stream*>, std::__detail::_Mod_range_hashing, std::__detail::_Default_ranged_hash, std::__detail::_Prime_rehash_policy, std::__detail::_Hashtable_traits<false, true, true> >::_M_allocate_buckets(unsigned long) (hashtable.h:347)
==18009==    by 0x449874: std::_Hashtable<Data_Stream*, Data_Stream*, std::allocator<Data_Stream*>, std::__detail::_Identity, std::equal_to<Data_Stream*>, std::hash<Data_Stream*>, std::__detail::_Mod_range_hashing, std::__detail::_Default_ranged_hash, std::__detail::_Prime_rehash_policy, std::__detail::_Hashtable_traits<false, true, true> >::_M_rehash_aux(unsigned long, std::integral_constant<bool, true>) (hashtable.h:1974)
==18009==    by 0x4493DD: std::_Hashtable<Data_Stream*, Data_Stream*, std::allocator<Data_Stream*>, std::__detail::_Identity, std::equal_to<Data_Stream*>, std::hash<Data_Stream*>, std::__detail::_Mod_range_hashing, std::__detail::_Default_ranged_hash, std::__detail::_Prime_rehash_policy, std::__detail::_Hashtable_traits<false, true, true> >::_M_rehash(unsigned long, unsigned long const&) (hashtable.h:1953)
==18009==    by 0x448D05: std::_Hashtable<Data_Stream*, Data_Stream*, std::allocator<Data_Stream*>, std::__detail::_Identity, std::equal_to<Data_Stream*>, std::hash<Data_Stream*>, std::__detail::_Mod_range_hashing, std::__detail::_Default_ranged_hash, std::__detail::_Prime_rehash_policy, std::__detail::_Hashtable_traits<false, true, true> >::_M_insert_unique_node(unsigned long, unsigned long, std::__detail::_Hash_node<Data_Stream*, false>*) (hashtable.h:1600)
==18009==    by 0x448783: std::pair<std::__detail::_Node_iterator<Data_Stream*, true, false>, bool> std::_Hashtable<Data_Stream*, Data_Stream*, std::allocator<Data_Stream*>, std::__detail::_Identity, std::equal_to<Data_Stream*>, std::hash<Data_Stream*>, std::__detail::_Mod_range_hashing, std::__detail::_Default_ranged_hash, std::__detail::_Prime_rehash_policy, std::__detail::_Hashtable_traits<false, true, true> >::_M_insert<Data_Stream* const&, std::__detail::_AllocNode<std::allocator<std::__detail::_Hash_node<Data_Stream*, false> > > >(Data_Stream* const&, std::__detail::_AllocNode<std::allocator<std::__detail::_Hash_node<Data_Stream*, false> > > const&, std::integral_constant<bool, true>) (hashtable.h:1704)
==18009==    by 0x4480E8: std::__detail::_Insert_base<Data_Stream*, Data_Stream*, std::allocator<Data_Stream*>, std::__detail::_Identity, std::equal_to<Data_Stream*>, std::hash<Data_Stream*>, std::__detail::_Mod_range_hashing, std::__detail::_Default_ranged_hash, std::__detail::_Prime_rehash_policy, std::__detail::_Hashtable_traits<false, true, true> >::insert(Data_Stream* const&) (hashtable_policy.h:715)
==18009==    by 0x447C06: std::unordered_set<Data_Stream*, std::hash<Data_Stream*>, std::equal_to<Data_Stream*>, std::allocator<Data_Stream*> >::insert(Data_Stream* const&) (unordered_set.h:413)
==18009==    by 0x446FCE: Syscall_Logger::add_stream(Data_Stream*) (syscall_logger.cpp:117)
==18009== 
==18009== 16 bytes in 1 blocks are still reachable in loss record 3 of 24
==18009==    at 0x4C2E0EF: operator new(unsigned long) (in /usr/lib/valgrind/vgpreload_memcheck-amd64-linux.so)
==18009==    by 0x43AD01: __gnu_cxx::new_allocator<std::__detail::_Hash_node<Sensor_Observer*, false> >::allocate(unsigned long, void const*) (new_allocator.h:104)
==18009==    by 0x43A9D1: std::allocator_traits<std::allocator<std::__detail::_Hash_node<Sensor_Observer*, false> > >::allocate(std::allocator<std::__detail::_Hash_node<Sensor_Observer*, false> >&, unsigned long) (alloc_traits.h:491)
==18009==    by 0x43A530: std::__detail::_Hash_node<Sensor_Observer*, false>* std::__detail::_Hashtable_alloc<std::allocator<std::__detail::_Hash_node<Sensor_Observer*, false> > >::_M_allocate_node<Sensor_Observer* const&>(Sensor_Observer* const&) (hashtable_policy.h:1949)
==18009==    by 0x43A03E: std::__detail::_Hash_node<Sensor_Observer*, false>* std::__detail::_AllocNode<std::allocator<std::__detail::_Hash_node<Sensor_Observer*, false> > >::operator()<Sensor_Observer* const&>(Sensor_Observer* const&) const (hashtable_policy.h:180)
==18009==    by 0x439CF3: std::pair<std::__detail::_Node_iterator<Sensor_Observer*, true, false>, bool> std::_Hashtable<Sensor_Observer*, Sensor_Observer*, std::allocator<Sensor_Observer*>, std::__detail::_Identity, std::equal_to<Sensor_Observer*>, std::hash<Sensor_Observer*>, std::__detail::_Mod_range_hashing, std::__detail::_Default_ranged_hash, std::__detail::_Prime_rehash_policy, std::__detail::_Hashtable_traits<false, true, true> >::_M_insert<Sensor_Observer* const&, std::__detail::_AllocNode<std::allocator<std::__detail::_Hash_node<Sensor_Observer*, false> > > >(Sensor_Observer* const&, std::__detail::_AllocNode<std::allocator<std::__detail::_Hash_node<Sensor_Observer*, false> > > const&, std::integral_constant<bool, true>) (hashtable.h:1703)
==18009==    by 0x439A8A: std::__detail::_Insert_base<Sensor_Observer*, Sensor_Observer*, std::allocator<Sensor_Observer*>, std::__detail::_Identity, std::equal_to<Sensor_Observer*>, std::hash<Sensor_Observer*>, std::__detail::_Mod_range_hashing, std::__detail::_Default_ranged_hash, std::__detail::_Prime_rehash_policy, std::__detail::_Hashtable_traits<false, true, true> >::insert(Sensor_Observer* const&) (hashtable_policy.h:715)
==18009==    by 0x4399FA: std::unordered_set<Sensor_Observer*, std::hash<Sensor_Observer*>, std::equal_to<Sensor_Observer*>, std::allocator<Sensor_Observer*> >::insert(Sensor_Observer* const&) (unordered_set.h:413)
==18009==    by 0x4399D4: Sensor::attach_observer(Sensor_Observer*) (sensor.h:48)
==18009==    by 0x439314: Sensor_Manager::Sensor_Manager(unsigned char, std::__cxx11::basic_string<char, std::char_traits<char>, std::allocator<char> >, std::__cxx11::basic_string<char, std::char_traits<char>, std::allocator<char> >, std::__cxx11::basic_string<char, std::char_traits<char>, std::allocator<char> >) (sensor_manager.cpp:25)
==18009==    by 0x43C663: start(Command_Line_Parser) (launcher.cpp:296)
==18009==    by 0x43B1B8: main (launcher.cpp:49)
==18009== 
==18009== 16 bytes in 1 blocks are still reachable in loss record 4 of 24
==18009==    at 0x4C2E0EF: operator new(unsigned long) (in /usr/lib/valgrind/vgpreload_memcheck-amd64-linux.so)
==18009==    by 0x43AF73: __gnu_cxx::new_allocator<std::__detail::_Hash_node_base*>::allocate(unsigned long, void const*) (new_allocator.h:104)
==18009==    by 0x43AF17: std::allocator_traits<std::allocator<std::__detail::_Hash_node_base*> >::allocate(std::allocator<std::__detail::_Hash_node_base*>&, unsigned long) (alloc_traits.h:491)
==18009==    by 0x43AE56: std::__detail::_Hashtable_alloc<std::allocator<std::__detail::_Hash_node<Sensor_Observer*, false> > >::_M_allocate_buckets(unsigned long) (hashtable_policy.h:1996)
==18009==    by 0x43AD92: std::_Hashtable<Sensor_Observer*, Sensor_Observer*, std::allocator<Sensor_Observer*>, std::__detail::_Identity, std::equal_to<Sensor_Observer*>, std::hash<Sensor_Observer*>, std::__detail::_Mod_range_hashing, std::__detail::_Default_ranged_hash, std::__detail::_Prime_rehash_policy, std::__detail::_Hashtable_traits<false, true, true> >::_M_allocate_buckets(unsigned long) (hashtable.h:347)
==18009==    by 0x43AA3E: std::_Hashtable<Sensor_Observer*, Sensor_Observer*, std::allocator<Sensor_Observer*>, std::__detail::_Identity, std::equal_to<Sensor_Observer*>, std::hash<Sensor_Observer*>, std::__detail::_Mod_range_hashing, std::__detail::_Default_ranged_hash, std::__detail::_Prime_rehash_policy, std::__detail::_Hashtable_traits<false, true, true> >::_M_rehash_aux(unsigned long, std::integral_constant<bool, true>) (hashtable.h:1974)
==18009==    by 0x43A671: std::_Hashtable<Sensor_Observer*, Sensor_Observer*, std::allocator<Sensor_Observer*>, std::__detail::_Identity, std::equal_to<Sensor_Observer*>, std::hash<Sensor_Observer*>, std::__detail::_Mod_range_hashing, std::__detail::_Default_ranged_hash, std::__detail::_Prime_rehash_policy, std::__detail::_Hashtable_traits<false, true, true> >::_M_rehash(unsigned long, unsigned long const&) (hashtable.h:1953)
==18009==    by 0x43A0D5: std::_Hashtable<Sensor_Observer*, Sensor_Observer*, std::allocator<Sensor_Observer*>, std::__detail::_Identity, std::equal_to<Sensor_Observer*>, std::hash<Sensor_Observer*>, std::__detail::_Mod_range_hashing, std::__detail::_Default_ranged_hash, std::__detail::_Prime_rehash_policy, std::__detail::_Hashtable_traits<false, true, true> >::_M_insert_unique_node(unsigned long, unsigned long, std::__detail::_Hash_node<Sensor_Observer*, false>*) (hashtable.h:1600)
==18009==    by 0x439D13: std::pair<std::__detail::_Node_iterator<Sensor_Observer*, true, false>, bool> std::_Hashtable<Sensor_Observer*, Sensor_Observer*, std::allocator<Sensor_Observer*>, std::__detail::_Identity, std::equal_to<Sensor_Observer*>, std::hash<Sensor_Observer*>, std::__detail::_Mod_range_hashing, std::__detail::_Default_ranged_hash, std::__detail::_Prime_rehash_policy, std::__detail::_Hashtable_traits<false, true, true> >::_M_insert<Sensor_Observer* const&, std::__detail::_AllocNode<std::allocator<std::__detail::_Hash_node<Sensor_Observer*, false> > > >(Sensor_Observer* const&, std::__detail::_AllocNode<std::allocator<std::__detail::_Hash_node<Sensor_Observer*, false> > > const&, std::integral_constant<bool, true>) (hashtable.h:1704)
==18009==    by 0x439A8A: std::__detail::_Insert_base<Sensor_Observer*, Sensor_Observer*, std::allocator<Sensor_Observer*>, std::__detail::_Identity, std::equal_to<Sensor_Observer*>, std::hash<Sensor_Observer*>, std::__detail::_Mod_range_hashing, std::__detail::_Default_ranged_hash, std::__detail::_Prime_rehash_policy, std::__detail::_Hashtable_traits<false, true, true> >::insert(Sensor_Observer* const&) (hashtable_policy.h:715)
==18009==    by 0x4399FA: std::unordered_set<Sensor_Observer*, std::hash<Sensor_Observer*>, std::equal_to<Sensor_Observer*>, std::allocator<Sensor_Observer*> >::insert(Sensor_Observer* const&) (unordered_set.h:413)
==18009==    by 0x4399D4: Sensor::attach_observer(Sensor_Observer*) (sensor.h:48)
==18009== 
==18009== 32 bytes in 1 blocks are still reachable in loss record 5 of 24
==18009==    at 0x4C2E0EF: operator new(unsigned long) (in /usr/lib/valgrind/vgpreload_memcheck-amd64-linux.so)
==18009==    by 0x43782D: __gnu_cxx::new_allocator<std::__cxx11::basic_string<char, std::char_traits<char>, std::allocator<char> > >::allocate(unsigned long, void const*) (new_allocator.h:104)
==18009==    by 0x4374FD: std::allocator_traits<std::allocator<std::__cxx11::basic_string<char, std::char_traits<char>, std::allocator<char> > > >::allocate(std::allocator<std::__cxx11::basic_string<char, std::char_traits<char>, std::allocator<char> > >&, unsigned long) (alloc_traits.h:491)
==18009==    by 0x436E19: std::_Vector_base<std::__cxx11::basic_string<char, std::char_traits<char>, std::allocator<char> >, std::allocator<std::__cxx11::basic_string<char, std::char_traits<char>, std::allocator<char> > > >::_M_allocate(unsigned long) (stl_vector.h:170)
==18009==    by 0x43668B: void std::vector<std::__cxx11::basic_string<char, std::char_traits<char>, std::allocator<char> >, std::allocator<std::__cxx11::basic_string<char, std::char_traits<char>, std::allocator<char> > > >::_M_emplace_back_aux<std::__cxx11::basic_string<char, std::char_traits<char>, std::allocator<char> > const&>(std::__cxx11::basic_string<char, std::char_traits<char>, std::allocator<char> > const&) (vector.tcc:412)
==18009==    by 0x436154: std::vector<std::__cxx11::basic_string<char, std::char_traits<char>, std::allocator<char> >, std::allocator<std::__cxx11::basic_string<char, std::char_traits<char>, std::allocator<char> > > >::push_back(std::__cxx11::basic_string<char, std::char_traits<char>, std::allocator<char> > const&) (stl_vector.h:923)
==18009==    by 0x42C72F: Command_Line_Parser::Command_Line_Parser(int, char**) (command_line_parser.cpp:30)
==18009==    by 0x43AFE5: main (launcher.cpp:39)
==18009== 
==18009== 32 bytes in 1 blocks are still reachable in loss record 6 of 24
==18009==    at 0x4C2E0EF: operator new(unsigned long) (in /usr/lib/valgrind/vgpreload_memcheck-amd64-linux.so)
==18009==    by 0x43782D: __gnu_cxx::new_allocator<std::__cxx11::basic_string<char, std::char_traits<char>, std::allocator<char> > >::allocate(unsigned long, void const*) (new_allocator.h:104)
==18009==    by 0x4374FD: std::allocator_traits<std::allocator<std::__cxx11::basic_string<char, std::char_traits<char>, std::allocator<char> > > >::allocate(std::allocator<std::__cxx11::basic_string<char, std::char_traits<char>, std::allocator<char> > >&, unsigned long) (alloc_traits.h:491)
==18009==    by 0x436E19: std::_Vector_base<std::__cxx11::basic_string<char, std::char_traits<char>, std::allocator<char> >, std::allocator<std::__cxx11::basic_string<char, std::char_traits<char>, std::allocator<char> > > >::_M_allocate(unsigned long) (stl_vector.h:170)
==18009==    by 0x43DB98: std::_Vector_base<std::__cxx11::basic_string<char, std::char_traits<char>, std::allocator<char> >, std::allocator<std::__cxx11::basic_string<char, std::char_traits<char>, std::allocator<char> > > >::_M_create_storage(unsigned long) (stl_vector.h:185)
==18009==    by 0x43DA50: std::_Vector_base<std::__cxx11::basic_string<char, std::char_traits<char>, std::allocator<char> >, std::allocator<std::__cxx11::basic_string<char, std::char_traits<char>, std::allocator<char> > > >::_Vector_base(unsigned long, std::allocator<std::__cxx11::basic_string<char, std::char_traits<char>, std::allocator<char> > > const&) (stl_vector.h:136)
==18009==    by 0x43D8C9: std::vector<std::__cxx11::basic_string<char, std::char_traits<char>, std::allocator<char> >, std::allocator<std::__cxx11::basic_string<char, std::char_traits<char>, std::allocator<char> > > >::vector(std::vector<std::__cxx11::basic_string<char, std::char_traits<char>, std::allocator<char> >, std::allocator<std::__cxx11::basic_string<char, std::char_traits<char>, std::allocator<char> > > > const&) (stl_vector.h:320)
==18009==    by 0x43D75F: Command_Line_Parser::Command_Line_Parser(Command_Line_Parser const&) (in /home/alex/drexel/research/heimdall/syscall-sensor)
==18009==    by 0x43B1A9: main (launcher.cpp:49)
==18009== 
==18009== 64 bytes in 1 blocks are still reachable in loss record 7 of 24
==18009==    at 0x4C2E0EF: operator new(unsigned long) (in /usr/lib/valgrind/vgpreload_memcheck-amd64-linux.so)
==18009==    by 0x43782D: __gnu_cxx::new_allocator<std::__cxx11::basic_string<char, std::char_traits<char>, std::allocator<char> > >::allocate(unsigned long, void const*) (new_allocator.h:104)
==18009==    by 0x4374FD: std::allocator_traits<std::allocator<std::__cxx11::basic_string<char, std::char_traits<char>, std::allocator<char> > > >::allocate(std::allocator<std::__cxx11::basic_string<char, std::char_traits<char>, std::allocator<char> > >&, unsigned long) (alloc_traits.h:491)
==18009==    by 0x436E19: std::_Vector_base<std::__cxx11::basic_string<char, std::char_traits<char>, std::allocator<char> >, std::allocator<std::__cxx11::basic_string<char, std::char_traits<char>, std::allocator<char> > > >::_M_allocate(unsigned long) (stl_vector.h:170)
==18009==    by 0x43655B: void std::vector<std::__cxx11::basic_string<char, std::char_traits<char>, std::allocator<char> >, std::allocator<std::__cxx11::basic_string<char, std::char_traits<char>, std::allocator<char> > > >::_M_range_initialize<std::__cxx11::basic_string<char, std::char_traits<char>, std::allocator<char> > const*>(std::__cxx11::basic_string<char, std::char_traits<char>, std::allocator<char> > const*, std::__cxx11::basic_string<char, std::char_traits<char>, std::allocator<char> > const*, std::forward_iterator_tag) (stl_vector.h:1287)
==18009==    by 0x436027: std::vector<std::__cxx11::basic_string<char, std::char_traits<char>, std::allocator<char> >, std::allocator<std::__cxx11::basic_string<char, std::char_traits<char>, std::allocator<char> > > >::vector(std::initializer_list<std::__cxx11::basic_string<char, std::char_traits<char>, std::allocator<char> > >, std::allocator<std::__cxx11::basic_string<char, std::char_traits<char>, std::allocator<char> > > const&) (stl_vector.h:377)
==18009==    by 0x43EFD2: Linux_Syscall_Reader::Linux_Syscall_Reader(unsigned char) (linux_syscall_reader.cpp:220)
==18009==    by 0x43DD74: Linux_Syscall_Reader::get_instance() (linux_syscall_reader.cpp:22)
==18009==    by 0x43DDB1: Linux_Syscall_Reader::get_instance(unsigned char) (linux_syscall_reader.cpp:30)
==18009==    by 0x440484: Reader_Factory::create_reader() (reader_factory.cpp:27)
==18009==    by 0x441980: Syscall_Sensor::Syscall_Sensor(unsigned char) (syscall_sensor.cpp:269)
==18009==    by 0x440CE4: Syscall_Sensor::get_instance() (syscall_sensor.cpp:40)
==18009== 
==18009== 64 bytes in 1 blocks are still reachable in loss record 8 of 24
==18009==    at 0x4C2E0EF: operator new(unsigned long) (in /usr/lib/valgrind/vgpreload_memcheck-amd64-linux.so)
==18009==    by 0x4392A8: Sensor_Manager::Sensor_Manager(unsigned char, std::__cxx11::basic_string<char, std::char_traits<char>, std::allocator<char> >, std::__cxx11::basic_string<char, std::char_traits<char>, std::allocator<char> >, std::__cxx11::basic_string<char, std::char_traits<char>, std::allocator<char> >) (sensor_manager.cpp:22)
==18009==    by 0x43C663: start(Command_Line_Parser) (launcher.cpp:296)
==18009==    by 0x43B1B8: main (launcher.cpp:49)
==18009== 
==18009== 96 bytes in 1 blocks are still reachable in loss record 9 of 24
==18009==    at 0x4C2E0EF: operator new(unsigned long) (in /usr/lib/valgrind/vgpreload_memcheck-amd64-linux.so)
==18009==    by 0x43782D: __gnu_cxx::new_allocator<std::__cxx11::basic_string<char, std::char_traits<char>, std::allocator<char> > >::allocate(unsigned long, void const*) (new_allocator.h:104)
==18009==    by 0x4374FD: std::allocator_traits<std::allocator<std::__cxx11::basic_string<char, std::char_traits<char>, std::allocator<char> > > >::allocate(std::allocator<std::__cxx11::basic_string<char, std::char_traits<char>, std::allocator<char> > >&, unsigned long) (alloc_traits.h:491)
==18009==    by 0x436E19: std::_Vector_base<std::__cxx11::basic_string<char, std::char_traits<char>, std::allocator<char> >, std::allocator<std::__cxx11::basic_string<char, std::char_traits<char>, std::allocator<char> > > >::_M_allocate(unsigned long) (stl_vector.h:170)
==18009==    by 0x43655B: void std::vector<std::__cxx11::basic_string<char, std::char_traits<char>, std::allocator<char> >, std::allocator<std::__cxx11::basic_string<char, std::char_traits<char>, std::allocator<char> > > >::_M_range_initialize<std::__cxx11::basic_string<char, std::char_traits<char>, std::allocator<char> > const*>(std::__cxx11::basic_string<char, std::char_traits<char>, std::allocator<char> > const*, std::__cxx11::basic_string<char, std::char_traits<char>, std::allocator<char> > const*, std::forward_iterator_tag) (stl_vector.h:1287)
==18009==    by 0x436027: std::vector<std::__cxx11::basic_string<char, std::char_traits<char>, std::allocator<char> >, std::allocator<std::__cxx11::basic_string<char, std::char_traits<char>, std::allocator<char> > > >::vector(std::initializer_list<std::__cxx11::basic_string<char, std::char_traits<char>, std::allocator<char> > >, std::allocator<std::__cxx11::basic_string<char, std::char_traits<char>, std::allocator<char> > > const&) (stl_vector.h:377)
==18009==    by 0x42C494: Command_Line_Parser::Command_Line_Parser(int, char**) (command_line_parser.cpp:14)
==18009==    by 0x43AFE5: main (launcher.cpp:39)
==18009== 
==18009== 96 bytes in 1 blocks are still reachable in loss record 10 of 24
==18009==    at 0x4C2E0EF: operator new(unsigned long) (in /usr/lib/valgrind/vgpreload_memcheck-amd64-linux.so)
==18009==    by 0x43782D: __gnu_cxx::new_allocator<std::__cxx11::basic_string<char, std::char_traits<char>, std::allocator<char> > >::allocate(unsigned long, void const*) (new_allocator.h:104)
==18009==    by 0x4374FD: std::allocator_traits<std::allocator<std::__cxx11::basic_string<char, std::char_traits<char>, std::allocator<char> > > >::allocate(std::allocator<std::__cxx11::basic_string<char, std::char_traits<char>, std::allocator<char> > >&, unsigned long) (alloc_traits.h:491)
==18009==    by 0x436E19: std::_Vector_base<std::__cxx11::basic_string<char, std::char_traits<char>, std::allocator<char> >, std::allocator<std::__cxx11::basic_string<char, std::char_traits<char>, std::allocator<char> > > >::_M_allocate(unsigned long) (stl_vector.h:170)
==18009==    by 0x43655B: void std::vector<std::__cxx11::basic_string<char, std::char_traits<char>, std::allocator<char> >, std::allocator<std::__cxx11::basic_string<char, std::char_traits<char>, std::allocator<char> > > >::_M_range_initialize<std::__cxx11::basic_string<char, std::char_traits<char>, std::allocator<char> > const*>(std::__cxx11::basic_string<char, std::char_traits<char>, std::allocator<char> > const*, std::__cxx11::basic_string<char, std::char_traits<char>, std::allocator<char> > const*, std::forward_iterator_tag) (stl_vector.h:1287)
==18009==    by 0x436027: std::vector<std::__cxx11::basic_string<char, std::char_traits<char>, std::allocator<char> >, std::allocator<std::__cxx11::basic_string<char, std::char_traits<char>, std::allocator<char> > > >::vector(std::initializer_list<std::__cxx11::basic_string<char, std::char_traits<char>, std::allocator<char> > >, std::allocator<std::__cxx11::basic_string<char, std::char_traits<char>, std::allocator<char> > > const&) (stl_vector.h:377)
==18009==    by 0x42C5CC: Command_Line_Parser::Command_Line_Parser(int, char**) (command_line_parser.cpp:14)
==18009==    by 0x43AFE5: main (launcher.cpp:39)
==18009== 
==18009== 96 bytes in 1 blocks are still reachable in loss record 11 of 24
==18009==    at 0x4C2E0EF: operator new(unsigned long) (in /usr/lib/valgrind/vgpreload_memcheck-amd64-linux.so)
==18009==    by 0x43782D: __gnu_cxx::new_allocator<std::__cxx11::basic_string<char, std::char_traits<char>, std::allocator<char> > >::allocate(unsigned long, void const*) (new_allocator.h:104)
==18009==    by 0x4374FD: std::allocator_traits<std::allocator<std::__cxx11::basic_string<char, std::char_traits<char>, std::allocator<char> > > >::allocate(std::allocator<std::__cxx11::basic_string<char, std::char_traits<char>, std::allocator<char> > >&, unsigned long) (alloc_traits.h:491)
==18009==    by 0x436E19: std::_Vector_base<std::__cxx11::basic_string<char, std::char_traits<char>, std::allocator<char> >, std::allocator<std::__cxx11::basic_string<char, std::char_traits<char>, std::allocator<char> > > >::_M_allocate(unsigned long) (stl_vector.h:170)
==18009==    by 0x43DB98: std::_Vector_base<std::__cxx11::basic_string<char, std::char_traits<char>, std::allocator<char> >, std::allocator<std::__cxx11::basic_string<char, std::char_traits<char>, std::allocator<char> > > >::_M_create_storage(unsigned long) (stl_vector.h:185)
==18009==    by 0x43DA50: std::_Vector_base<std::__cxx11::basic_string<char, std::char_traits<char>, std::allocator<char> >, std::allocator<std::__cxx11::basic_string<char, std::char_traits<char>, std::allocator<char> > > >::_Vector_base(unsigned long, std::allocator<std::__cxx11::basic_string<char, std::char_traits<char>, std::allocator<char> > > const&) (stl_vector.h:136)
==18009==    by 0x43D8C9: std::vector<std::__cxx11::basic_string<char, std::char_traits<char>, std::allocator<char> >, std::allocator<std::__cxx11::basic_string<char, std::char_traits<char>, std::allocator<char> > > >::vector(std::vector<std::__cxx11::basic_string<char, std::char_traits<char>, std::allocator<char> >, std::allocator<std::__cxx11::basic_string<char, std::char_traits<char>, std::allocator<char> > > > const&) (stl_vector.h:320)
==18009==    by 0x43D7B0: Command_Line_Parser::Command_Line_Parser(Command_Line_Parser const&) (in /home/alex/drexel/research/heimdall/syscall-sensor)
==18009==    by 0x43B1A9: main (launcher.cpp:49)
==18009== 
==18009== 96 bytes in 1 blocks are still reachable in loss record 12 of 24
==18009==    at 0x4C2E0EF: operator new(unsigned long) (in /usr/lib/valgrind/vgpreload_memcheck-amd64-linux.so)
==18009==    by 0x43782D: __gnu_cxx::new_allocator<std::__cxx11::basic_string<char, std::char_traits<char>, std::allocator<char> > >::allocate(unsigned long, void const*) (new_allocator.h:104)
==18009==    by 0x4374FD: std::allocator_traits<std::allocator<std::__cxx11::basic_string<char, std::char_traits<char>, std::allocator<char> > > >::allocate(std::allocator<std::__cxx11::basic_string<char, std::char_traits<char>, std::allocator<char> > >&, unsigned long) (alloc_traits.h:491)
==18009==    by 0x436E19: std::_Vector_base<std::__cxx11::basic_string<char, std::char_traits<char>, std::allocator<char> >, std::allocator<std::__cxx11::basic_string<char, std::char_traits<char>, std::allocator<char> > > >::_M_allocate(unsigned long) (stl_vector.h:170)
==18009==    by 0x43DB98: std::_Vector_base<std::__cxx11::basic_string<char, std::char_traits<char>, std::allocator<char> >, std::allocator<std::__cxx11::basic_string<char, std::char_traits<char>, std::allocator<char> > > >::_M_create_storage(unsigned long) (stl_vector.h:185)
==18009==    by 0x43DA50: std::_Vector_base<std::__cxx11::basic_string<char, std::char_traits<char>, std::allocator<char> >, std::allocator<std::__cxx11::basic_string<char, std::char_traits<char>, std::allocator<char> > > >::_Vector_base(unsigned long, std::allocator<std::__cxx11::basic_string<char, std::char_traits<char>, std::allocator<char> > > const&) (stl_vector.h:136)
==18009==    by 0x43D8C9: std::vector<std::__cxx11::basic_string<char, std::char_traits<char>, std::allocator<char> >, std::allocator<std::__cxx11::basic_string<char, std::char_traits<char>, std::allocator<char> > > >::vector(std::vector<std::__cxx11::basic_string<char, std::char_traits<char>, std::allocator<char> >, std::allocator<std::__cxx11::basic_string<char, std::char_traits<char>, std::allocator<char> > > > const&) (stl_vector.h:320)
==18009==    by 0x43D7CB: Command_Line_Parser::Command_Line_Parser(Command_Line_Parser const&) (in /home/alex/drexel/research/heimdall/syscall-sensor)
==18009==    by 0x43B1A9: main (launcher.cpp:49)
==18009== 
==18009== 125 bytes in 2 blocks are still reachable in loss record 13 of 24
==18009==    at 0x4C2E0EF: operator new(unsigned long) (in /usr/lib/valgrind/vgpreload_memcheck-amd64-linux.so)
==18009==    by 0x439098: void std::__cxx11::basic_string<char, std::char_traits<char>, std::allocator<char> >::_M_construct<char*>(char*, char*, std::forward_iterator_tag) (basic_string.tcc:223)
==18009==    by 0x51789CE: std::__cxx11::basic_string<char, std::char_traits<char>, std::allocator<char> >::basic_string(std::__cxx11::basic_string<char, std::char_traits<char>, std::allocator<char> > const&) (in /usr/lib/x86_64-linux-gnu/libstdc++.so.6.0.21)
==18009==    by 0x437ADD: void std::_Construct<std::__cxx11::basic_string<char, std::char_traits<char>, std::allocator<char> >, std::__cxx11::basic_string<char, std::char_traits<char>, std::allocator<char> > const&>(std::__cxx11::basic_string<char, std::char_traits<char>, std::allocator<char> >*, std::__cxx11::basic_string<char, std::char_traits<char>, std::allocator<char> > const&) (in /home/alex/drexel/research/heimdall/syscall-sensor)
==18009==    by 0x437874: std::__cxx11::basic_string<char, std::char_traits<char>, std::allocator<char> >* std::__uninitialized_copy<false>::__uninit_copy<std::__cxx11::basic_string<char, std::char_traits<char>, std::allocator<char> > const*, std::__cxx11::basic_string<char, std::char_traits<char>, std::allocator<char> >*>(std::__cxx11::basic_string<char, std::char_traits<char>, std::allocator<char> > const*, std::__cxx11::basic_string<char, std::char_traits<char>, std::allocator<char> > const*, std::__cxx11::basic_string<char, std::char_traits<char>, std::allocator<char> >*) (stl_uninitialized.h:75)
==18009==    by 0x43752E: std::__cxx11::basic_string<char, std::char_traits<char>, std::allocator<char> >* std::uninitialized_copy<std::__cxx11::basic_string<char, std::char_traits<char>, std::allocator<char> > const*, std::__cxx11::basic_string<char, std::char_traits<char>, std::allocator<char> >*>(std::__cxx11::basic_string<char, std::char_traits<char>, std::allocator<char> > const*, std::__cxx11::basic_string<char, std::char_traits<char>, std::allocator<char> > const*, std::__cxx11::basic_string<char, std::char_traits<char>, std::allocator<char> >*) (stl_uninitialized.h:126)
==18009==    by 0x436E51: std::__cxx11::basic_string<char, std::char_traits<char>, std::allocator<char> >* std::__uninitialized_copy_a<std::__cxx11::basic_string<char, std::char_traits<char>, std::allocator<char> > const*, std::__cxx11::basic_string<char, std::char_traits<char>, std::allocator<char> >*, std::__cxx11::basic_string<char, std::char_traits<char>, std::allocator<char> > >(std::__cxx11::basic_string<char, std::char_traits<char>, std::allocator<char> > const*, std::__cxx11::basic_string<char, std::char_traits<char>, std::allocator<char> > const*, std::__cxx11::basic_string<char, std::char_traits<char>, std::allocator<char> >*, std::allocator<std::__cxx11::basic_string<char, std::char_traits<char>, std::allocator<char> > >&) (stl_uninitialized.h:281)
==18009==    by 0x4365A5: void std::vector<std::__cxx11::basic_string<char, std::char_traits<char>, std::allocator<char> >, std::allocator<std::__cxx11::basic_string<char, std::char_traits<char>, std::allocator<char> > > >::_M_range_initialize<std::__cxx11::basic_string<char, std::char_traits<char>, std::allocator<char> > const*>(std::__cxx11::basic_string<char, std::char_traits<char>, std::allocator<char> > const*, std::__cxx11::basic_string<char, std::char_traits<char>, std::allocator<char> > const*, std::forward_iterator_tag) (stl_vector.h:1290)
==18009==    by 0x436027: std::vector<std::__cxx11::basic_string<char, std::char_traits<char>, std::allocator<char> >, std::allocator<std::__cxx11::basic_string<char, std::char_traits<char>, std::allocator<char> > > >::vector(std::initializer_list<std::__cxx11::basic_string<char, std::char_traits<char>, std::allocator<char> > >, std::allocator<std::__cxx11::basic_string<char, std::char_traits<char>, std::allocator<char> > > const&) (stl_vector.h:377)
==18009==    by 0x43EFD2: Linux_Syscall_Reader::Linux_Syscall_Reader(unsigned char) (linux_syscall_reader.cpp:220)
==18009==    by 0x43DD74: Linux_Syscall_Reader::get_instance() (linux_syscall_reader.cpp:22)
==18009==    by 0x43DDB1: Linux_Syscall_Reader::get_instance(unsigned char) (linux_syscall_reader.cpp:30)
==18009== 
==18009== 168 bytes in 1 blocks are still reachable in loss record 14 of 24
==18009==    at 0x4C2E0EF: operator new(unsigned long) (in /usr/lib/valgrind/vgpreload_memcheck-amd64-linux.so)
==18009==    by 0x439257: Sensor_Manager::Sensor_Manager(unsigned char, std::__cxx11::basic_string<char, std::char_traits<char>, std::allocator<char> >, std::__cxx11::basic_string<char, std::char_traits<char>, std::allocator<char> >, std::__cxx11::basic_string<char, std::char_traits<char>, std::allocator<char> >) (sensor_manager.cpp:20)
==18009==    by 0x43C663: start(Command_Line_Parser) (launcher.cpp:296)
==18009==    by 0x43B1B8: main (launcher.cpp:49)
==18009== 
==18009== 184 bytes in 1 blocks are still reachable in loss record 15 of 24
==18009==    at 0x4C2E0EF: operator new(unsigned long) (in /usr/lib/valgrind/vgpreload_memcheck-amd64-linux.so)
==18009==    by 0x440CD4: Syscall_Sensor::get_instance() (syscall_sensor.cpp:40)
==18009==    by 0x439229: Sensor_Manager::Sensor_Manager(unsigned char, std::__cxx11::basic_string<char, std::char_traits<char>, std::allocator<char> >, std::__cxx11::basic_string<char, std::char_traits<char>, std::allocator<char> >, std::__cxx11::basic_string<char, std::char_traits<char>, std::allocator<char> >) (sensor_manager.cpp:16)
==18009==    by 0x43C663: start(Command_Line_Parser) (launcher.cpp:296)
==18009==    by 0x43B1B8: main (launcher.cpp:49)
==18009== 
==18009== 288 bytes in 1 blocks are still reachable in loss record 16 of 24
==18009==    at 0x4C2E0EF: operator new(unsigned long) (in /usr/lib/valgrind/vgpreload_memcheck-amd64-linux.so)
==18009==    by 0x43782D: __gnu_cxx::new_allocator<std::__cxx11::basic_string<char, std::char_traits<char>, std::allocator<char> > >::allocate(unsigned long, void const*) (new_allocator.h:104)
==18009==    by 0x4374FD: std::allocator_traits<std::allocator<std::__cxx11::basic_string<char, std::char_traits<char>, std::allocator<char> > > >::allocate(std::allocator<std::__cxx11::basic_string<char, std::char_traits<char>, std::allocator<char> > >&, unsigned long) (alloc_traits.h:491)
==18009==    by 0x436E19: std::_Vector_base<std::__cxx11::basic_string<char, std::char_traits<char>, std::allocator<char> >, std::allocator<std::__cxx11::basic_string<char, std::char_traits<char>, std::allocator<char> > > >::_M_allocate(unsigned long) (stl_vector.h:170)
==18009==    by 0x43655B: void std::vector<std::__cxx11::basic_string<char, std::char_traits<char>, std::allocator<char> >, std::allocator<std::__cxx11::basic_string<char, std::char_traits<char>, std::allocator<char> > > >::_M_range_initialize<std::__cxx11::basic_string<char, std::char_traits<char>, std::allocator<char> > const*>(std::__cxx11::basic_string<char, std::char_traits<char>, std::allocator<char> > const*, std::__cxx11::basic_string<char, std::char_traits<char>, std::allocator<char> > const*, std::forward_iterator_tag) (stl_vector.h:1287)
==18009==    by 0x436027: std::vector<std::__cxx11::basic_string<char, std::char_traits<char>, std::allocator<char> >, std::allocator<std::__cxx11::basic_string<char, std::char_traits<char>, std::allocator<char> > > >::vector(std::initializer_list<std::__cxx11::basic_string<char, std::char_traits<char>, std::allocator<char> > >, std::allocator<std::__cxx11::basic_string<char, std::char_traits<char>, std::allocator<char> > > const&) (stl_vector.h:377)
==18009==    by 0x42C2FF: Command_Line_Parser::Command_Line_Parser(int, char**) (command_line_parser.cpp:14)
==18009==    by 0x43AFE5: main (launcher.cpp:39)
==18009== 
==18009== 288 bytes in 1 blocks are still reachable in loss record 17 of 24
==18009==    at 0x4C2E0EF: operator new(unsigned long) (in /usr/lib/valgrind/vgpreload_memcheck-amd64-linux.so)
==18009==    by 0x43782D: __gnu_cxx::new_allocator<std::__cxx11::basic_string<char, std::char_traits<char>, std::allocator<char> > >::allocate(unsigned long, void const*) (new_allocator.h:104)
==18009==    by 0x4374FD: std::allocator_traits<std::allocator<std::__cxx11::basic_string<char, std::char_traits<char>, std::allocator<char> > > >::allocate(std::allocator<std::__cxx11::basic_string<char, std::char_traits<char>, std::allocator<char> > >&, unsigned long) (alloc_traits.h:491)
==18009==    by 0x436E19: std::_Vector_base<std::__cxx11::basic_string<char, std::char_traits<char>, std::allocator<char> >, std::allocator<std::__cxx11::basic_string<char, std::char_traits<char>, std::allocator<char> > > >::_M_allocate(unsigned long) (stl_vector.h:170)
==18009==    by 0x43DB98: std::_Vector_base<std::__cxx11::basic_string<char, std::char_traits<char>, std::allocator<char> >, std::allocator<std::__cxx11::basic_string<char, std::char_traits<char>, std::allocator<char> > > >::_M_create_storage(unsigned long) (stl_vector.h:185)
==18009==    by 0x43DA50: std::_Vector_base<std::__cxx11::basic_string<char, std::char_traits<char>, std::allocator<char> >, std::allocator<std::__cxx11::basic_string<char, std::char_traits<char>, std::allocator<char> > > >::_Vector_base(unsigned long, std::allocator<std::__cxx11::basic_string<char, std::char_traits<char>, std::allocator<char> > > const&) (stl_vector.h:136)
==18009==    by 0x43D8C9: std::vector<std::__cxx11::basic_string<char, std::char_traits<char>, std::allocator<char> >, std::allocator<std::__cxx11::basic_string<char, std::char_traits<char>, std::allocator<char> > > >::vector(std::vector<std::__cxx11::basic_string<char, std::char_traits<char>, std::allocator<char> >, std::allocator<std::__cxx11::basic_string<char, std::char_traits<char>, std::allocator<char> > > > const&) (stl_vector.h:320)
==18009==    by 0x43D795: Command_Line_Parser::Command_Line_Parser(Command_Line_Parser const&) (in /home/alex/drexel/research/heimdall/syscall-sensor)
==18009==    by 0x43B1A9: main (launcher.cpp:49)
==18009== 
==18009== 512 bytes in 1 blocks are still reachable in loss record 18 of 24
==18009==    at 0x4C2E0EF: operator new(unsigned long) (in /usr/lib/valgrind/vgpreload_memcheck-amd64-linux.so)
==18009==    by 0x446891: Output_Stream::Output_Stream(std::__cxx11::basic_string<char, std::char_traits<char>, std::allocator<char> >, unsigned char, std::__cxx11::basic_string<char, std::char_traits<char>, std::allocator<char> >) (output_stream.cpp:45)
==18009==    by 0x4392BF: Sensor_Manager::Sensor_Manager(unsigned char, std::__cxx11::basic_string<char, std::char_traits<char>, std::allocator<char> >, std::__cxx11::basic_string<char, std::char_traits<char>, std::allocator<char> >, std::__cxx11::basic_string<char, std::char_traits<char>, std::allocator<char> >) (sensor_manager.cpp:22)
==18009==    by 0x43C663: start(Command_Line_Parser) (launcher.cpp:296)
==18009==    by 0x43B1B8: main (launcher.cpp:49)
==18009== 
==18009== 552 bytes in 1 blocks are still reachable in loss record 19 of 24
==18009==    at 0x4C2DB8F: malloc (in /usr/lib/valgrind/vgpreload_memcheck-amd64-linux.so)
==18009==    by 0x5965C8C: __fopen_internal (iofopen.c:69)
==18009==    by 0x510711F: std::__basic_file<char>::open(char const*, std::_Ios_Openmode, int) (in /usr/lib/x86_64-linux-gnu/libstdc++.so.6.0.21)
==18009==    by 0x5147699: std::basic_filebuf<char, std::char_traits<char> >::open(char const*, std::_Ios_Openmode) (in /usr/lib/x86_64-linux-gnu/libstdc++.so.6.0.21)
==18009==    by 0x51482A7: std::basic_ofstream<char, std::char_traits<char> >::basic_ofstream(std::__cxx11::basic_string<char, std::char_traits<char>, std::allocator<char> > const&, std::_Ios_Openmode) (in /usr/lib/x86_64-linux-gnu/libstdc++.so.6.0.21)
==18009==    by 0x4468A6: Output_Stream::Output_Stream(std::__cxx11::basic_string<char, std::char_traits<char>, std::allocator<char> >, unsigned char, std::__cxx11::basic_string<char, std::char_traits<char>, std::allocator<char> >) (output_stream.cpp:45)
==18009==    by 0x4392BF: Sensor_Manager::Sensor_Manager(unsigned char, std::__cxx11::basic_string<char, std::char_traits<char>, std::allocator<char> >, std::__cxx11::basic_string<char, std::char_traits<char>, std::allocator<char> >, std::__cxx11::basic_string<char, std::char_traits<char>, std::allocator<char> >) (sensor_manager.cpp:22)
==18009==    by 0x43C663: start(Command_Line_Parser) (launcher.cpp:296)
==18009==    by 0x43B1B8: main (launcher.cpp:49)
==18009== 
==18009== 656 bytes in 1 blocks are still reachable in loss record 20 of 24
==18009==    at 0x4C2E0EF: operator new(unsigned long) (in /usr/lib/valgrind/vgpreload_memcheck-amd64-linux.so)
==18009==    by 0x43DD64: Linux_Syscall_Reader::get_instance() (linux_syscall_reader.cpp:22)
==18009==    by 0x43DDB1: Linux_Syscall_Reader::get_instance(unsigned char) (linux_syscall_reader.cpp:30)
==18009==    by 0x440484: Reader_Factory::create_reader() (reader_factory.cpp:27)
==18009==    by 0x441980: Syscall_Sensor::Syscall_Sensor(unsigned char) (syscall_sensor.cpp:269)
==18009==    by 0x440CE4: Syscall_Sensor::get_instance() (syscall_sensor.cpp:40)
==18009==    by 0x439229: Sensor_Manager::Sensor_Manager(unsigned char, std::__cxx11::basic_string<char, std::char_traits<char>, std::allocator<char> >, std::__cxx11::basic_string<char, std::char_traits<char>, std::allocator<char> >, std::__cxx11::basic_string<char, std::char_traits<char>, std::allocator<char> >) (sensor_manager.cpp:16)
==18009==    by 0x43C663: start(Command_Line_Parser) (launcher.cpp:296)
==18009==    by 0x43B1B8: main (launcher.cpp:49)
==18009== 
==18009== 2,222 bytes in 1 blocks are still reachable in loss record 21 of 24
==18009==    at 0x4C2DB8F: malloc (in /usr/lib/valgrind/vgpreload_memcheck-amd64-linux.so)
==18009==    by 0x443723: moodycamel::ReaderWriterQueue<Sensor_Data, 512ul>::make_block(unsigned long) (readerwriterqueue.h:625)
==18009==    by 0x442CD9: moodycamel::ReaderWriterQueue<Sensor_Data, 512ul>::ReaderWriterQueue(unsigned long) (readerwriterqueue.h:127)
==18009==    by 0x442939: Sensor::Sensor() (sensor.h:29)
==18009==    by 0x441956: Syscall_Sensor::Syscall_Sensor(unsigned char) (syscall_sensor.cpp:265)
==18009==    by 0x440CE4: Syscall_Sensor::get_instance() (syscall_sensor.cpp:40)
==18009==    by 0x439229: Sensor_Manager::Sensor_Manager(unsigned char, std::__cxx11::basic_string<char, std::char_traits<char>, std::allocator<char> >, std::__cxx11::basic_string<char, std::char_traits<char>, std::allocator<char> >, std::__cxx11::basic_string<char, std::char_traits<char>, std::allocator<char> >) (sensor_manager.cpp:16)
==18009==    by 0x43C663: start(Command_Line_Parser) (launcher.cpp:296)
==18009==    by 0x43B1B8: main (launcher.cpp:49)
==18009== 
==18009== 2,222 bytes in 1 blocks are still reachable in loss record 22 of 24
==18009==    at 0x4C2DB8F: malloc (in /usr/lib/valgrind/vgpreload_memcheck-amd64-linux.so)
==18009==    by 0x443723: moodycamel::ReaderWriterQueue<Sensor_Data, 512ul>::make_block(unsigned long) (readerwriterqueue.h:625)
==18009==    by 0x442CD9: moodycamel::ReaderWriterQueue<Sensor_Data, 512ul>::ReaderWriterQueue(unsigned long) (readerwriterqueue.h:127)
==18009==    by 0x447636: Sensor_Observer::Sensor_Observer() (sensor_observer.h:19)
==18009==    by 0x446CED: Syscall_Logger::Syscall_Logger() (syscall_logger.cpp:20)
==18009==    by 0x439262: Sensor_Manager::Sensor_Manager(unsigned char, std::__cxx11::basic_string<char, std::char_traits<char>, std::allocator<char> >, std::__cxx11::basic_string<char, std::char_traits<char>, std::allocator<char> >, std::__cxx11::basic_string<char, std::char_traits<char>, std::allocator<char> >) (sensor_manager.cpp:20)
==18009==    by 0x43C663: start(Command_Line_Parser) (launcher.cpp:296)
==18009==    by 0x43B1B8: main (launcher.cpp:49)
==18009== 
==18009== 8,192 bytes in 1 blocks are still reachable in loss record 23 of 24
==18009==    at 0x4C2E80F: operator new[](unsigned long) (in /usr/lib/valgrind/vgpreload_memcheck-amd64-linux.so)
==18009==    by 0x5143467: std::basic_filebuf<char, std::char_traits<char> >::_M_allocate_internal_buffer() (in /usr/lib/x86_64-linux-gnu/libstdc++.so.6.0.21)
==18009==    by 0x51476B1: std::basic_filebuf<char, std::char_traits<char> >::open(char const*, std::_Ios_Openmode) (in /usr/lib/x86_64-linux-gnu/libstdc++.so.6.0.21)
==18009==    by 0x51482A7: std::basic_ofstream<char, std::char_traits<char> >::basic_ofstream(std::__cxx11::basic_string<char, std::char_traits<char>, std::allocator<char> > const&, std::_Ios_Openmode) (in /usr/lib/x86_64-linux-gnu/libstdc++.so.6.0.21)
==18009==    by 0x4468A6: Output_Stream::Output_Stream(std::__cxx11::basic_string<char, std::char_traits<char>, std::allocator<char> >, unsigned char, std::__cxx11::basic_string<char, std::char_traits<char>, std::allocator<char> >) (output_stream.cpp:45)
==18009==    by 0x4392BF: Sensor_Manager::Sensor_Manager(unsigned char, std::__cxx11::basic_string<char, std::char_traits<char>, std::allocator<char> >, std::__cxx11::basic_string<char, std::char_traits<char>, std::allocator<char> >, std::__cxx11::basic_string<char, std::char_traits<char>, std::allocator<char> >) (sensor_manager.cpp:22)
==18009==    by 0x43C663: start(Command_Line_Parser) (launcher.cpp:296)
==18009==    by 0x43B1B8: main (launcher.cpp:49)
==18009== 
==18009== 72,704 bytes in 1 blocks are still reachable in loss record 24 of 24
==18009==    at 0x4C2DB8F: malloc (in /usr/lib/valgrind/vgpreload_memcheck-amd64-linux.so)
==18009==    by 0x50E0EFF: ??? (in /usr/lib/x86_64-linux-gnu/libstdc++.so.6.0.21)
==18009==    by 0x40104E9: call_init.part.0 (dl-init.c:72)
==18009==    by 0x40105FA: call_init (dl-init.c:30)
==18009==    by 0x40105FA: _dl_init (dl-init.c:120)
==18009==    by 0x4000CF9: ??? (in /lib/x86_64-linux-gnu/ld-2.23.so)
==18009==    by 0x1: ???
==18009==    by 0xFFF00075A: ???
==18009==    by 0xFFF00076C: ???
==18009== 
==18009== LEAK SUMMARY:
==18009==    definitely lost: 0 bytes in 0 blocks
==18009==    indirectly lost: 0 bytes in 0 blocks
==18009==      possibly lost: 0 bytes in 0 blocks
==18009==    still reachable: 88,753 bytes in 25 blocks
==18009==         suppressed: 0 bytes in 0 blocks
==18009== 
==18009== ERROR SUMMARY: 0 errors from 0 contexts (suppressed: 0 from 0)
==18009== ERROR SUMMARY: 0 errors from 0 contexts (suppressed: 0 from 0)
==18016== embedded gdbserver: reading from /tmp/vgdb-pipe-from-vgdb-to-18016-by-root-on-???
==18016== embedded gdbserver: writing to   /tmp/vgdb-pipe-to-vgdb-from-18016-by-root-on-???
==18016== embedded gdbserver: shared mem   /tmp/vgdb-pipe-shared-mem-vgdb-18016-by-root-on-???
==18016== 
==18016== TO CONTROL THIS PROCESS USING vgdb (which you probably
==18016== don't want to do, unless you know exactly what you're doing,
==18016== or are doing some strange experiment):
==18016==   /usr/lib/valgrind/../../bin/vgdb --pid=18016 ...command...
==18016== 
==18016== TO DEBUG THIS PROCESS USING GDB: start GDB like this
==18016==   /path/to/gdb ../syscall-sensor
==18016== and then give GDB the following command
==18016==   target remote | /usr/lib/valgrind/../../bin/vgdb --pid=18016
==18016== --pid is optional if only one valgrind process is running
==18016== 
==18022== embedded gdbserver: reading from /tmp/vgdb-pipe-from-vgdb-to-18022-by-root-on-???
==18022== embedded gdbserver: writing to   /tmp/vgdb-pipe-to-vgdb-from-18022-by-root-on-???
==18022== embedded gdbserver: shared mem   /tmp/vgdb-pipe-shared-mem-vgdb-18022-by-root-on-???
==18022== 
==18022== TO CONTROL THIS PROCESS USING vgdb (which you probably
==18022== don't want to do, unless you know exactly what you're doing,
==18022== or are doing some strange experiment):
==18022==   /usr/lib/valgrind/../../bin/vgdb --pid=18022 ...command...
==18022== 
==18022== TO DEBUG THIS PROCESS USING GDB: start GDB like this
==18022==   /path/to/gdb ../syscall-sensor
==18022== and then give GDB the following command
==18022==   target remote | /usr/lib/valgrind/../../bin/vgdb --pid=18022
==18022== --pid is optional if only one valgrind process is running
==18022== 
==18023== embedded gdbserver: reading from /tmp/vgdb-pipe-from-vgdb-to-18023-by-root-on-???
==18023== embedded gdbserver: writing to   /tmp/vgdb-pipe-to-vgdb-from-18023-by-root-on-???
==18023== embedded gdbserver: shared mem   /tmp/vgdb-pipe-shared-mem-vgdb-18023-by-root-on-???
==18023== 
==18023== TO CONTROL THIS PROCESS USING vgdb (which you probably
==18023== don't want to do, unless you know exactly what you're doing,
==18023== or are doing some strange experiment):
==18023==   /usr/lib/valgrind/../../bin/vgdb --pid=18023 ...command...
==18023== 
==18023== TO DEBUG THIS PROCESS USING GDB: start GDB like this
==18023==   /path/to/gdb ../syscall-sensor
==18023== and then give GDB the following command
==18023==   target remote | /usr/lib/valgrind/../../bin/vgdb --pid=18023
==18023== --pid is optional if only one valgrind process is running
==18023== 
--18014-- REDIR: 0x5985e30 (libc.so.6:memchr) redirected to 0x4c32170 (memchr)
==18014== 
==18014== HEAP SUMMARY:
==18014==     in use at exit: 72,704 bytes in 1 blocks
==18014==   total heap usage: 302,364 allocs, 302,363 frees, 23,968,150 bytes allocated
==18014== 
==18014== Searching for pointers to 1 not-freed blocks
==18014== Checked 134,176 bytes
==18014== 
==18014== 72,704 bytes in 1 blocks are still reachable in loss record 1 of 1
==18014==    at 0x4C2DB8F: malloc (in /usr/lib/valgrind/vgpreload_memcheck-amd64-linux.so)
==18014==    by 0x50E0EFF: ??? (in /usr/lib/x86_64-linux-gnu/libstdc++.so.6.0.21)
==18014==    by 0x40104E9: call_init.part.0 (dl-init.c:72)
==18014==    by 0x40105FA: call_init (dl-init.c:30)
==18014==    by 0x40105FA: _dl_init (dl-init.c:120)
==18014==    by 0x4000CF9: ??? (in /lib/x86_64-linux-gnu/ld-2.23.so)
==18014==    by 0x1: ???
==18014==    by 0xFFF00075A: ???
==18014==    by 0xFFF00076C: ???
==18014== 
==18014== LEAK SUMMARY:
==18014==    definitely lost: 0 bytes in 0 blocks
==18014==    indirectly lost: 0 bytes in 0 blocks
==18014==      possibly lost: 0 bytes in 0 blocks
==18014==    still reachable: 72,704 bytes in 1 blocks
==18014==         suppressed: 0 bytes in 0 blocks
==18014== 
==18014== ERROR SUMMARY: 0 errors from 0 contexts (suppressed: 0 from 0)
==18014== ERROR SUMMARY: 0 errors from 0 contexts (suppressed: 0 from 0)
