==18042== Memcheck, a memory error detector
==18042== Copyright (C) 2002-2015, and GNU GPL'd, by Julian Seward et al.
==18042== Using Valgrind-3.11.0 and LibVEX; rerun with -h for copyright info
==18042== Command: /bin/ls /proc/18037/task
==18042== Parent PID: 18041
==18042== 
--18042-- 
--18042-- Valgrind options:
--18042--    --tool=memcheck
--18042--    --leak-check=full
--18042--    --show-leak-kinds=all
--18042--    --trace-children=yes
--18042--    --log-file=meminfo.log
--18042--    -v
--18042-- Contents of /proc/version:
--18042--   Linux version 4.4.0-42-generic (buildd@lgw01-13) (gcc version 5.4.0 20160609 (Ubuntu 5.4.0-6ubuntu1~16.04.2) ) #62-Ubuntu SMP Fri Oct 7 23:11:45 UTC 2016
--18042-- 
--18042-- Arch and hwcaps: AMD64, LittleEndian, amd64-cx16-lzcnt-rdtscp-sse3-avx-avx2-bmi
--18042-- Page sizes: currently 4096, max supported 4096
--18042-- Valgrind library directory: /usr/lib/valgrind
--18042-- Reading syms from /bin/ls
--18042--    object doesn't have a symbol table
--18042-- Reading syms from /lib/x86_64-linux-gnu/ld-2.23.so
--18042--   Considering /lib/x86_64-linux-gnu/ld-2.23.so ..
--18042--   .. CRC mismatch (computed d3da0723 wanted a1c29704)
--18042--   Considering /usr/lib/debug/lib/x86_64-linux-gnu/ld-2.23.so ..
--18042--   .. CRC is valid
--18042-- Reading syms from /usr/lib/valgrind/memcheck-amd64-linux
--18042--   Considering /usr/lib/valgrind/memcheck-amd64-linux ..
--18042--   .. CRC mismatch (computed 5529a2c7 wanted 5bd23904)
--18042--    object doesn't have a symbol table
--18042--    object doesn't have a dynamic symbol table
--18042-- Scheduler: using generic scheduler lock implementation.
--18042-- Reading suppressions file: /usr/lib/valgrind/default.supp
==18042== embedded gdbserver: reading from /tmp/vgdb-pipe-from-vgdb-to-18042-by-root-on-???
==18042== embedded gdbserver: writing to   /tmp/vgdb-pipe-to-vgdb-from-18042-by-root-on-???
==18042== embedded gdbserver: shared mem   /tmp/vgdb-pipe-shared-mem-vgdb-18042-by-root-on-???
==18042== 
==18042== TO CONTROL THIS PROCESS USING vgdb (which you probably
==18042== don't want to do, unless you know exactly what you're doing,
==18042== or are doing some strange experiment):
==18042==   /usr/lib/valgrind/../../bin/vgdb --pid=18042 ...command...
==18042== 
==18042== TO DEBUG THIS PROCESS USING GDB: start GDB like this
==18042==   /path/to/gdb /bin/ls
==18042== and then give GDB the following command
==18042==   target remote | /usr/lib/valgrind/../../bin/vgdb --pid=18042
==18042== --pid is optional if only one valgrind process is running
==18042== 
--18042-- REDIR: 0x401cdc0 (ld-linux-x86-64.so.2:strlen) redirected to 0x3809e181 (???)
--18042-- Reading syms from /usr/lib/valgrind/vgpreload_core-amd64-linux.so
--18042--   Considering /usr/lib/valgrind/vgpreload_core-amd64-linux.so ..
--18042--   .. CRC mismatch (computed a30c8eaa wanted 7ae2fed4)
--18042--    object doesn't have a symbol table
--18042-- Reading syms from /usr/lib/valgrind/vgpreload_memcheck-amd64-linux.so
--18042--   Considering /usr/lib/valgrind/vgpreload_memcheck-amd64-linux.so ..
--18042--   .. CRC mismatch (computed 402c2ab5 wanted 745f25ae)
--18042--    object doesn't have a symbol table
==18042== WARNING: new redirection conflicts with existing -- ignoring it
--18042--     old: 0x0401cdc0 (strlen              ) R-> (0000.0) 0x3809e181 ???
--18042--     new: 0x0401cdc0 (strlen              ) R-> (2007.0) 0x04c31020 strlen
--18042-- REDIR: 0x401b710 (ld-linux-x86-64.so.2:index) redirected to 0x4c30bc0 (index)
--18042-- REDIR: 0x401b930 (ld-linux-x86-64.so.2:strcmp) redirected to 0x4c320d0 (strcmp)
--18042-- REDIR: 0x401db20 (ld-linux-x86-64.so.2:mempcpy) redirected to 0x4c35270 (mempcpy)
--18042-- Reading syms from /lib/x86_64-linux-gnu/libselinux.so.1
--18042--    object doesn't have a symbol table
--18042-- Reading syms from /lib/x86_64-linux-gnu/libc-2.23.so
--18042--   Considering /lib/x86_64-linux-gnu/libc-2.23.so ..
--18042--   .. CRC mismatch (computed 2adb2e50 wanted 9b73f606)
--18042--   Considering /usr/lib/debug/lib/x86_64-linux-gnu/libc-2.23.so ..
--18042--   .. CRC is valid
--18042-- Reading syms from /lib/x86_64-linux-gnu/libpcre.so.3.13.2
--18042--   Considering /lib/x86_64-linux-gnu/libpcre.so.3.13.2 ..
--18042--   .. CRC mismatch (computed 276b70fd wanted 22183252)
--18042--    object doesn't have a symbol table
--18042-- Reading syms from /lib/x86_64-linux-gnu/libdl-2.23.so
--18042--   Considering /lib/x86_64-linux-gnu/libdl-2.23.so ..
--18042--   .. CRC mismatch (computed b7ff3c20 wanted 623a46c3)
--18042--   Considering /usr/lib/debug/lib/x86_64-linux-gnu/libdl-2.23.so ..
--18042--   .. CRC is valid
--18042-- Reading syms from /lib/x86_64-linux-gnu/libpthread-2.23.so
--18042--   Considering /usr/lib/debug/.build-id/b7/7847cc9cacbca3b5753d0d25a32e5795afe75b.debug ..
--18042--   .. build-id is valid
--18042-- REDIR: 0x50eafd0 (libc.so.6:strcasecmp) redirected to 0x4a286f0 (_vgnU_ifunc_wrapper)
--18042-- REDIR: 0x50e6850 (libc.so.6:strcspn) redirected to 0x4a286f0 (_vgnU_ifunc_wrapper)
--18042-- REDIR: 0x50ed2c0 (libc.so.6:strncasecmp) redirected to 0x4a286f0 (_vgnU_ifunc_wrapper)
--18042-- REDIR: 0x50e8cc0 (libc.so.6:strpbrk) redirected to 0x4a286f0 (_vgnU_ifunc_wrapper)
--18042-- REDIR: 0x50e9050 (libc.so.6:strspn) redirected to 0x4a286f0 (_vgnU_ifunc_wrapper)
--18042-- REDIR: 0x50ea71b (libc.so.6:memcpy@GLIBC_2.2.5) redirected to 0x4a286f0 (_vgnU_ifunc_wrapper)
--18042-- REDIR: 0x50e70f0 (libc.so.6:strncmp) redirected to 0x4a286f0 (_vgnU_ifunc_wrapper)
--18042-- REDIR: 0x50e5050 (libc.so.6:index) redirected to 0x4a286f0 (_vgnU_ifunc_wrapper)
--18042-- REDIR: 0x50ea780 (libc.so.6:memset) redirected to 0x4a286f0 (_vgnU_ifunc_wrapper)
--18042-- REDIR: 0x50ea180 (libc.so.6:bcmp) redirected to 0x4a286f0 (_vgnU_ifunc_wrapper)
--18042-- REDIR: 0x50e52a0 (libc.so.6:strcmp) redirected to 0x4a286f0 (_vgnU_ifunc_wrapper)
--18042-- REDIR: 0x5171950 (libc.so.6:__memcpy_chk) redirected to 0x4a286f0 (_vgnU_ifunc_wrapper)
--18042-- REDIR: 0x50ef9c0 (libc.so.6:memcpy@@GLIBC_2.14) redirected to 0x4a286f0 (_vgnU_ifunc_wrapper)
--18042-- REDIR: 0x50e89d0 (libc.so.6:rindex) redirected to 0x4c308a0 (rindex)
--18042-- REDIR: 0x50df550 (libc.so.6:malloc) redirected to 0x4c2db20 (malloc)
--18042-- REDIR: 0x50e9630 (libc.so.6:__GI_strstr) redirected to 0x4c354d0 (__strstr_sse2)
--18042-- REDIR: 0x50e9e30 (libc.so.6:memchr) redirected to 0x4c32170 (memchr)
--18042-- REDIR: 0x50efa40 (libc.so.6:__GI_memcpy) redirected to 0x4c32b00 (__GI_memcpy)
--18042-- REDIR: 0x50e9c00 (libc.so.6:strstr) redirected to 0x4a286f0 (_vgnU_ifunc_wrapper)
--18042-- REDIR: 0x5105640 (libc.so.6:__strstr_sse2_unaligned) redirected to 0x4c35460 (strstr)
--18042-- REDIR: 0x50dfa70 (libc.so.6:free) redirected to 0x4c2ed80 (free)
--18042-- REDIR: 0x50e52e0 (libc.so.6:__GI_strcmp) redirected to 0x4c31fe0 (__GI_strcmp)
--18042-- REDIR: 0x50e6cf0 (libc.so.6:strlen) redirected to 0x4c30f60 (strlen)
--18042-- REDIR: 0x50e7140 (libc.so.6:__GI_strncmp) redirected to 0x4c31710 (__GI_strncmp)
--18042-- REDIR: 0x50e5080 (libc.so.6:__GI_strchr) redirected to 0x4c30a00 (__GI_strchr)
--18042-- REDIR: 0x50f1d30 (libc.so.6:strchrnul) redirected to 0x4c34da0 (strchrnul)
--18042-- REDIR: 0x50ea980 (libc.so.6:__GI_mempcpy) redirected to 0x4c34fa0 (__GI_mempcpy)
--18042-- REDIR: 0x51a96d0 (libc.so.6:__memcpy_avx_unaligned) redirected to 0x4c324a0 (memcpy@@GLIBC_2.14)
--18042-- --18041-- REDIR: 0x4ebda70 (libc.so.6:free) redirected to 0x4c2ed80 (free)
==18041== 
==18041== HEAP SUMMARY:
==18041==     in use at exit: 1,243 bytes in 35 blocks
==18041==   total heap usage: 37 allocs, 2 frees, 1,347 bytes allocated
==18041== 
==18041== Searching for pointers to 35 not-freed blocks
==18041== Checked 73,776 bytes
==18041== 
==18041== 9 bytes in 1 blocks are still reachable in loss record 1 of 7
==18041==    at 0x4C2DB8F: malloc (in /usr/lib/valgrind/vgpreload_memcheck-amd64-linux.so)
==18041==    by 0x11C178: ??? (in /bin/dash)
==18041==    by 0x11FB45: ??? (in /bin/dash)
==18041==    by 0x124137: ??? (in /bin/dash)
==18041==    by 0x124409: ??? (in /bin/dash)
==18041==    by 0x1169DB: ??? (in /bin/dash)
==18041==    by 0x4E5A82F: (below main) (libc-start.c:291)
==18041== 
==18041== 26 bytes in 1 blocks are still reachable in loss record 2 of 7
==18041==    at 0x4C2DB8F: malloc (in /usr/lib/valgrind/vgpreload_memcheck-amd64-linux.so)
==18041==    by 0x11C178: ??? (in /bin/dash)
==18041==    by 0x10E713: ??? (in /bin/dash)
==18041==    by 0x1186C9: ??? (in /bin/dash)
==18041==    by 0x1170D2: ??? (in /bin/dash)
==18041==    by 0x116BB4: ??? (in /bin/dash)
==18041==    by 0x117FDF: ??? (in /bin/dash)
==18041==    by 0x1117CD: ??? (in /bin/dash)
==18041==    by 0x4E5A82F: (below main) (libc-start.c:291)
==18041== 
==18041== 32 bytes in 1 blocks are still reachable in loss record 3 of 7
==18041==    at 0x4C2DB8F: malloc (in /usr/lib/valgrind/vgpreload_memcheck-amd64-linux.so)
==18041==    by 0x11C178: ??? (in /bin/dash)
==18041==    by 0x11FAB6: ??? (in /bin/dash)
==18041==    by 0x12443C: ??? (in /bin/dash)
==18041==    by 0x1169DB: ??? (in /bin/dash)
==18041==    by 0x4E5A82F: (below main) (libc-start.c:291)
==18041== 
==18041== 42 bytes in 1 blocks are still reachable in--18037-- REDIR: 0x5986780 (libc.so.6:memset) redirected to 0x4a286f0 (_vgnU_ifunc_wrapper)
--18037-- REDIR: 0x5a6a1a0 (libc.so.6:__memset_avx2) redirected to 0x4c344c0 (memset)
==18043== embedded gdbserver: reading from /tmp/vgdb-pipe-from-vgdb-to-18043-by-root-on-???
==18043== embedded gdbserver: writing to   /tmp/vgdb-pipe-to-vgdb-from-18043-by-root-on-???
==18043== embedded gdbserver: shared mem   /tmp/vgdb-pipe-shared-mem-vgdb-18043-by-root-on-???
==18043== 
==18043== TO CONTROL THIS PROCESS USING vgdb (which you probably
==18043== don't want to do, unless you know exactly what you're doing,
==18043== or are doing some strange experiment):
==18043==   /usr/lib/valgrind/../../bin/vgdb --pid=18043 ...command...
==18043== 
==18043== TO DEBUG THIS PROCESS USING GDB: start GDB like this
==18043==   /path/to/gdb ../syscall-sensor
==18043== and then give GDB the following command
==18043==   target remote | /usr/lib/valgrind/../../bin/vgdb --pid=18043
==18043== --pid is optional if only one valgrind process is running
==18043== 
==18037== 
==18037== HEAP SUMMARY:
==18037==     in use at exit: 88,753 bytes in 25 blocks
==18037==   total heap usage: 121 allocs, 96 frees, 182,606 bytes allocated
==18037== 
==18037== Searching for pointers to 25 not-freed blocks
==18037== Checked 137,520 bytes
==18037== 
==18037== 16 bytes in 1 blocks are still reachable in loss record 1 of 24
==18037==    at 0x4C2E0EF: operator new(unsigned long) (in /usr/lib/valgrind/vgpreload_memcheck-amd64-linux.so)
==18037==    by 0x449965: __gnu_cxx::new_allocator<std::__detail::_Hash_node<Data_Stream*, false> >::allocate(unsigned long, void const*) (new_allocator.h:104)
==18037==    by 0x4494DB: std::allocator_traits<std::allocator<std::__detail::_Hash_node<Data_Stream*, false> > >::allocate(std::allocator<std::__detail::_Hash_node<Data_Stream*, false> >&, unsigned long) (alloc_traits.h:491)
==18037==    by 0x448F70: std::__detail::_Hash_node<Data_Stream*, false>* std::__detail::_Hashtable_alloc<std::allocator<std::__detail::_Hash_node<Data_Stream*, false> > >::_M_allocate_node<Data_Stream* const&>(Data_Stream* const&) (hashtable_policy.h:1949)
==18037==    by 0x448942: std::__detail::_Hash_node<Data_Stream*, false>* std::__detail::_AllocNode<std::allocator<std::__detail::_Hash_node<Data_Stream*, false> > >::operator()<Data_Stream* const&>(Data_Stream* const&) const (hashtable_policy.h:180)
==18037==    by 0x448437: std::pair<std::__detail::_Node_iterator<Data_Stream*, true, false>, bool> std::_Hashtable<Data_Stream*, Data_Stream*, std::allocator<Data_Stream*>, std::__detail::_Identity, std::equal_to<Data_Stream*>, std::hash<Data_Stream*>, std::__detail::_Mod_range_hashing, std::__detail::_Default_ranged_hash, std::__detail::_Prime_rehash_policy, std::__detail::_Hashtable_traits<false, true, true> >::_M_insert<Data_Stream* const&, std::__detail::_AllocNode<std::allocator<std::__detail::_Hash_node<Data_Stream*, false> > > >(Data_Stream* const&, std::__detail::_AllocNode<std::allocator<std::__detail::_Hash_node<Data_Stream*, false> > > const&, std::integral_constant<bool, true>) (hashtable.h:1703)
==18037==    by 0x447DBC: std::__detail::_Insert_base<Data_Stream*, Data_Stream*, std::allocator<Data_Stream*>, std::__detail::_Identity, std::equal_to<Data_Stream*>, std::hash<Data_Stream*>, std::__detail::_Mod_range_hashing, std::__detail::_Default_ranged_hash, std::__detail::_Prime_rehash_policy, std::__detail::_Hashtable_traits<false, true, true> >::insert(Data_Stream* const&) (hashtable_policy.h:715)
==18037==    by 0x4478DA: std::unordered_set<Data_Stream*, std::hash<Data_Stream*>, std::equal_to<Data_Stream*>, std::allocator<Data_Stream*> >::insert(Data_Stream* const&) (unordered_set.h:413)
==18037==    by 0x446D38: Syscall_Logger::add_stream(Data_Stream*) (syscall_logger.cpp:112)
==18037==    by 0x4391D6: Sensor_Manager::Sensor_Manager(unsigned char, std::__cxx11::basic_string<char, std::char_traits<char>, std::allocator<char> >, std::__cxx11::basic_string<char, std::char_traits<char>, std::allocator<char> >, std::__cxx11::basic_string<char, std::char_traits<char>, std::allocator<char> >) (sensor_manager.cpp:24)
==18037==    by 0x43C53F: start(Command_Line_Parser) (launcher.cpp:296)
==18037==    by 0x43B094: main (launcher.cpp:49)
==18037== 
==18037== 16 bytes in 1 blocks are still reachable in loss record 2 of 24
==18037==    at 0x4C2E0EF: operator new(unsigned long) (in /usr/lib/valgrind/vgpreload_memcheck-amd64-linux.so)
==18037==    by 0x43AE4F: __gnu_cxx::new_allocator<std::__detail::_Hash_node_base*>::allocate(unsigned long, void const*) (new_allocator.h:104)
==18037==    by 0x43ADF3: std::allocator_traits<std::allocator<std::__detail::_Hash_node_base*> >::allocate(std::allocator<std::__detail::_Hash_node_base*>&, unsigned long) (alloc_traits.h:491)
==18037==    by 0x449CEC: std::__detail::_Hashtable_alloc<std::allocator<std::__detail::_Hash_node<Data_Stream*, false> > >::_M_allocate_buckets(unsigned long) (hashtable_policy.h:1996)
==18037==    by 0x4499F6: std::_Hashtable<Data_Stream*, Data_Stream*, std::allocator<Data_Stream*>, std::__detail::_Identity, std::equal_to<Data_Stream*>, std::hash<Data_Stream*>, std::__detail::_Mod_range_hashing, std::__detail::_Default_ranged_hash, std::__detail::_Prime_rehash_policy, std::__detail::_Hashtable_traits<false, true, true> >::_M_allocate_buckets(unsigned long) (hashtable.h:347)
==18037==    by 0x449548: std::_Hashtable<Data_Stream*, Data_Stream*, std::allocator<Data_Stream*>, std::__detail::_Identity, std::equal_to<Data_Stream*>, std::hash<Data_Stream*>, std::__detail::_Mod_range_hashing, std::__detail::_Default_ranged_hash, std::__detail::_Prime_rehash_policy, std::__detail::_Hashtable_traits<false, true, true> >::_M_rehash_aux(unsigned long, std::integral_constant<bool, true>) (hashtable.h:1974)
==18037==    by 0x4490B1: std::_Hashtable<Data_Stream*, Data_Stream*, std::allocator<Data_Stream*>, std::__detail::_Identity, std::equal_to<Data_Stream*>, std::hash<Data_Stream*>, std::__detail::_Mod_range_hashing, std::__detail::_Default_ranged_hash, std::__detail::_Prime_rehash_policy, std::__detail::_Hashtable_traits<false, true, true> >::_M_rehash(unsigned long, unsigned long const&) (hashtable.h:1953)
==18037==    by 0x4489D9: std::_Hashtable<Data_Stream*, Data_Stream*, std::allocator<Data_Stream*>, std::__detail::_Identity, std::equal_to<Data_Stream*>, std::hash<Data_Stream*>, std::__detail::_Mod_range_hashing, std::__detail::_Default_ranged_hash, std::__detail::_Prime_rehash_policy, std::__detail::_Hashtable_traits<false, true, true> >::_M_insert_unique_node(unsigned long, unsigned long, std::__detail::_Hash_node<Data_Stream*, false>*) (hashtable.h:1600)
==18037==    by 0x448457: std::pair<std::__detail::_Node_iterator<Data_Stream*, true, false>, bool> std::_Hashtable<Data_Stream*, Data_Stream*, std::allocator<Data_Stream*>, std::__detail::_Identity, std::equal_to<Data_Stream*>, std::hash<Data_Stream*>, std::__detail::_Mod_range_hashing, std::__detail::_Default_ranged_hash, std::__detail::_Prime_rehash_policy, std::__detail::_Hashtable_traits<false, true, true> >::_M_insert<Data_Stream* const&, std::__detail::_AllocNode<std::allocator<std::__detail::_Hash_node<Data_Stream*, false> > > >(Data_Stream* const&, std::__detail::_AllocNode<std::allocator<std::__detail::_Hash_node<Data_Stream*, false> > > const&, std::integral_constant<bool, true>) (hashtable.h:1704)
==18037==    by 0x447DBC: std::__detail::_Insert_base<Data_Stream*, Data_Stream*, std::allocator<Data_Stream*>, std::__detail::_Identity, std::equal_to<Data_Stream*>, std::hash<Data_Stream*>, std::__detail::_Mod_range_hashing, std::__detail::_Default_ranged_hash, std::__detail::_Prime_rehash_policy, std::__detail::_Hashtable_traits<false, true, true> >::insert(Data_Stream* const&) (hashtable_policy.h:715)
==18037==    by 0x4478DA: std::unordered_set<Data_Stream*, std::hash<Data_Stream*>, std::equal_to<Data_Stream*>, std::allocator<Data_Stream*> >::insert(Data_Stream* const&) (unordered_set.h:413)
==18037==    by 0x446D38: Syscall_Logger::add_stream(Data_Stream*) (syscall_logger.cpp:112)
==18037== 
==18037== 16 bytes in 1 blocks are still reachable in loss record 3 of 24
==18037==    at 0x4C2E0EF: operator new(unsigned long) (in /usr/lib/valgrind/vgpreload_memcheck-amd64-linux.so)
==18037==    by 0x43ABDD: __gnu_cxx::new_allocator<std::__detail::_Hash_node<Sensor_Observer*, false> >::allocate(unsigned long, void const*) (new_allocator.h:104)
==18037==    by 0x43A8AD: std::allocator_traits<std::allocator<std::__detail::_Hash_node<Sensor_Observer*, false> > >::allocate(std::allocator<std::__detail::_Hash_node<Sensor_Observer*, false> >&, unsigned long) (alloc_traits.h:491)
==18037==    by 0x43A40C: std::__detail::_Hash_node<Sensor_Observer*, false>* std::__detail::_Hashtable_alloc<std::allocator<std::__detail::_Hash_node<Sensor_Observer*, false> > >::_M_allocate_node<Sensor_Observer* const&>(Sensor_Observer* const&) (hashtable_policy.h:1949)
==18037==    by 0x439F1A: std::__detail::_Hash_node<Sensor_Observer*, false>* std::__detail::_AllocNode<std::allocator<std::__detail::_Hash_node<Sensor_Observer*, false> > >::operator()<Sensor_Observer* const&>(Sensor_Observer* const&) const (hashtable_policy.h:180)
==18037==    by 0x439BCF: std::pair<std::__detail::_Node_iterator<Sensor_Observer*, true, false>, bool> std::_Hashtable<Sensor_Observer*, Sensor_Observer*, std::allocator<Sensor_Observer*>, std::__detail::_Identity, std::equal_to<Sensor_Observer*>, std::hash<Sensor_Observer*>, std::__detail::_Mod_range_hashing, std::__detail::_Default_ranged_hash, std::__detail::_Prime_rehash_policy, std::__detail::_Hashtable_traits<false, true, true> >::_M_insert<Sensor_Observer* const&, std::__detail::_AllocNode<std::allocator<std::__detail::_Hash_node<Sensor_Observer*, false> > > >(Sensor_Observer* const&, std::__detail::_AllocNode<std::allocator<std::__detail::_Hash_node<Sensor_Observer*, false> > > const&, std::integral_constant<bool, true>) (hashtable.h:1703)
==18037==    by 0x439966: std::__detail::_Insert_base<Sensor_Observer*, Sensor_Observer*, std::allocator<Sensor_Observer*>, std::__detail::_Identity, std::equal_to<Sensor_Observer*>, std::hash<Sensor_Observer*>, std::__detail::_Mod_range_hashing, std::__detail::_Default_ranged_hash, std::__detail::_Prime_rehash_policy, std::__detail::_Hashtable_traits<false, true, true> >::insert(Sensor_Observer* const&) (hashtable_policy.h:715)
==18037==    by 0x4398D6: std::unordered_set<Sensor_Observer*, std::hash<Sensor_Observer*>, std::equal_to<Sensor_Observer*>, std::allocator<Sensor_Observer*> >::insert(Sensor_Observer* const&) (unordered_set.h:413)
==18037==    by 0x4398B0: Sensor::attach_observer(Sensor_Observer*) (sensor.h:48)
==18037==    by 0x4391F0: Sensor_Manager::Sensor_Manager(unsigned char, std::__cxx11::basic_string<char, std::char_traits<char>, std::allocator<char> >, std::__cxx11::basic_string<char, std::char_traits<char>, std::allocator<char> >, std::__cxx11::basic_string<char, std::char_traits<char>, std::allocator<char> >) (sensor_manager.cpp:25)
==18037==    by 0x43C53F: start(Command_Line_Parser) (launcher.cpp:296)
==18037==    by 0x43B094: main (launcher.cpp:49)
==18037== 
==18037== 16 bytes in 1 blocks are still reachable in loss record 4 of 24
==18037==    at 0x4C2E0EF: operator new(unsigned long) (in /usr/lib/valgrind/vgpreload_memcheck-amd64-linux.so)
==18037==    by 0x43AE4F: __gnu_cxx::new_allocator<std::__detail::_Hash_node_base*>::allocate(unsigned long, void const*) (new_allocator.h:104)
==18037==    by 0x43ADF3: std::allocator_traits<std::allocator<std::__detail::_Hash_node_base*> >::allocate(std::allocator<std::__detail::_Hash_node_base*>&, unsigned long) (alloc_traits.h:491)
==18037==    by 0x43AD32: std::__detail::_Hashtable_alloc<std::allocator<std::__detail::_Hash_node<Sensor_Observer*, false> > >::_M_allocate_buckets(unsigned long) (hashtable_policy.h:1996)
==18037==    by 0x43AC6E: std::_Hashtable<Sensor_Observer*, Sensor_Observer*, std::allocator<Sensor_Observer*>, std::__detail::_Identity, std::equal_to<Sensor_Observer*>, std::hash<Sensor_Observer*>, std::__detail::_Mod_range_hashing, std::__detail::_Default_ranged_hash, std::__detail::_Prime_rehash_policy, std::__detail::_Hashtable_traits<false, true, true> >::_M_allocate_buckets(unsigned long) (hashtable.h:347)
==18037==    by 0x43A91A: std::_Hashtable<Sensor_Observer*, Sensor_Observer*, std::allocator<Sensor_Observer*>, std::__detail::_Identity, std::equal_to<Sensor_Observer*>, std::hash<Sensor_Observer*>, std::__detail::_Mod_range_hashing, std::__detail::_Default_ranged_hash, std::__detail::_Prime_rehash_policy, std::__detail::_Hashtable_traits<false, true, true> >::_M_rehash_aux(unsigned long, std::integral_constant<bool, true>) (hashtable.h:1974)
==18037==    by 0x43A54D: std::_Hashtable<Sensor_Observer*, Sensor_Observer*, std::allocator<Sensor_Observer*>, std::__detail::_Identity, std::equal_to<Sensor_Observer*>, std::hash<Sensor_Observer*>, std::__detail::_Mod_range_hashing, std::__detail::_Default_ranged_hash, std::__detail::_Prime_rehash_policy, std::__detail::_Hashtable_traits<false, true, true> >::_M_rehash(unsigned long, unsigned long const&) (hashtable.h:1953)
==18037==    by 0x439FB1: std::_Hashtable<Sensor_Observer*, Sensor_Observer*, std::allocator<Sensor_Observer*>, std::__detail::_Identity, std::equal_to<Sensor_Observer*>, std::hash<Sensor_Observer*>, std::__detail::_Mod_range_hashing, std::__detail::_Default_ranged_hash, std::__detail::_Prime_rehash_policy, std::__detail::_Hashtable_traits<false, true, true> >::_M_insert_unique_node(unsigned long, unsigned long, std::__detail::_Hash_node<Sensor_Observer*, false>*) (hashtable.h:1600)
==18037==    by 0x439BEF: std::pair<std::__detail::_Node_iterator<Sensor_Observer*, true, false>, bool> std::_Hashtable<Sensor_Observer*, Sensor_Observer*, std::allocator<Sensor_Observer*>, std::__detail::_Identity, std::equal_to<Sensor_Observer*>, std::hash<Sensor_Observer*>, std::__detail::_Mod_range_hashing, std::__detail::_Default_ranged_hash, std::__detail::_Prime_rehash_policy, std::__detail::_Hashtable_traits<false, true, true> >::_M_insert<Sensor_Observer* const&, std::__detail::_AllocNode<std::allocator<std::__detail::_Hash_node<Sensor_Observer*, false> > > >(Sensor_Observer* const&, std::__detail::_AllocNode<std::allocator<std::__detail::_Hash_node<Sensor_Observer*, false> > > const&, std::integral_constant<bool, true>) (hashtable.h:1704)
==18037==    by 0x439966: std::__detail::_Insert_base<Sensor_Observer*, Sensor_Observer*, std::allocator<Sensor_Observer*>, std::__detail::_Identity, std::equal_to<Sensor_Observer*>, std::hash<Sensor_Observer*>, std::__detail::_Mod_range_hashing, std::__detail::_Default_ranged_hash, std::__detail::_Prime_rehash_policy, std::__detail::_Hashtable_traits<false, true, true> >::insert(Sensor_Observer* const&) (hashtable_policy.h:715)
==18037==    by 0x4398D6: std::unordered_set<Sensor_Observer*, std::hash<Sensor_Observer*>, std::equal_to<Sensor_Observer*>, std::allocator<Sensor_Observer*> >::insert(Sensor_Observer* const&) (unordered_set.h:413)
==18037==    by 0x4398B0: Sensor::attach_observer(Sensor_Observer*) (sensor.h:48)
==18037== 
==18037== 32 bytes in 1 blocks are still reachable in loss record 5 of 24
==18037==    at 0x4C2E0EF: operator new(unsigned long) (in /usr/lib/valgrind/vgpreload_memcheck-amd64-linux.so)
==18037==    by 0x437709: __gnu_cxx::new_allocator<std::__cxx11::basic_string<char, std::char_traits<char>, std::allocator<char> > >::allocate(unsigned long, void const*) (new_allocator.h:104)
==18037==    by 0x4373D9: std::allocator_traits<std::allocator<std::__cxx11::basic_string<char, std::char_traits<char>, std::allocator<char> > > >::allocate(std::allocator<std::__cxx11::basic_string<char, std::char_traits<char>, std::allocator<char> > >&, unsigned long) (alloc_traits.h:491)
==18037==    by 0x436CF5: std::_Vector_base<std::__cxx11::basic_string<char, std::char_traits<char>, std::allocator<char> >, std::allocator<std::__cxx11::basic_string<char, std::char_traits<char>, std::allocator<char> > > >::_M_allocate(unsigned long) (stl_vector.h:170)
==18037==    by 0x436567: void std::vector<std::__cxx11::basic_string<char, std::char_traits<char>, std::allocator<char> >, std::allocator<std::__cxx11::basic_string<char, std::char_traits<char>, std::allocator<char> > > >::_M_emplace_back_aux<std::__cxx11::basic_string<char, std::char_traits<char>, std::allocator<char> > const&>(std::__cxx11::basic_string<char, std::char_traits<char>, std::allocator<char> > const&) (vector.tcc:412)
==18037==    by 0x436030: std::vector<std::__cxx11::basic_string<char, std::char_traits<char>, std::allocator<char> >, std::allocator<std::__cxx11::basic_string<char, std::char_traits<char>, std::allocator<char> > > >::push_back(std::__cxx11::basic_string<char, std::char_traits<char>, std::allocator<char> > const&) (stl_vector.h:923)
==18037==    by 0x42C60B: Command_Line_Parser::Command_Line_Parser(int, char**) (command_line_parser.cpp:30)
==18037==    by 0x43AEC1: main (launcher.cpp:39)
==18037== 
==18037== 32 bytes in 1 blocks are still reachable in loss record 6 of 24
==18037==    at 0x4C2E0EF: operator new(unsigned long) (in /usr/lib/valgrind/vgpreload_memcheck-amd64-linux.so)
==18037==    by 0x437709: __gnu_cxx::new_allocator<std::__cxx11::basic_string<char, std::char_traits<char>, std::allocator<char> > >::allocate(unsigned long, void const*) (new_allocator.h:104)
==18037==    by 0x4373D9: std::allocator_traits<std::allocator<std::__cxx11::basic_string<char, std::char_traits<char>, std::allocator<char> > > >::allocate(std::allocator<std::__cxx11::basic_string<char, std::char_traits<char>, std::allocator<char> > >&, unsigned long) (alloc_traits.h:491)
==18037==    by 0x436CF5: std::_Vector_base<std::__cxx11::basic_string<char, std::char_traits<char>, std::allocator<char> >, std::allocator<std::__cxx11::basic_string<char, std::char_traits<char>, std::allocator<char> > > >::_M_allocate(unsigned long) (stl_vector.h:170)
==18037==    by 0x43DA58: std::_Vector_base<std::__cxx11::basic_string<char, std::char_traits<char>, std::allocator<char> >, std::allocator<std::__cxx11::basic_string<char, std::char_traits<char>, std::allocator<char> > > >::_M_create_storage(unsigned long) (stl_vector.h:185)
==18037==    by 0x43D910: std::_Vector_base<std::__cxx11::basic_string<char, std::char_traits<char>, std::allocator<char> >, std::allocator<std::__cxx11::basic_string<char, std::char_traits<char>, std::allocator<char> > > >::_Vector_base(unsigned long, std::allocator<std::__cxx11::basic_string<char, std::char_traits<char>, std::allocator<char> > > const&) (stl_vector.h:136)
==18037==    by 0x43D789: std::vector<std::__cxx11::basic_string<char, std::char_traits<char>, std::allocator<char> >, std::allocator<std::__cxx11::basic_string<char, std::char_traits<char>, std::allocator<char> > > >::vector(std::vector<std::__cxx11::basic_string<char, std::char_traits<char>, std::allocator<char> >, std::allocator<std::__cxx11::basic_string<char, std::char_traits<char>, std::allocator<char> > > > const&) (stl_vector.h:320)
==18037==    by 0x43D61F: Command_Line_Parser::Command_Line_Parser(Command_Line_Parser const&) (in /home/alex/drexel/research/heimdall/syscall-sensor)
==18037==    by 0x43B085: main (launcher.cpp:49)
==18037== 
==18037== 64 bytes in 1 blocks are still reachable in loss record 7 of 24
==18037==    at 0x4C2E0EF: operator new(unsigned long) (in /usr/lib/valgrind/vgpreload_memcheck-amd64-linux.so)
==18037==    by 0x437709: __gnu_cxx::new_allocator<std::__cxx11::basic_string<char, std::char_traits<char>, std::allocator<char> > >::allocate(unsigned long, void const*) (new_allocator.h:104)
==18037==    by 0x4373D9: std::allocator_traits<std::allocator<std::__cxx11::basic_string<char, std::char_traits<char>, std::allocator<char> > > >::allocate(std::allocator<std::__cxx11::basic_string<char, std::char_traits<char>, std::allocator<char> > >&, unsigned long) (alloc_traits.h:491)
==18037==    by 0x436CF5: std::_Vector_base<std::__cxx11::basic_string<char, std::char_traits<char>, std::allocator<char> >, std::allocator<std::__cxx11::basic_string<char, std::char_traits<char>, std::allocator<char> > > >::_M_allocate(unsigned long) (stl_vector.h:170)
==18037==    by 0x436437: void std::vector<std::__cxx11::basic_string<char, std::char_traits<char>, std::allocator<char> >, std::allocator<std::__cxx11::basic_string<char, std::char_traits<char>, std::allocator<char> > > >::_M_range_initialize<std::__cxx11::basic_string<char, std::char_traits<char>, std::allocator<char> > const*>(std::__cxx11::basic_string<char, std::char_traits<char>, std::allocator<char> > const*, std::__cxx11::basic_string<char, std::char_traits<char>, std::allocator<char> > const*, std::forward_iterator_tag) (stl_vector.h:1287)
==18037==    by 0x435F03: std::vector<std::__cxx11::basic_string<char, std::char_traits<char>, std::allocator<char> >, std::allocator<std::__cxx11::basic_string<char, std::char_traits<char>, std::allocator<char> > > >::vector(std::initializer_list<std::__cxx11::basic_string<char, std::char_traits<char>, std::allocator<char> > >, std::allocator<std::__cxx11::basic_string<char, std::char_traits<char>, std::allocator<char> > > const&) (stl_vector.h:377)
==18037==    by 0x43EE92: Linux_Syscall_Reader::Linux_Syscall_Reader(unsigned char) (linux_syscall_reader.cpp:220)
==18037==    by 0x43DC34: Linux_Syscall_Reader::get_instance() (linux_syscall_reader.cpp:22)
==18037==    by 0x43DC71: Linux_Syscall_Reader::get_instance(unsigned char) (linux_syscall_reader.cpp:30)
==18037==    by 0x440344: Reader_Factory::create_reader() (reader_factory.cpp:27)
==18037==    by 0x44171A: Syscall_Sensor::Syscall_Sensor(unsigned char) (syscall_sensor.cpp:262)
==18037==    by 0x440BA4: Syscall_Sensor::get_instance() (syscall_sensor.cpp:40)
==18037== 
==18037== 64 bytes in 1 blocks are still reachable in loss record 8 of 24
==18037==    at 0x4C2E0EF: operator new(unsigned long) (in /usr/lib/valgrind/vgpreload_memcheck-amd64-linux.so)
==18037==    by 0x439184: Sensor_Manager::Sensor_Manager(unsigned char, std::__cxx11::basic_string<char, std::char_traits<char>, std::allocator<char> >, std::__cxx11::basic_string<char, std::char_traits<char>, std::allocator<char> >, std::__cxx11::basic_string<char, std::char_traits<char>, std::allocator<char> >) (sensor_manager.cpp:22)
==18037==    by 0x43C53F: start(Command_Line_Parser) (launcher.cpp:296)
==18037==    by 0x43B094: main (launcher.cpp:49)
==18037== 
==18037== 96 bytes in 1 blocks are still reachable in loss record 9 of 24
==18037==    at 0x4C2E0EF: operator new(unsigned long) (in /usr/lib/valgrind/vgpreload_memcheck-amd64-linux.so)
==18037==    by 0x437709: __gnu_cxx::new_allocator<std::__cxx11::basic_string<char, std::char_traits<char>, std::allocator<char> > >::allocate(unsigned long, void const*) (new_allocator.h:104)
==18037==    by 0x4373D9: std::allocator_traits<std::allocator<std::__cxx11::basic_string<char, std::char_traits<char>, std::allocator<char> > > >::allocate(std::allocator<std::__cxx11::basic_string<char, std::char_traits<char>, std::allocator<char> > >&, unsigned long) (alloc_traits.h:491)
==18037==    by 0x436CF5: std::_Vector_base<std::__cxx11::basic_string<char, std::char_traits<char>, std::allocator<char> >, std::allocator<std::__cxx11::basic_string<char, std::char_traits<char>, std::allocator<char> > > >::_M_allocate(unsigned long) (stl_vector.h:170)
==18037==    by 0x436437: void std::vector<std::__cxx11::basic_string<char, std::char_traits<char>, std::allocator<char> >, std::allocator<std::__cxx11::basic_string<char, std::char_traits<char>, std::allocator<char> > > >::_M_range_initialize<std::__cxx11::basic_string<char, std::char_traits<char>, std::allocator<char> > const*>(std::__cxx11::basic_string<char, std::char_traits<char>, std::allocator<char> > const*, std::__cxx11::basic_string<char, std::char_traits<char>, std::allocator<char> > const*, std::forward_iterator_tag) (stl_vector.h:1287)
==18037==    by 0x435F03: std::vector<std::__cxx11::basic_string<char, std::char_traits<char>, std::allocator<char> >, std::allocator<std::__cxx11::basic_string<char, std::char_traits<char>, std::allocator<char> > > >::vector(std::initializer_list<std::__cxx11::basic_string<char, std::char_traits<char>, std::allocator<char> > >, std::allocator<std::__cxx11::basic_string<char, std::char_traits<char>, std::allocator<char> > > const&) (stl_vector.h:377)
==18037==    by 0x42C370: Command_Line_Parser::Command_Line_Parser(int, char**) (command_line_parser.cpp:14)
==18037==    by 0x43AEC1: main (launcher.cpp:39)
==18037== 
==18037== 96 bytes in 1 blocks are still reachable in loss record 10 of 24
==18037==    at 0x4C2E0EF: operator new(unsigned long) (in /usr/lib/valgrind/vgpreload_memcheck-amd64-linux.so)
==18037==    by 0x437709: __gnu_cxx::new_allocator<std::__cxx11::basic_string<char, std::char_traits<char>, std::allocator<char> > >::allocate(unsigned long, void const*) (new_allocator.h:104)
==18037==    by 0x4373D9: std::allocator_traits<std::allocator<std::__cxx11::basic_string<char, std::char_traits<char>, std::allocator<char> > > >::allocate(std::allocator<std::__cxx11::basic_string<char, std::char_traits<char>, std::allocator<char> > >&, unsigned long) (alloc_traits.h:491)
==18037==    by 0x436CF5: std::_Vector_base<std::__cxx11::basic_string<char, std::char_traits<char>, std::allocator<char> >, std::allocator<std::__cxx11::basic_string<char, std::char_traits<char>, std::allocator<char> > > >::_M_allocate(unsigned long) (stl_vector.h:170)
==18037==    by 0x436437: void std::vector<std::__cxx11::basic_string<char, std::char_traits<char>, std::allocator<char> >, std::allocator<std::__cxx11::basic_string<char, std::char_traits<char>, std::allocator<char> > > >::_M_range_initialize<std::__cxx11::basic_string<char, std::char_traits<char>, std::allocator<char> > const*>(std::__cxx11::basic_string<char, std::char_traits<char>, std::allocator<char> > const*, std::__cxx11::basic_string<char, std::char_traits<char>, std::allocator<char> > const*, std::forward_iterator_tag) (stl_vector.h:1287)
==18037==    by 0x435F03: std::vector<std::__cxx11::basic_string<char, std::char_traits<char>, std::allocator<char> >, std::allocator<std::__cxx11::basic_string<char, std::char_traits<char>, std::allocator<char> > > >::vector(std::initializer_list<std::__cxx11::basic_string<char, std::char_traits<char>, std::allocator<char> > >, std::allocator<std::__cxx11::basic_string<char, std::char_traits<char>, std::allocator<char> > > const&) (stl_vector.h:377)
==18037==    by 0x42C4A8: Command_Line_Parser::Command_Line_Parser(int, char**) (command_line_parser.cpp:14)
==18037==    by 0x43AEC1: main (launcher.cpp:39)
==18037== 
==18037== 96 bytes in 1 blocks are still reachable in loss record 11 of 24
==18037==    at 0x4C2E0EF: operator new(unsigned long) (in /usr/lib/valgrind/vgpreload_memcheck-amd64-linux.so)
==18037==    by 0x437709: __gnu_cxx::new_allocator<std::__cxx11::basic_string<char, std::char_traits<char>, std::allocator<char> > >::allocate(unsigned long, void const*) (new_allocator.h:104)
==18037==    by 0x4373D9: std::allocator_traits<std::allocator<std::__cxx11::basic_string<char, std::char_traits<char>, std::allocator<char> > > >::allocate(std::allocator<std::__cxx11::basic_string<char, std::char_traits<char>, std::allocator<char> > >&, unsigned long) (alloc_traits.h:491)
==18037==    by 0x436CF5: std::_Vector_base<std::__cxx11::basic_string<char, std::char_traits<char>, std::allocator<char> >, std::allocator<std::__cxx11::basic_string<char, std::char_traits<char>, std::allocator<char> > > >::_M_allocate(unsigned long) (stl_vector.h:170)
==18037==    by 0x43DA58: std::_Vector_base<std::__cxx11::basic_string<char, std::char_traits<char>, std::allocator<char> >, std::allocator<std::__cxx11::basic_string<char, std::char_traits<char>, std::allocator<char> > > >::_M_create_storage(unsigned long) (stl_vector.h:185)
==18037==    by 0x43D910: std::_Vector_base<std::__cxx11::basic_string<char, std::char_traits<char>, std::allocator<char> >, std::allocator<std::__cxx11::basic_string<char, std::char_traits<char>, std::allocator<char> > > >::_Vector_base(unsigned long, std::allocator<std::__cxx11::basic_string<char, std::char_traits<char>, std::allocator<char> > > const&) (stl_vector.h:136)
==18037==    by 0x43D789: std::vector<std::__cxx11::basic_string<char, std::char_traits<char>, std::allocator<char> >, std::allocator<std::__cxx11::basic_string<char, std::char_traits<char>, std::allocator<char> > > >::vector(std::vector<std::__cxx11::basic_string<char, std::char_traits<char>, std::allocator<char> >, std::allocator<std::__cxx11::basic_string<char, std::char_traits<char>, std::allocator<char> > > > const&) (stl_vector.h:320)
==18037==    by 0x43D670: Command_Line_Parser::Command_Line_Parser(Command_Line_Parser const&) (in /home/alex/drexel/research/heimdall/syscall-sensor)
==18037==    by 0x43B085: main (launcher.cpp:49)
==18037== 
==18037== 96 bytes in 1 blocks are still reachable in loss record 12 of 24
==18037==    at 0x4C2E0EF: operator new(unsigned long) (in /usr/lib/valgrind/vgpreload_memcheck-amd64-linux.so)
==18037==    by 0x437709: __gnu_cxx::new_allocator<std::__cxx11::basic_string<char, std::char_traits<char>, std::allocator<char> > >::allocate(unsigned long, void const*) (new_allocator.h:104)
==18037==    by 0x4373D9: std::allocator_traits<std::allocator<std::__cxx11::basic_string<char, std::char_traits<char>, std::allocator<char> > > >::allocate(std::allocator<std::__cxx11::basic_string<char, std::char_traits<char>, std::allocator<char> > >&, unsigned long) (alloc_traits.h:491)
==18037==    by 0x436CF5: std::_Vector_base<std::__cxx11::basic_string<char, std::char_traits<char>, std::allocator<char> >, std::allocator<std::__cxx11::basic_string<char, std::char_traits<char>, std::allocator<char> > > >::_M_allocate(unsigned long) (stl_vector.h:170)
==18037==    by 0x43DA58: std::_Vector_base<std::__cxx11::basic_string<char, std::char_traits<char>, std::allocator<char> >, std::allocator<std::__cxx11::basic_string<char, std::char_traits<char>, std::allocator<char> > > >::_M_create_storage(unsigned long) (stl_vector.h:185)
==18037==    by 0x43D910: std::_Vector_base<std::__cxx11::basic_string<char, std::char_traits<char>, std::allocator<char> >, std::allocator<std::__cxx11::basic_string<char, std::char_traits<char>, std::allocator<char> > > >::_Vector_base(unsigned long, std::allocator<std::__cxx11::basic_string<char, std::char_traits<char>, std::allocator<char> > > const&) (stl_vector.h:136)
==18037==    by 0x43D789: std::vector<std::__cxx11::basic_string<char, std::char_traits<char>, std::allocator<char> >, std::allocator<std::__cxx11::basic_string<char, std::char_traits<char>, std::allocator<char> > > >::vector(std::vector<std::__cxx11::basic_string<char, std::char_traits<char>, std::allocator<char> >, std::allocator<std::__cxx11::basic_string<char, std::char_traits<char>, std::allocator<char> > > > const&) (stl_vector.h:320)
==18037==    by 0x43D68B: Command_Line_Parser::Command_Line_Parser(Command_Line_Parser const&) (in /home/alex/drexel/research/heimdall/syscall-sensor)
==18037==    by 0x43B085: main (launcher.cpp:49)
==18037== 
==18037== 125 bytes in 2 blocks are still reachable in loss record 13 of 24
==18037==    at 0x4C2E0EF: operator new(unsigned long) (in /usr/lib/valgrind/vgpreload_memcheck-amd64-linux.so)
==18037==    by 0x438F74: void std::__cxx11::basic_string<char, std::char_traits<char>, std::allocator<char> >::_M_construct<char*>(char*, char*, std::forward_iterator_tag) (basic_string.tcc:223)
==18037==    by 0x51789CE: std::__cxx11::basic_string<char, std::char_traits<char>, std::allocator<char> >::basic_string(std::__cxx11::basic_string<char, std::char_traits<char>, std::allocator<char> > const&) (in /usr/lib/x86_64-linux-gnu/libstdc++.so.6.0.21)
==18037==    by 0x4379B9: void std::_Construct<std::__cxx11::basic_string<char, std::char_traits<char>, std::allocator<char> >, std::__cxx11::basic_string<char, std::char_traits<char>, std::allocator<char> > const&>(std::__cxx11::basic_string<char, std::char_traits<char>, std::allocator<char> >*, std::__cxx11::basic_string<char, std::char_traits<char>, std::allocator<char> > const&) (in /home/alex/drexel/research/heimdall/syscall-sensor)
==18037==    by 0x437750: std::__cxx11::basic_string<char, std::char_traits<char>, std::allocator<char> >* std::__uninitialized_copy<false>::__uninit_copy<std::__cxx11::basic_string<char, std::char_traits<char>, std::allocator<char> > const*, std::__cxx11::basic_string<char, std::char_traits<char>, std::allocator<char> >*>(std::__cxx11::basic_string<char, std::char_traits<char>, std::allocator<char> > const*, std::__cxx11::basic_string<char, std::char_traits<char>, std::allocator<char> > const*, std::__cxx11::basic_string<char, std::char_traits<char>, std::allocator<char> >*) (stl_uninitialized.h:75)
==18037==    by 0x43740A: std::__cxx11::basic_string<char, std::char_traits<char>, std::allocator<char> >* std::uninitialized_copy<std::__cxx11::basic_string<char, std::char_traits<char>, std::allocator<char> > const*, std::__cxx11::basic_string<char, std::char_traits<char>, std::allocator<char> >*>(std::__cxx11::basic_string<char, std::char_traits<char>, std::allocator<char> > const*, std::__cxx11::basic_string<char, std::char_traits<char>, std::allocator<char> > const*, std::__cxx11::basic_string<char, std::char_traits<char>, std::allocator<char> >*) (stl_uninitialized.h:126)
==18037==    by 0x436D2D: std::__cxx11::basic_string<char, std::char_traits<char>, std::allocator<char> >* std::__uninitialized_copy_a<std::__cxx11::basic_string<char, std::char_traits<char>, std::allocator<char> > const*, std::__cxx11::basic_string<char, std::char_traits<char>, std::allocator<char> >*, std::__cxx11::basic_string<char, std::char_traits<char>, std::allocator<char> > >(std::__cxx11::basic_string<char, std::char_traits<char>, std::allocator<char> > const*, std::__cxx11::basic_string<char, std::char_traits<char>, std::allocator<char> > const*, std::__cxx11::basic_string<char, std::char_traits<char>, std::allocator<char> >*, std::allocator<std::__cxx11::basic_string<char, std::char_traits<char>, std::allocator<char> > >&) (stl_uninitialized.h:281)
==18037==    by 0x436481: void std::vector<std::__cxx11::basic_string<char, std::char_traits<char>, std::allocator<char> >, std::allocator<std::__cxx11::basic_string<char, std::char_traits<char>, std::allocator<char> > > >::_M_range_initialize<std::__cxx11::basic_string<char, std::char_traits<char>, std::allocator<char> > const*>(std::__cxx11::basic_string<char, std::char_traits<char>, std::allocator<char> > const*, std::__cxx11::basic_string<char, std::char_traits<char>, std::allocator<char> > const*, std::forward_iterator_tag) (stl_vector.h:1290)
==18037==    by 0x435F03: std::vector<std::__cxx11::basic_string<char, std::char_traits<char>, std::allocator<char> >, std::allocator<std::__cxx11::basic_string<char, std::char_traits<char>, std::allocator<char> > > >::vector(std::initializer_list<std::__cxx11::basic_string<char, std::char_traits<char>, std::allocator<char> > >, std::allocator<std::__cxx11::basic_string<char, std::char_traits<char>, std::allocator<char> > > const&) (stl_vector.h:377)
==18037==    by 0x43EE92: Linux_Syscall_Reader::Linux_Syscall_Reader(unsigned char) (linux_syscall_reader.cpp:220)
==18037==    by 0x43DC34: Linux_Syscall_Reader::get_instance() (linux_syscall_reader.cpp:22)
==18037==    by 0x43DC71: Linux_Syscall_Reader::get_instance(unsigned char) (linux_syscall_reader.cpp:30)
==18037== 
==18037== 168 bytes in 1 blocks are still reachable in loss record 14 of 24
==18037==    at 0x4C2E0EF: operator new(unsigned long) (in /usr/lib/valgrind/vgpreload_memcheck-amd64-linux.so)
==18037==    by 0x439133: Sensor_Manager::Sensor_Manager(unsigned char, std::__cxx11::basic_string<char, std::char_traits<char>, std::allocator<char> >, std::__cxx11::basic_string<char, std::char_traits<char>, std::allocator<char> >, std::__cxx11::basic_string<char, std::char_traits<char>, std::allocator<char> >) (sensor_manager.cpp:20)
==18037==    by 0x43C53F: start(Command_Line_Parser) (launcher.cpp:296)
==18037==    by 0x43B094: main (launcher.cpp:49)
==18037== 
==18037== 184 bytes in 1 blocks are still reachable in loss record 15 of 24
==18037==    at 0x4C2E0EF: operator new(unsigned long) (in /usr/lib/valgrind/vgpreload_memcheck-amd64-linux.so)
==18037==    by 0x440B94: Syscall_Sensor::get_instance() (syscall_sensor.cpp:40)
==18037==    by 0x439105: Sensor_Manager::Sensor_Manager(unsigned char, std::__cxx11::basic_string<char, std::char_traits<char>, std::allocator<char> >, std::__cxx11::basic_string<char, std::char_traits<char>, std::allocator<char> >, std::__cxx11::basic_string<char, std::char_traits<char>, std::allocator<char> >) (sensor_manager.cpp:16)
==18037==    by 0x43C53F: start(Command_Line_Parser) (launcher.cpp:296)
==18037==    by 0x43B094: main (launcher.cpp:49)
==18037== 
==18037== 288 bytes in 1 blocks are still reachable in loss record 16 of 24
==18037==    at 0x4C2E0EF: operator new(unsigned long) (in /usr/lib/valgrind/vgpreload_memcheck-amd64-linux.so)
==18037==    by 0x437709: __gnu_cxx::new_allocator<std::__cxx11::basic_string<char, std::char_traits<char>, std::allocator<char> > >::allocate(unsigned long, void const*) (new_allocator.h:104)
==18037==    by 0x4373D9: std::allocator_traits<std::allocator<std::__cxx11::basic_string<char, std::char_traits<char>, std::allocator<char> > > >::allocate(std::allocator<std::__cxx11::basic_string<char, std::char_traits<char>, std::allocator<char> > >&, unsigned long) (alloc_traits.h:491)
==18037==    by 0x436CF5: std::_Vector_base<std::__cxx11::basic_string<char, std::char_traits<char>, std::allocator<char> >, std::allocator<std::__cxx11::basic_string<char, std::char_traits<char>, std::allocator<char> > > >::_M_allocate(unsigned long) (stl_vector.h:170)
==18037==    by 0x436437: void std::vector<std::__cxx11::basic_string<char, std::char_traits<char>, std::allocator<char> >, std::allocator<std::__cxx11::basic_string<char, std::char_traits<char>, std::allocator<char> > > >::_M_range_initialize<std::__cxx11::basic_string<char, std::char_traits<char>, std::allocator<char> > const*>(std::__cxx11::basic_string<char, std::char_traits<char>, std::allocator<char> > const*, std::__cxx11::basic_string<char, std::char_traits<char>, std::allocator<char> > const*, std::forward_iterator_tag) (stl_vector.h:1287)
==18037==    by 0x435F03: std::vector<std::__cxx11::basic_string<char, std::char_traits<char>, std::allocator<char> >, std::allocator<std::__cxx11::basic_string<char, std::char_traits<char>, std::allocator<char> > > >::vector(std::initializer_list<std::__cxx11::basic_string<char, std::char_traits<char>, std::allocator<char> > >, std::allocator<std::__cxx11::basic_string<char, std::char_traits<char>, std::allocator<char> > > const&) (stl_vector.h:377)
==18037==    by 0x42C1DB: Command_Line_Parser::Command_Line_Parser(int, char**) (command_line_parser.cpp:14)
==18037==    by 0x43AEC1: main (launcher.cpp:39)
==18037== 
==18037== 288 bytes in 1 blocks are still reachable in loss record 17 of 24
==18037==    at 0x4C2E0EF: operator new(unsigned long) (in /usr/lib/valgrind/vgpreload_memcheck-amd64-linux.so)
==18037==    by 0x437709: __gnu_cxx::new_allocator<std::__cxx11::basic_string<char, std::char_traits<char>, std::allocator<char> > >::allocate(unsigned long, void const*) (new_allocator.h:104)
==18037==    by 0x4373D9: std::allocator_traits<std::allocator<std::__cxx11::basic_string<char, std::char_traits<char>, std::allocator<char> > > >::allocate(std::allocator<std::__cxx11::basic_string<char, std::char_traits<char>, std::allocator<char> > >&, unsigned long) (alloc_traits.h:491)
==18037==    by 0x436CF5: std::_Vector_base<std::__cxx11::basic_string<char, std::char_traits<char>, std::allocator<char> >, std::allocator<std::__cxx11::basic_string<char, std::char_traits<char>, std::allocator<char> > > >::_M_allocate(unsigned long) (stl_vector.h:170)
==18037==    by 0x43DA58: std::_Vector_base<std::__cxx11::basic_string<char, std::char_traits<char>, std::allocator<char> >, std::allocator<std::__cxx11::basic_string<char, std::char_traits<char>, std::allocator<char> > > >::_M_create_storage(unsigned long) (stl_vector.h:185)
==18037==    by 0x43D910: std::_Vector_base<std::__cxx11::basic_string<char, std::char_traits<char>, std::allocator<char> >, std::allocator<std::__cxx11::basic_string<char, std::char_traits<char>, std::allocator<char> > > >::_Vector_base(unsigned long, std::allocator<std::__cxx11::basic_string<char, std::char_traits<char>, std::allocator<char> > > const&) (stl_vector.h:136)
==18037==    by 0x43D789: std::vector<std::__cxx11::basic_string<char, std::char_traits<char>, std::allocator<char> >, std::allocator<std::__cxx11::basic_string<char, std::char_traits<char>, std::allocator<char> > > >::vector(std::vector<std::__cxx11::basic_string<char, std::char_traits<char>, std::allocator<char> >, std::allocator<std::__cxx11::basic_string<char, std::char_traits<char>, std::allocator<char> > > > const&) (stl_vector.h:320)
==18037==    by 0x43D655: Command_Line_Parser::Command_Line_Parser(Command_Line_Parser const&) (in /home/alex/drexel/research/heimdall/syscall-sensor)
==18037==    by 0x43B085: main (launcher.cpp:49)
==18037== 
==18037== 512 bytes in 1 blocks are still reachable in loss record 18 of 24
==18037==    at 0x4C2E0EF: operator new(unsigned long) (in /usr/lib/valgrind/vgpreload_memcheck-amd64-linux.so)
==18037==    by 0x4465DF: Output_Stream::Output_Stream(std::__cxx11::basic_string<char, std::char_traits<char>, std::allocator<char> >, unsigned char, std::__cxx11::basic_string<char, std::char_traits<char>, std::allocator<char> >) (output_stream.cpp:45)
==18037==    by 0x43919B: Sensor_Manager::Sensor_Manager(unsigned char, std::__cxx11::basic_string<char, std::char_traits<char>, std::allocator<char> >, std::__cxx11::basic_string<char, std::char_traits<char>, std::allocator<char> >, std::__cxx11::basic_string<char, std::char_traits<char>, std::allocator<char> >) (sensor_manager.cpp:22)
==18037==    by 0x43C53F: start(Command_Line_Parser) (launcher.cpp:296)
==18037==    by 0x43B094: main (launcher.cpp:49)
==18037== 
==18037== 552 bytes in 1 blocks are still reachable in loss record 19 of 24
==18037==    at 0x4C2DB8F: malloc (in /usr/lib/valgrind/vgpreload_memcheck-amd64-linux.so)
==18037==    by 0x5965C8C: __fopen_internal (iofopen.c:69)
==18037==    by 0x510711F: std::__basic_file<char>::open(char const*, std::_Ios_Openmode, int) (in /usr/lib/x86_64-linux-gnu/libstdc++.so.6.0.21)
==18037==    by 0x5147699: std::basic_filebuf<char, std::char_traits<char> >::open(char const*, std::_Ios_Openmode) (in /usr/lib/x86_64-linux-gnu/libstdc++.so.6.0.21)
==18037==    by 0x51482A7: std::basic_ofstream<char, std::char_traits<char> >::basic_ofstream(std::__cxx11::basic_string<char, std::char_traits<char>, std::allocator<char> > const&, std::_Ios_Openmode) (in /usr/lib/x86_64-linux-gnu/libstdc++.so.6.0.21)
==18037==    by 0x4465F4: Output_Stream::Output_Stream(std::__cxx11::basic_string<char, std::char_traits<char>, std::allocator<char> >, unsigned char, std::__cxx11::basic_string<char, std::char_traits<char>, std::allocator<char> >) (output_stream.cpp:45)
==18037==    by 0x43919B: Sensor_Manager::Sensor_Manager(unsigned char, std::__cxx11::basic_string<char, std::char_traits<char>, std::allocator<char> >, std::__cxx11::basic_string<char, std::char_traits<char>, std::allocator<char> >, std::__cxx11::basic_string<char, std::char_traits<char>, std::allocator<char> >) (sensor_manager.cpp:22)
==18037==    by 0x43C53F: start(Command_Line_Parser) (launcher.cpp:296)
==18037==    by 0x43B094: main (launcher.cpp:49)
==18037== 
==18037== 656 bytes in 1 blocks are still reachable in loss record 20 of 24
==18037==    at 0x4C2E0EF: operator new(unsigned long) (in /usr/lib/valgrind/vgpreload_memcheck-amd64-linux.so)
==18037==    by 0x43DC24: Linux_Syscall_Reader::get_instance() (linux_syscall_reader.cpp:22)
==18037==    by 0x43DC71: Linux_Syscall_Reader::get_instance(unsigned char) (linux_syscall_reader.cpp:30)
==18037==    by 0x440344: Reader_Factory::create_reader() (reader_factory.cpp:27)
==18037==    by 0x44171A: Syscall_Sensor::Syscall_Sensor(unsigned char) (syscall_sensor.cpp:262)
==18037==    by 0x440BA4: Syscall_Sensor::get_instance() (syscall_sensor.cpp:40)
==18037==    by 0x439105: Sensor_Manager::Sensor_Manager(unsigned char, std::__cxx11::basic_string<char, std::char_traits<char>, std::allocator<char> >, std::__cxx11::basic_string<char, std::char_traits<char>, std::allocator<char> >, std::__cxx11::basic_string<char, std::char_traits<char>, std::allocator<char> >) (sensor_manager.cpp:16)
==18037==    by 0x43C53F: start(Command_Line_Parser) (launcher.cpp:296)
==18037==    by 0x43B094: main (launcher.cpp:49)
==18037== 
==18037== 2,222 bytes in 1 blocks are still reachable in loss record 21 of 24
==18037==    at 0x4C2DB8F: malloc (in /usr/lib/valgrind/vgpreload_memcheck-amd64-linux.so)
==18037==    by 0x443471: moodycamel::ReaderWriterQueue<Sensor_Data, 512ul>::make_block(unsigned long) (readerwriterqueue.h:625)
==18037==    by 0x442A27: moodycamel::ReaderWriterQueue<Sensor_Data, 512ul>::ReaderWriterQueue(unsigned long) (readerwriterqueue.h:127)
==18037==    by 0x442687: Sensor::Sensor() (sensor.h:29)
==18037==    by 0x4416F0: Syscall_Sensor::Syscall_Sensor(unsigned char) (syscall_sensor.cpp:258)
==18037==    by 0x440BA4: Syscall_Sensor::get_instance() (syscall_sensor.cpp:40)
==18037==    by 0x439105: Sensor_Manager::Sensor_Manager(unsigned char, std::__cxx11::basic_string<char, std::char_traits<char>, std::allocator<char> >, std::__cxx11::basic_string<char, std::char_traits<char>, std::allocator<char> >, std::__cxx11::basic_string<char, std::char_traits<char>, std::allocator<char> >) (sensor_manager.cpp:16)
==18037==    by 0x43C53F: start(Command_Line_Parser) (launcher.cpp:296)
==18037==    by 0x43B094: main (launcher.cpp:49)
==18037== 
==18037== 2,222 bytes in 1 blocks are still reachable in loss record 22 of 24
==18037==    at 0x4C2DB8F: malloc (in /usr/lib/valgrind/vgpreload_memcheck-amd64-linux.so)
==18037==    by 0x443471: moodycamel::ReaderWriterQueue<Sensor_Data, 512ul>::make_block(unsigned long) (readerwriterqueue.h:625)
==18037==    by 0x442A27: moodycamel::ReaderWriterQueue<Sensor_Data, 512ul>::ReaderWriterQueue(unsigned long) (readerwriterqueue.h:127)
==18037==    by 0x44730A: Sensor_Observer::Sensor_Observer() (sensor_observer.h:19)
==18037==    by 0x446A3B: Syscall_Logger::Syscall_Logger() (syscall_logger.cpp:14)
==18037==    by 0x43913E: Sensor_Manager::Sensor_Manager(unsigned char, std::__cxx11::basic_string<char, std::char_traits<char>, std::allocator<char> >, std::__cxx11::basic_string<char, std::char_traits<char>, std::allocator<char> >, std::__cxx11::basic_string<char, std::char_traits<char>, std::allocator<char> >) (sensor_manager.cpp:20)
==18037==    by 0x43C53F: start(Command_Line_Parser) (launcher.cpp:296)
==18037==    by 0x43B094: main (launcher.cpp:49)
==18037== 
==18037== 8,192 bytes in 1 blocks are still reachable in loss record 23 of 24
==18037==    at 0x4C2E80F: operator new[](unsigned long) (in /usr/lib/valgrind/vgpreload_memcheck-amd64-linux.so)
==18037==    by 0x5143467: std::basic_filebuf<char, std::char_traits<char> >::_M_allocate_internal_buffer() (in /usr/lib/x86_64-linux-gnu/libstdc++.so.6.0.21)
==18037==    by 0x51476B1: std::basic_filebuf<char, std::char_traits<char> >::open(char const*, std::_Ios_Openmode) (in /usr/lib/x86_64-linux-gnu/libstdc++.so.6.0.21)
==18037==    by 0x51482A7: std::basic_ofstream<char, std::char_traits<char> >::basic_ofstream(std::__cxx11::basic_string<char, std::char_traits<char>, std::allocator<char> > const&, std::_Ios_Openmode) (in /usr/lib/x86_64-linux-gnu/libstdc++.so.6.0.21)
==18037==    by 0x4465F4: Output_Stream::Output_Stream(std::__cxx11::basic_string<char, std::char_traits<char>, std::allocator<char> >, unsigned char, std::__cxx11::basic_string<char, std::char_traits<char>, std::allocator<char> >) (output_stream.cpp:45)
==18037==    by 0x43919B: Sensor_Manager::Sensor_Manager(unsigned char, std::__cxx11::basic_string<char, std::char_traits<char>, std::allocator<char> >, std::__cxx11::basic_string<char, std::char_traits<char>, std::allocator<char> >, std::__cxx11::basic_string<char, std::char_traits<char>, std::allocator<char> >) (sensor_manager.cpp:22)
==18037==    by 0x43C53F: start(Command_Line_Parser) (launcher.cpp:296)
==18037==    by 0x43B094: main (launcher.cpp:49)
==18037== 
==18037== 72,704 bytes in 1 blocks are still reachable in loss record 24 of 24
==18037==    at 0x4C2DB8F: malloc (in /usr/lib/valgrind/vgpreload_memcheck-amd64-linux.so)
==18037==    by 0x50E0EFF: ??? (in /usr/lib/x86_64-linux-gnu/libstdc++.so.6.0.21)
==18037==    by 0x40104E9: call_init.part.0 (dl-init.c:72)
==18037==    by 0x40105FA: call_init (dl-init.c:30)
==18037==    by 0x40105FA: _dl_init (dl-init.c:120)
==18037==    by 0x4000CF9: ??? (in /lib/x86_64-linux-gnu/ld-2.23.so)
==18037==    by 0x1: ???
==18037==    by 0xFFF00074E: ???
==18037==    by 0xFFF000760: ???
==18037== 
==18037== LEAK SUMMARY:
==18037==    definitely lost: 0 bytes in 0 blocks
==18037==    indirectly lost: 0 bytes in 0 blocks
==18037==      possibly lost: 0 bytes in 0 blocks
==18037==    still reachable: 88,753 bytes in 25 blocks
==18037==         suppressed: 0 bytes in 0 blocks
==18037== 
==18037== ERROR SUMMARY: 0 errors from 0 contexts (suppressed: 0 from 0)
==18037== ERROR SUMMARY: 0 errors from 0 contexts (suppressed: 0 from 0)
==18045== embedded gdbserver: reading from /tmp/vgdb-pipe-from-vgdb-to-18045-by-root-on-???
==18045== embedded gdbserver: writing to   /tmp/vgdb-pipe-to-vgdb-from-18045-by-root-on-???
==18045== embedded gdbserver: shared mem   /tmp/vgdb-pipe-shared-mem-vgdb-18045-by-root-on-???
==18045== 
==18045== TO CONTROL THIS PROCESS USING vgdb (which you probably
==18045== don't want to do, unless you know exactly what you're doing,
==18045== or are doing some strange experiment):
==18045==   /usr/lib/valgrind/../../bin/vgdb --pid=18045 ...command...
==18045== 
==18045== TO DEBUG THIS PROCESS USING GDB: start GDB like this
==18045==   /path/to/gdb ../syscall-sensor
==18045== and then give GDB the following command
==18045==   target remote | /usr/lib/valgrind/../../bin/vgdb --pid=18045
==18045== --pid is optional if only one valgrind process is running
==18045== 
==18049== embedded gdbserver: reading from /tmp/vgdb-pipe-from-vgdb-to-18049-by-root-on-???
==18049== embedded gdbserver: writing to   /tmp/vgdb-pipe-to-vgdb-from-18049-by-root-on-???
==18049== embedded gdbserver: shared mem   /tmp/vgdb-pipe-shared-mem-vgdb-18049-by-root-on-???
==18049== 
==18049== TO CONTROL THIS PROCESS USING vgdb (which you probably
==18049== don't want to do, unless you know exactly what you're doing,
==18049== or are doing some strange experiment):
==18049==   /usr/lib/valgrind/../../bin/vgdb --pid=18049 ...command...
==18049== 
==18049== TO DEBUG THIS PROCESS USING GDB: start GDB like this
==18049==   /path/to/gdb ../syscall-sensor
==18049== and then give GDB the following command
==18049==   target remote | /usr/lib/valgrind/../../bin/vgdb --pid=18049
==18049== --pid is optional if only one valgrind process is running
==18049== 
==18050== embedded gdbserver: reading from /tmp/vgdb-pipe-from-vgdb-to-18050-by-root-on-???
==18050== embedded gdbserver: writing to   /tmp/vgdb-pipe-to-vgdb-from-18050-by-root-on-???
==18050== embedded gdbserver: shared mem   /tmp/vgdb-pipe-shared-mem-vgdb-18050-by-root-on-???
==18050== 
==18050== TO CONTROL THIS PROCESS USING vgdb (which you probably
==18050== don't want to do, unless you know exactly what you're doing,
==18050== or are doing some strange experiment):
==18050==   /usr/lib/valgrind/../../bin/vgdb --pid=18050 ...command...
==18050== 
==18050== TO DEBUG THIS PROCESS USING GDB: start GDB like this
==18050==   /path/to/gdb ../syscall-sensor
==18050== and then give GDB the following command
==18050==   target remote | /usr/lib/valgrind/../../bin/vgdb --pid=18050
==18050== --pid is optional if only one valgrind process is running
==18050== 
--18043-- REDIR: 0x5985e30 (libc.so.6:memchr) redirected to 0x4c32170 (memchr)
==18043== 
==18043== HEAP SUMMARY:
==18043==     in use at exit: 72,704 bytes in 1 blocks
==18043==   total heap usage: 2,430,284 allocs, 2,430,283 frees, 199,251,751 bytes allocated
==18043== 
==18043== Searching for pointers to 1 not-freed blocks
==18043== Checked 134,200 bytes
==18043== 
==18043== 72,704 bytes in 1 blocks are still reachable in loss record 1 of 1
==18043==    at 0x4C2DB8F: malloc (in /usr/lib/valgrind/vgpreload_memcheck-amd64-linux.so)
==18043==    by 0x50E0EFF: ??? (in /usr/lib/x86_64-linux-gnu/libstdc++.so.6.0.21)
==18043==    by 0x40104E9: call_init.part.0 (dl-init.c:72)
==18043==    by 0x40105FA: call_init (dl-init.c:30)
==18043==    by 0x40105FA: _dl_init (dl-init.c:120)
==18043==    by 0x4000CF9: ??? (in /lib/x86_64-linux-gnu/ld-2.23.so)
==18043==    by 0x1: ???
==18043==    by 0xFFF00074E: ???
==18043==    by 0xFFF000760: ???
==18043== 
==18043== LEAK SUMMARY:
==18043==    definitely lost: 0 bytes in 0 blocks
==18043==    indirectly lost: 0 bytes in 0 blocks
==18043==      possibly lost: 0 bytes in 0 blocks
==18043==    still reachable: 72,704 bytes in 1 blocks
==18043==         suppressed: 0 bytes in 0 blocks
==18043== 
==18043== ERROR SUMMARY: 0 errors from 0 contexts (suppressed: 0 from 0)
==18043== ERROR SUMMARY: 0 errors from 0 contexts (suppressed: 0 from 0)
