==17353== Memcheck, a memory error detector
==17353== Copyright (C) 2002-2015, and GNU GPL'd, by Julian Seward et al.
==17353== Using Valgrind-3.11.0 and LibVEX; rerun with -h for copyright info
==17353== Command: /bin/ls /proc/17349/task
==17353== Parent PID: 17352
==17353== 
--17353-- 
--17353-- Valgrind options:
--17353--    --tool=memcheck
--17353--    --leak-check=full
--17353--    --show-leak-kinds=all
--17353--    --trace-children=yes
--17353--    --log-file=meminfo.log
--17353--    -v
--17353-- Contents of /proc/version:
--17353--   Linux version 4.4.0-42-generic (buildd@lgw01-13) (gcc version 5.4.0 20160609 (Ubuntu 5.4.0-6ubuntu1~16.04.2) ) #62-Ubuntu SMP Fri Oct 7 23:11:45 UTC 2016
--17353-- 
--17353-- Arch and hwcaps: AMD64, LittleEndian, amd64-cx16-lzcnt-rdtscp-sse3-avx-avx2-bmi
--17353-- Page sizes: currently 4096, max supported 4096
--17353-- Valgrind library directory: /usr/lib/valgrind
--17353-- Reading syms from /bin/ls
--17353--    object doesn't have a symbol table
--17353-- Reading syms from /lib/x86_64-linux-gnu/ld-2.23.so
--17353--   Considering /lib/x86_64-linux-gnu/ld-2.23.so ..
--17353--   .. CRC mismatch (computed d3da0723 wanted a1c29704)
--17353--   Considering /usr/lib/debug/lib/x86_64-linux-gnu/ld-2.23.so ..
--17353--   .. CRC is valid
--17353-- Reading syms from /usr/lib/valgrind/memcheck-amd64-linux
--17353--   Considering /usr/lib/valgrind/memcheck-amd64-linux ..
--17353--   .. CRC mismatch (computed 5529a2c7 wanted 5bd23904)
--17353--    object doesn't have a symbol table
--17353--    object doesn't have a dynamic symbol table
--17353-- Scheduler: using generic scheduler lock implementation.
--17353-- Reading suppressions file: /usr/lib/valgrind/default.supp
==17353== embedded gdbserver: reading from /tmp/vgdb-pipe-from-vgdb-to-17353-by-root-on-???
==17353== embedded gdbserver: writing to   /tmp/vgdb-pipe-to-vgdb-from-17353-by-root-on-???
==17353== embedded gdbserver: shared mem   /tmp/vgdb-pipe-shared-mem-vgdb-17353-by-root-on-???
==17353== 
==17353== TO CONTROL THIS PROCESS USING vgdb (which you probably
==17353== don't want to do, unless you know exactly what you're doing,
==17353== or are doing some strange experiment):
==17353==   /usr/lib/valgrind/../../bin/vgdb --pid=17353 ...command...
==17353== 
==17353== TO DEBUG THIS PROCESS USING GDB: start GDB like this
==17353==   /path/to/gdb /bin/ls
==17353== and then give GDB the following command
==17353==   target remote | /usr/lib/valgrind/../../bin/vgdb --pid=17353
==17353== --pid is optional if only one valgrind process is running
==17353== 
--17353-- REDIR: 0x401cdc0 (ld-linux-x86-64.so.2:strlen) redirected to 0x3809e181 (???)
--17353-- Reading syms from /usr/lib/valgrind/vgpreload_core-amd64-linux.so
--17353--   Considering /usr/lib/valgrind/vgpreload_core-amd64-linux.so ..
--17353--   .. CRC mismatch (computed a30c8eaa wanted 7ae2fed4)
--17353--    object doesn't have a symbol table
--17353-- Reading syms from /usr/lib/valgrind/vgpreload_memcheck-amd64-linux.so
--17353--   Considering /usr/lib/valgrind/vgpreload_memcheck-amd64-linux.so ..
--17353--   .. CRC mismatch (computed 402c2ab5 wanted 745f25ae)
--17353--    object doesn't have a symbol table
==17353== WARNING: new redirection conflicts with existing -- ignoring it
--17353--     old: 0x0401cdc0 (strlen              ) R-> (0000.0) 0x3809e181 ???
--17353--     new: 0x0401cdc0 (strlen              ) R-> (2007.0) 0x04c31020 strlen
--17353-- REDIR: 0x401b710 (ld-linux-x86-64.so.2:index) redirected to 0x4c30bc0 (index)
--17353-- REDIR: 0x401b930 (ld-linux-x86-64.so.2:strcmp) redirected to 0x4c320d0 (strcmp)
--17353-- REDIR: 0x401db20 (ld-linux-x86-64.so.2:mempcpy) redirected to 0x4c35270 (mempcpy)
--17353-- Reading syms from /lib/x86_64-linux-gnu/libselinux.so.1
--17353--    object doesn't have a symbol table
--17353-- Reading syms from /lib/x86_64-linux-gnu/libc-2.23.so
--17353--   Considering /lib/x86_64-linux-gnu/libc-2.23.so ..
--17353--   .. CRC mismatch (computed 2adb2e50 wanted 9b73f606)
--17353--   Considering /usr/lib/debug/lib/x86_64-linux-gnu/libc-2.23.so ..
--17353--   .. CRC is valid
--17353-- Reading syms from /lib/x86_64-linux-gnu/libpcre.so.3.13.2
--17353--   Considering /lib/x86_64-linux-gnu/libpcre.so.3.13.2 ..
--17353--   .. CRC mismatch (computed 276b70fd wanted 22183252)
--17353--    object doesn't have a symbol table
--17353-- Reading syms from /lib/x86_64-linux-gnu/libdl-2.23.so
--17353--   Considering /lib/x86_64-linux-gnu/libdl-2.23.so ..
--17353--   .. CRC mismatch (computed b7ff3c20 wanted 623a46c3)
--17353--   Considering /usr/lib/debug/lib/x86_64-linux-gnu/libdl-2.23.so ..
--17353--   .. CRC is valid
--17353-- Reading syms from /lib/x86_64-linux-gnu/libpthread-2.23.so
--17353--   Considering /usr/lib/debug/.build-id/b7/7847cc9cacbca3b5753d0d25a32e5795afe75b.debug ..
--17353--   .. build-id is valid
--17353-- REDIR: 0x50eafd0 (libc.so.6:strcasecmp) redirected to 0x4a286f0 (_vgnU_ifunc_wrapper)
--17353-- REDIR: 0x50e6850 (libc.so.6:strcspn) redirected to 0x4a286f0 (_vgnU_ifunc_wrapper)
--17353-- REDIR: 0x50ed2c0 (libc.so.6:strncasecmp) redirected to 0x4a286f0 (_vgnU_ifunc_wrapper)
--17353-- REDIR: 0x50e8cc0 (libc.so.6:strpbrk) redirected to 0x4a286f0 (_vgnU_ifunc_wrapper)
--17353-- REDIR: 0x50e9050 (libc.so.6:strspn) redirected to 0x4a286f0 (_vgnU_ifunc_wrapper)
--17353-- REDIR: 0x50ea71b (libc.so.6:memcpy@GLIBC_2.2.5) redirected to 0x4a286f0 (_vgnU_ifunc_wrapper)
--17353-- REDIR: 0x50e70f0 (libc.so.6:strncmp) redirected to 0x4a286f0 (_vgnU_ifunc_wrapper)
--17353-- REDIR: 0x50e5050 (libc.so.6:index) redirected to 0x4a286f0 (_vgnU_ifunc_wrapper)
--17353-- REDIR: 0x50ea780 (libc.so.6:memset) redirected to 0x4a286f0 (_vgnU_ifunc_wrapper)
--17353-- REDIR: 0x50ea180 (libc.so.6:bcmp) redirected to 0x4a286f0 (_vgnU_ifunc_wrapper)
--17353-- REDIR: 0x50e52a0 (libc.so.6:strcmp) redirected to 0x4a286f0 (_vgnU_ifunc_wrapper)
--17353-- REDIR: 0x5171950 (libc.so.6:__memcpy_chk) redirected to 0x4a286f0 (_vgnU_ifunc_wrapper)
--17353-- REDIR: 0x50ef9c0 (libc.so.6:memcpy@@GLIBC_2.14) redirected to 0x4a286f0 (_vgnU_ifunc_wrapper)
--17353-- REDIR: 0x50e89d0 (libc.so.6:rindex) redirected to 0x4c308a0 (rindex)
--17353-- REDIR: 0x50df550 (libc.so.6:malloc) redirected to 0x4c2db20 (malloc)
--17353-- REDIR: 0x50e9630 (libc.so.6:__GI_strstr) redirected to 0x4c354d0 (__strstr_sse2)
--17353-- REDIR: 0x50e9e30 (libc.so.6:memchr) redirected to 0x4c32170 (memchr)
--17353-- REDIR: 0x50efa40 (libc.so.6:__GI_memcpy) redirected to 0x4c32b00 (__GI_memcpy)
--17353-- REDIR: 0x50e9c00 (libc.so.6:strstr) redirected to 0x4a286f0 (_vgnU_ifunc_wrapper)
--17353-- REDIR: 0x5105640 (libc.so.6:__strstr_sse2_unaligned) redirected to 0x4c35460 (strstr)
--17353-- REDIR: 0x50dfa70 (libc.so.6:free) redirected to 0x4c2ed80 (free)
--17353-- REDIR: 0x50e52e0 (libc.so.6:__GI_strcmp) redirected to 0x4c31fe0 (__GI_strcmp)
--17353-- REDIR: 0x50e6cf0 (libc.so.6:strlen) redirected to 0x4c30f60 (strlen)
--17353-- REDIR: 0x50e7140 (libc.so.6:__GI_strncmp) redirected to 0x4c31710 (__GI_strncmp)
--17353-- REDIR: 0x50e5080 (libc.so.6:__GI_strchr) redirected to 0x4c30a00 (__GI_strchr)
--17353-- REDIR: 0x50f1d30 (libc.so.6:strchrnul) redirected to 0x4c34da0 (strchrnul)
--17353-- REDIR: 0x50ea980 (libc.so.6:__GI_mempcpy) redirected to 0x4c34fa0 (__GI_mempcpy)
--17353-- REDIR: 0x51a96d0 (libc.so.6:__memcpy_avx_unaligned) redirected to 0x4c324a0 (memcpy@@GLIBC_2.14)
--17353-- --17352-- REDIR: 0x4ebda70 (libc.so.6:free) redirected to 0x4c2ed80 (free)
==17352== 
==17352== HEAP SUMMARY:
==17352==     in use at exit: 1,243 bytes in 35 blocks
==17352==   total heap usage: 37 allocs, 2 frees, 1,347 bytes allocated
==17352== 
==17352== Searching for pointers to 35 not-freed blocks
==17352== Checked 73,776 bytes
==17352== 
==17352== 9 bytes in 1 blocks are still reachable in loss record 1 of 7
==17352==    at 0x4C2DB8F: malloc (in /usr/lib/valgrind/vgpreload_memcheck-amd64-linux.so)
==17352==    by 0x11C178: ??? (in /bin/dash)
==17352==    by 0x11FB45: ??? (in /bin/dash)
==17352==    by 0x124137: ??? (in /bin/dash)
==17352==    by 0x124409: ??? (in /bin/dash)
==17352==    by 0x1169DB: ??? (in /bin/dash)
==17352==    by 0x4E5A82F: (below main) (libc-start.c:291)
==17352== 
==17352== 26 bytes in 1 blocks are still reachable in loss record 2 of 7
==17352==    at 0x4C2DB8F: malloc (in /usr/lib/valgrind/vgpreload_memcheck-amd64-linux.so)
==17352==    by 0x11C178: ??? (in /bin/dash)
==17352==    by 0x10E713: ??? (in /bin/dash)
==17352==    by 0x1186C9: ??? (in /bin/dash)
==17352==    by 0x1170D2: ??? (in /bin/dash)
==17352==    by 0x116BB4: ??? (in /bin/dash)
==17352==    by 0x117FDF: ??? (in /bin/dash)
==17352==    by 0x1117CD: ??? (in /bin/dash)
==17352==    by 0x4E5A82F: (below main) (libc-start.c:291)
==17352== 
==17352== 32 bytes in 1 blocks are still reachable in loss record 3 of 7
==17352==    at 0x4C2DB8F: malloc (in /usr/lib/valgrind/vgpreload_memcheck-amd64-linux.so)
==17352==    by 0x11C178: ??? (in /bin/dash)
==17352==    by 0x11FAB6: ??? (in /bin/dash)
==17352==    by 0x12443C: ??? (in /bin/dash)
==17352==    by 0x1169DB: ??? (in /bin/dash)
==17352==    by 0x4E5A82F: (below main) (libc-start.c:291)
==17352== 
==17352== 42 bytes in 1 blocks are still reachable in--17349-- REDIR: 0x5986780 (libc.so.6:memset) redirected to 0x4a286f0 (_vgnU_ifunc_wrapper)
--17349-- REDIR: 0x5a6a1a0 (libc.so.6:__memset_avx2) redirected to 0x4c344c0 (memset)
==17354== embedded gdbserver: reading from /tmp/vgdb-pipe-from-vgdb-to-17354-by-root-on-???
==17354== embedded gdbserver: writing to   /tmp/vgdb-pipe-to-vgdb-from-17354-by-root-on-???
==17354== embedded gdbserver: shared mem   /tmp/vgdb-pipe-shared-mem-vgdb-17354-by-root-on-???
==17354== 
==17354== TO CONTROL THIS PROCESS USING vgdb (which you probably
==17354== don't want to do, unless you know exactly what you're doing,
==17354== or are doing some strange experiment):
==17354==   /usr/lib/valgrind/../../bin/vgdb --pid=17354 ...command...
==17354== 
==17354== TO DEBUG THIS PROCESS USING GDB: start GDB like this
==17354==   /path/to/gdb ../syscall-sensor
==17354== and then give GDB the following command
==17354==   target remote | /usr/lib/valgrind/../../bin/vgdb --pid=17354
==17354== --pid is optional if only one valgrind process is running
==17354== 
==17349== 
==17349== HEAP SUMMARY:
==17349==     in use at exit: 88,753 bytes in 25 blocks
==17349==   total heap usage: 121 allocs, 96 frees, 182,606 bytes allocated
==17349== 
==17349== Searching for pointers to 25 not-freed blocks
==17349== Checked 137,520 bytes
==17349== 
==17349== 16 bytes in 1 blocks are still reachable in loss record 1 of 24
==17349==    at 0x4C2E0EF: operator new(unsigned long) (in /usr/lib/valgrind/vgpreload_memcheck-amd64-linux.so)
==17349==    by 0x4498F1: __gnu_cxx::new_allocator<std::__detail::_Hash_node<Data_Stream*, false> >::allocate(unsigned long, void const*) (new_allocator.h:104)
==17349==    by 0x449467: std::allocator_traits<std::allocator<std::__detail::_Hash_node<Data_Stream*, false> > >::allocate(std::allocator<std::__detail::_Hash_node<Data_Stream*, false> >&, unsigned long) (alloc_traits.h:491)
==17349==    by 0x448EFC: std::__detail::_Hash_node<Data_Stream*, false>* std::__detail::_Hashtable_alloc<std::allocator<std::__detail::_Hash_node<Data_Stream*, false> > >::_M_allocate_node<Data_Stream* const&>(Data_Stream* const&) (hashtable_policy.h:1949)
==17349==    by 0x4488CE: std::__detail::_Hash_node<Data_Stream*, false>* std::__detail::_AllocNode<std::allocator<std::__detail::_Hash_node<Data_Stream*, false> > >::operator()<Data_Stream* const&>(Data_Stream* const&) const (hashtable_policy.h:180)
==17349==    by 0x4483C3: std::pair<std::__detail::_Node_iterator<Data_Stream*, true, false>, bool> std::_Hashtable<Data_Stream*, Data_Stream*, std::allocator<Data_Stream*>, std::__detail::_Identity, std::equal_to<Data_Stream*>, std::hash<Data_Stream*>, std::__detail::_Mod_range_hashing, std::__detail::_Default_ranged_hash, std::__detail::_Prime_rehash_policy, std::__detail::_Hashtable_traits<false, true, true> >::_M_insert<Data_Stream* const&, std::__detail::_AllocNode<std::allocator<std::__detail::_Hash_node<Data_Stream*, false> > > >(Data_Stream* const&, std::__detail::_AllocNode<std::allocator<std::__detail::_Hash_node<Data_Stream*, false> > > const&, std::integral_constant<bool, true>) (hashtable.h:1703)
==17349==    by 0x447D48: std::__detail::_Insert_base<Data_Stream*, Data_Stream*, std::allocator<Data_Stream*>, std::__detail::_Identity, std::equal_to<Data_Stream*>, std::hash<Data_Stream*>, std::__detail::_Mod_range_hashing, std::__detail::_Default_ranged_hash, std::__detail::_Prime_rehash_policy, std::__detail::_Hashtable_traits<false, true, true> >::insert(Data_Stream* const&) (hashtable_policy.h:715)
==17349==    by 0x447866: std::unordered_set<Data_Stream*, std::hash<Data_Stream*>, std::equal_to<Data_Stream*>, std::allocator<Data_Stream*> >::insert(Data_Stream* const&) (unordered_set.h:413)
==17349==    by 0x446CC4: Syscall_Logger::add_stream(Data_Stream*) (syscall_logger.cpp:111)
==17349==    by 0x4391D6: Sensor_Manager::Sensor_Manager(unsigned char, std::__cxx11::basic_string<char, std::char_traits<char>, std::allocator<char> >, std::__cxx11::basic_string<char, std::char_traits<char>, std::allocator<char> >, std::__cxx11::basic_string<char, std::char_traits<char>, std::allocator<char> >) (sensor_manager.cpp:24)
==17349==    by 0x43C53F: start(Command_Line_Parser) (launcher.cpp:296)
==17349==    by 0x43B094: main (launcher.cpp:49)
==17349== 
==17349== 16 bytes in 1 blocks are still reachable in loss record 2 of 24
==17349==    at 0x4C2E0EF: operator new(unsigned long) (in /usr/lib/valgrind/vgpreload_memcheck-amd64-linux.so)
==17349==    by 0x43AE4F: __gnu_cxx::new_allocator<std::__detail::_Hash_node_base*>::allocate(unsigned long, void const*) (new_allocator.h:104)
==17349==    by 0x43ADF3: std::allocator_traits<std::allocator<std::__detail::_Hash_node_base*> >::allocate(std::allocator<std::__detail::_Hash_node_base*>&, unsigned long) (alloc_traits.h:491)
==17349==    by 0x449C78: std::__detail::_Hashtable_alloc<std::allocator<std::__detail::_Hash_node<Data_Stream*, false> > >::_M_allocate_buckets(unsigned long) (hashtable_policy.h:1996)
==17349==    by 0x449982: std::_Hashtable<Data_Stream*, Data_Stream*, std::allocator<Data_Stream*>, std::__detail::_Identity, std::equal_to<Data_Stream*>, std::hash<Data_Stream*>, std::__detail::_Mod_range_hashing, std::__detail::_Default_ranged_hash, std::__detail::_Prime_rehash_policy, std::__detail::_Hashtable_traits<false, true, true> >::_M_allocate_buckets(unsigned long) (hashtable.h:347)
==17349==    by 0x4494D4: std::_Hashtable<Data_Stream*, Data_Stream*, std::allocator<Data_Stream*>, std::__detail::_Identity, std::equal_to<Data_Stream*>, std::hash<Data_Stream*>, std::__detail::_Mod_range_hashing, std::__detail::_Default_ranged_hash, std::__detail::_Prime_rehash_policy, std::__detail::_Hashtable_traits<false, true, true> >::_M_rehash_aux(unsigned long, std::integral_constant<bool, true>) (hashtable.h:1974)
==17349==    by 0x44903D: std::_Hashtable<Data_Stream*, Data_Stream*, std::allocator<Data_Stream*>, std::__detail::_Identity, std::equal_to<Data_Stream*>, std::hash<Data_Stream*>, std::__detail::_Mod_range_hashing, std::__detail::_Default_ranged_hash, std::__detail::_Prime_rehash_policy, std::__detail::_Hashtable_traits<false, true, true> >::_M_rehash(unsigned long, unsigned long const&) (hashtable.h:1953)
==17349==    by 0x448965: std::_Hashtable<Data_Stream*, Data_Stream*, std::allocator<Data_Stream*>, std::__detail::_Identity, std::equal_to<Data_Stream*>, std::hash<Data_Stream*>, std::__detail::_Mod_range_hashing, std::__detail::_Default_ranged_hash, std::__detail::_Prime_rehash_policy, std::__detail::_Hashtable_traits<false, true, true> >::_M_insert_unique_node(unsigned long, unsigned long, std::__detail::_Hash_node<Data_Stream*, false>*) (hashtable.h:1600)
==17349==    by 0x4483E3: std::pair<std::__detail::_Node_iterator<Data_Stream*, true, false>, bool> std::_Hashtable<Data_Stream*, Data_Stream*, std::allocator<Data_Stream*>, std::__detail::_Identity, std::equal_to<Data_Stream*>, std::hash<Data_Stream*>, std::__detail::_Mod_range_hashing, std::__detail::_Default_ranged_hash, std::__detail::_Prime_rehash_policy, std::__detail::_Hashtable_traits<false, true, true> >::_M_insert<Data_Stream* const&, std::__detail::_AllocNode<std::allocator<std::__detail::_Hash_node<Data_Stream*, false> > > >(Data_Stream* const&, std::__detail::_AllocNode<std::allocator<std::__detail::_Hash_node<Data_Stream*, false> > > const&, std::integral_constant<bool, true>) (hashtable.h:1704)
==17349==    by 0x447D48: std::__detail::_Insert_base<Data_Stream*, Data_Stream*, std::allocator<Data_Stream*>, std::__detail::_Identity, std::equal_to<Data_Stream*>, std::hash<Data_Stream*>, std::__detail::_Mod_range_hashing, std::__detail::_Default_ranged_hash, std::__detail::_Prime_rehash_policy, std::__detail::_Hashtable_traits<false, true, true> >::insert(Data_Stream* const&) (hashtable_policy.h:715)
==17349==    by 0x447866: std::unordered_set<Data_Stream*, std::hash<Data_Stream*>, std::equal_to<Data_Stream*>, std::allocator<Data_Stream*> >::insert(Data_Stream* const&) (unordered_set.h:413)
==17349==    by 0x446CC4: Syscall_Logger::add_stream(Data_Stream*) (syscall_logger.cpp:111)
==17349== 
==17349== 16 bytes in 1 blocks are still reachable in loss record 3 of 24
==17349==    at 0x4C2E0EF: operator new(unsigned long) (in /usr/lib/valgrind/vgpreload_memcheck-amd64-linux.so)
==17349==    by 0x43ABDD: __gnu_cxx::new_allocator<std::__detail::_Hash_node<Sensor_Observer*, false> >::allocate(unsigned long, void const*) (new_allocator.h:104)
==17349==    by 0x43A8AD: std::allocator_traits<std::allocator<std::__detail::_Hash_node<Sensor_Observer*, false> > >::allocate(std::allocator<std::__detail::_Hash_node<Sensor_Observer*, false> >&, unsigned long) (alloc_traits.h:491)
==17349==    by 0x43A40C: std::__detail::_Hash_node<Sensor_Observer*, false>* std::__detail::_Hashtable_alloc<std::allocator<std::__detail::_Hash_node<Sensor_Observer*, false> > >::_M_allocate_node<Sensor_Observer* const&>(Sensor_Observer* const&) (hashtable_policy.h:1949)
==17349==    by 0x439F1A: std::__detail::_Hash_node<Sensor_Observer*, false>* std::__detail::_AllocNode<std::allocator<std::__detail::_Hash_node<Sensor_Observer*, false> > >::operator()<Sensor_Observer* const&>(Sensor_Observer* const&) const (hashtable_policy.h:180)
==17349==    by 0x439BCF: std::pair<std::__detail::_Node_iterator<Sensor_Observer*, true, false>, bool> std::_Hashtable<Sensor_Observer*, Sensor_Observer*, std::allocator<Sensor_Observer*>, std::__detail::_Identity, std::equal_to<Sensor_Observer*>, std::hash<Sensor_Observer*>, std::__detail::_Mod_range_hashing, std::__detail::_Default_ranged_hash, std::__detail::_Prime_rehash_policy, std::__detail::_Hashtable_traits<false, true, true> >::_M_insert<Sensor_Observer* const&, std::__detail::_AllocNode<std::allocator<std::__detail::_Hash_node<Sensor_Observer*, false> > > >(Sensor_Observer* const&, std::__detail::_AllocNode<std::allocator<std::__detail::_Hash_node<Sensor_Observer*, false> > > const&, std::integral_constant<bool, true>) (hashtable.h:1703)
==17349==    by 0x439966: std::__detail::_Insert_base<Sensor_Observer*, Sensor_Observer*, std::allocator<Sensor_Observer*>, std::__detail::_Identity, std::equal_to<Sensor_Observer*>, std::hash<Sensor_Observer*>, std::__detail::_Mod_range_hashing, std::__detail::_Default_ranged_hash, std::__detail::_Prime_rehash_policy, std::__detail::_Hashtable_traits<false, true, true> >::insert(Sensor_Observer* const&) (hashtable_policy.h:715)
==17349==    by 0x4398D6: std::unordered_set<Sensor_Observer*, std::hash<Sensor_Observer*>, std::equal_to<Sensor_Observer*>, std::allocator<Sensor_Observer*> >::insert(Sensor_Observer* const&) (unordered_set.h:413)
==17349==    by 0x4398B0: Sensor::attach_observer(Sensor_Observer*) (sensor.h:48)
==17349==    by 0x4391F0: Sensor_Manager::Sensor_Manager(unsigned char, std::__cxx11::basic_string<char, std::char_traits<char>, std::allocator<char> >, std::__cxx11::basic_string<char, std::char_traits<char>, std::allocator<char> >, std::__cxx11::basic_string<char, std::char_traits<char>, std::allocator<char> >) (sensor_manager.cpp:25)
==17349==    by 0x43C53F: start(Command_Line_Parser) (launcher.cpp:296)
==17349==    by 0x43B094: main (launcher.cpp:49)
==17349== 
==17349== 16 bytes in 1 blocks are still reachable in loss record 4 of 24
==17349==    at 0x4C2E0EF: operator new(unsigned long) (in /usr/lib/valgrind/vgpreload_memcheck-amd64-linux.so)
==17349==    by 0x43AE4F: __gnu_cxx::new_allocator<std::__detail::_Hash_node_base*>::allocate(unsigned long, void const*) (new_allocator.h:104)
==17349==    by 0x43ADF3: std::allocator_traits<std::allocator<std::__detail::_Hash_node_base*> >::allocate(std::allocator<std::__detail::_Hash_node_base*>&, unsigned long) (alloc_traits.h:491)
==17349==    by 0x43AD32: std::__detail::_Hashtable_alloc<std::allocator<std::__detail::_Hash_node<Sensor_Observer*, false> > >::_M_allocate_buckets(unsigned long) (hashtable_policy.h:1996)
==17349==    by 0x43AC6E: std::_Hashtable<Sensor_Observer*, Sensor_Observer*, std::allocator<Sensor_Observer*>, std::__detail::_Identity, std::equal_to<Sensor_Observer*>, std::hash<Sensor_Observer*>, std::__detail::_Mod_range_hashing, std::__detail::_Default_ranged_hash, std::__detail::_Prime_rehash_policy, std::__detail::_Hashtable_traits<false, true, true> >::_M_allocate_buckets(unsigned long) (hashtable.h:347)
==17349==    by 0x43A91A: std::_Hashtable<Sensor_Observer*, Sensor_Observer*, std::allocator<Sensor_Observer*>, std::__detail::_Identity, std::equal_to<Sensor_Observer*>, std::hash<Sensor_Observer*>, std::__detail::_Mod_range_hashing, std::__detail::_Default_ranged_hash, std::__detail::_Prime_rehash_policy, std::__detail::_Hashtable_traits<false, true, true> >::_M_rehash_aux(unsigned long, std::integral_constant<bool, true>) (hashtable.h:1974)
==17349==    by 0x43A54D: std::_Hashtable<Sensor_Observer*, Sensor_Observer*, std::allocator<Sensor_Observer*>, std::__detail::_Identity, std::equal_to<Sensor_Observer*>, std::hash<Sensor_Observer*>, std::__detail::_Mod_range_hashing, std::__detail::_Default_ranged_hash, std::__detail::_Prime_rehash_policy, std::__detail::_Hashtable_traits<false, true, true> >::_M_rehash(unsigned long, unsigned long const&) (hashtable.h:1953)
==17349==    by 0x439FB1: std::_Hashtable<Sensor_Observer*, Sensor_Observer*, std::allocator<Sensor_Observer*>, std::__detail::_Identity, std::equal_to<Sensor_Observer*>, std::hash<Sensor_Observer*>, std::__detail::_Mod_range_hashing, std::__detail::_Default_ranged_hash, std::__detail::_Prime_rehash_policy, std::__detail::_Hashtable_traits<false, true, true> >::_M_insert_unique_node(unsigned long, unsigned long, std::__detail::_Hash_node<Sensor_Observer*, false>*) (hashtable.h:1600)
==17349==    by 0x439BEF: std::pair<std::__detail::_Node_iterator<Sensor_Observer*, true, false>, bool> std::_Hashtable<Sensor_Observer*, Sensor_Observer*, std::allocator<Sensor_Observer*>, std::__detail::_Identity, std::equal_to<Sensor_Observer*>, std::hash<Sensor_Observer*>, std::__detail::_Mod_range_hashing, std::__detail::_Default_ranged_hash, std::__detail::_Prime_rehash_policy, std::__detail::_Hashtable_traits<false, true, true> >::_M_insert<Sensor_Observer* const&, std::__detail::_AllocNode<std::allocator<std::__detail::_Hash_node<Sensor_Observer*, false> > > >(Sensor_Observer* const&, std::__detail::_AllocNode<std::allocator<std::__detail::_Hash_node<Sensor_Observer*, false> > > const&, std::integral_constant<bool, true>) (hashtable.h:1704)
==17349==    by 0x439966: std::__detail::_Insert_base<Sensor_Observer*, Sensor_Observer*, std::allocator<Sensor_Observer*>, std::__detail::_Identity, std::equal_to<Sensor_Observer*>, std::hash<Sensor_Observer*>, std::__detail::_Mod_range_hashing, std::__detail::_Default_ranged_hash, std::__detail::_Prime_rehash_policy, std::__detail::_Hashtable_traits<false, true, true> >::insert(Sensor_Observer* const&) (hashtable_policy.h:715)
==17349==    by 0x4398D6: std::unordered_set<Sensor_Observer*, std::hash<Sensor_Observer*>, std::equal_to<Sensor_Observer*>, std::allocator<Sensor_Observer*> >::insert(Sensor_Observer* const&) (unordered_set.h:413)
==17349==    by 0x4398B0: Sensor::attach_observer(Sensor_Observer*) (sensor.h:48)
==17349== 
==17349== 32 bytes in 1 blocks are still reachable in loss record 5 of 24
==17349==    at 0x4C2E0EF: operator new(unsigned long) (in /usr/lib/valgrind/vgpreload_memcheck-amd64-linux.so)
==17349==    by 0x437709: __gnu_cxx::new_allocator<std::__cxx11::basic_string<char, std::char_traits<char>, std::allocator<char> > >::allocate(unsigned long, void const*) (new_allocator.h:104)
==17349==    by 0x4373D9: std::allocator_traits<std::allocator<std::__cxx11::basic_string<char, std::char_traits<char>, std::allocator<char> > > >::allocate(std::allocator<std::__cxx11::basic_string<char, std::char_traits<char>, std::allocator<char> > >&, unsigned long) (alloc_traits.h:491)
==17349==    by 0x436CF5: std::_Vector_base<std::__cxx11::basic_string<char, std::char_traits<char>, std::allocator<char> >, std::allocator<std::__cxx11::basic_string<char, std::char_traits<char>, std::allocator<char> > > >::_M_allocate(unsigned long) (stl_vector.h:170)
==17349==    by 0x436567: void std::vector<std::__cxx11::basic_string<char, std::char_traits<char>, std::allocator<char> >, std::allocator<std::__cxx11::basic_string<char, std::char_traits<char>, std::allocator<char> > > >::_M_emplace_back_aux<std::__cxx11::basic_string<char, std::char_traits<char>, std::allocator<char> > const&>(std::__cxx11::basic_string<char, std::char_traits<char>, std::allocator<char> > const&) (vector.tcc:412)
==17349==    by 0x436030: std::vector<std::__cxx11::basic_string<char, std::char_traits<char>, std::allocator<char> >, std::allocator<std::__cxx11::basic_string<char, std::char_traits<char>, std::allocator<char> > > >::push_back(std::__cxx11::basic_string<char, std::char_traits<char>, std::allocator<char> > const&) (stl_vector.h:923)
==17349==    by 0x42C60B: Command_Line_Parser::Command_Line_Parser(int, char**) (command_line_parser.cpp:30)
==17349==    by 0x43AEC1: main (launcher.cpp:39)
==17349== 
==17349== 32 bytes in 1 blocks are still reachable in loss record 6 of 24
==17349==    at 0x4C2E0EF: operator new(unsigned long) (in /usr/lib/valgrind/vgpreload_memcheck-amd64-linux.so)
==17349==    by 0x437709: __gnu_cxx::new_allocator<std::__cxx11::basic_string<char, std::char_traits<char>, std::allocator<char> > >::allocate(unsigned long, void const*) (new_allocator.h:104)
==17349==    by 0x4373D9: std::allocator_traits<std::allocator<std::__cxx11::basic_string<char, std::char_traits<char>, std::allocator<char> > > >::allocate(std::allocator<std::__cxx11::basic_string<char, std::char_traits<char>, std::allocator<char> > >&, unsigned long) (alloc_traits.h:491)
==17349==    by 0x436CF5: std::_Vector_base<std::__cxx11::basic_string<char, std::char_traits<char>, std::allocator<char> >, std::allocator<std::__cxx11::basic_string<char, std::char_traits<char>, std::allocator<char> > > >::_M_allocate(unsigned long) (stl_vector.h:170)
==17349==    by 0x43DA58: std::_Vector_base<std::__cxx11::basic_string<char, std::char_traits<char>, std::allocator<char> >, std::allocator<std::__cxx11::basic_string<char, std::char_traits<char>, std::allocator<char> > > >::_M_create_storage(unsigned long) (stl_vector.h:185)
==17349==    by 0x43D910: std::_Vector_base<std::__cxx11::basic_string<char, std::char_traits<char>, std::allocator<char> >, std::allocator<std::__cxx11::basic_string<char, std::char_traits<char>, std::allocator<char> > > >::_Vector_base(unsigned long, std::allocator<std::__cxx11::basic_string<char, std::char_traits<char>, std::allocator<char> > > const&) (stl_vector.h:136)
==17349==    by 0x43D789: std::vector<std::__cxx11::basic_string<char, std::char_traits<char>, std::allocator<char> >, std::allocator<std::__cxx11::basic_string<char, std::char_traits<char>, std::allocator<char> > > >::vector(std::vector<std::__cxx11::basic_string<char, std::char_traits<char>, std::allocator<char> >, std::allocator<std::__cxx11::basic_string<char, std::char_traits<char>, std::allocator<char> > > > const&) (stl_vector.h:320)
==17349==    by 0x43D61F: Command_Line_Parser::Command_Line_Parser(Command_Line_Parser const&) (in /home/alex/drexel/research/heimdall/syscall-sensor)
==17349==    by 0x43B085: main (launcher.cpp:49)
==17349== 
==17349== 64 bytes in 1 blocks are still reachable in loss record 7 of 24
==17349==    at 0x4C2E0EF: operator new(unsigned long) (in /usr/lib/valgrind/vgpreload_memcheck-amd64-linux.so)
==17349==    by 0x437709: __gnu_cxx::new_allocator<std::__cxx11::basic_string<char, std::char_traits<char>, std::allocator<char> > >::allocate(unsigned long, void const*) (new_allocator.h:104)
==17349==    by 0x4373D9: std::allocator_traits<std::allocator<std::__cxx11::basic_string<char, std::char_traits<char>, std::allocator<char> > > >::allocate(std::allocator<std::__cxx11::basic_string<char, std::char_traits<char>, std::allocator<char> > >&, unsigned long) (alloc_traits.h:491)
==17349==    by 0x436CF5: std::_Vector_base<std::__cxx11::basic_string<char, std::char_traits<char>, std::allocator<char> >, std::allocator<std::__cxx11::basic_string<char, std::char_traits<char>, std::allocator<char> > > >::_M_allocate(unsigned long) (stl_vector.h:170)
==17349==    by 0x436437: void std::vector<std::__cxx11::basic_string<char, std::char_traits<char>, std::allocator<char> >, std::allocator<std::__cxx11::basic_string<char, std::char_traits<char>, std::allocator<char> > > >::_M_range_initialize<std::__cxx11::basic_string<char, std::char_traits<char>, std::allocator<char> > const*>(std::__cxx11::basic_string<char, std::char_traits<char>, std::allocator<char> > const*, std::__cxx11::basic_string<char, std::char_traits<char>, std::allocator<char> > const*, std::forward_iterator_tag) (stl_vector.h:1287)
==17349==    by 0x435F03: std::vector<std::__cxx11::basic_string<char, std::char_traits<char>, std::allocator<char> >, std::allocator<std::__cxx11::basic_string<char, std::char_traits<char>, std::allocator<char> > > >::vector(std::initializer_list<std::__cxx11::basic_string<char, std::char_traits<char>, std::allocator<char> > >, std::allocator<std::__cxx11::basic_string<char, std::char_traits<char>, std::allocator<char> > > const&) (stl_vector.h:377)
==17349==    by 0x43EE92: Linux_Syscall_Reader::Linux_Syscall_Reader(unsigned char) (linux_syscall_reader.cpp:220)
==17349==    by 0x43DC34: Linux_Syscall_Reader::get_instance() (linux_syscall_reader.cpp:22)
==17349==    by 0x43DC71: Linux_Syscall_Reader::get_instance(unsigned char) (linux_syscall_reader.cpp:30)
==17349==    by 0x440344: Reader_Factory::create_reader() (reader_factory.cpp:27)
==17349==    by 0x44171A: Syscall_Sensor::Syscall_Sensor(unsigned char) (syscall_sensor.cpp:262)
==17349==    by 0x440BA4: Syscall_Sensor::get_instance() (syscall_sensor.cpp:40)
==17349== 
==17349== 64 bytes in 1 blocks are still reachable in loss record 8 of 24
==17349==    at 0x4C2E0EF: operator new(unsigned long) (in /usr/lib/valgrind/vgpreload_memcheck-amd64-linux.so)
==17349==    by 0x439184: Sensor_Manager::Sensor_Manager(unsigned char, std::__cxx11::basic_string<char, std::char_traits<char>, std::allocator<char> >, std::__cxx11::basic_string<char, std::char_traits<char>, std::allocator<char> >, std::__cxx11::basic_string<char, std::char_traits<char>, std::allocator<char> >) (sensor_manager.cpp:22)
==17349==    by 0x43C53F: start(Command_Line_Parser) (launcher.cpp:296)
==17349==    by 0x43B094: main (launcher.cpp:49)
==17349== 
==17349== 96 bytes in 1 blocks are still reachable in loss record 9 of 24
==17349==    at 0x4C2E0EF: operator new(unsigned long) (in /usr/lib/valgrind/vgpreload_memcheck-amd64-linux.so)
==17349==    by 0x437709: __gnu_cxx::new_allocator<std::__cxx11::basic_string<char, std::char_traits<char>, std::allocator<char> > >::allocate(unsigned long, void const*) (new_allocator.h:104)
==17349==    by 0x4373D9: std::allocator_traits<std::allocator<std::__cxx11::basic_string<char, std::char_traits<char>, std::allocator<char> > > >::allocate(std::allocator<std::__cxx11::basic_string<char, std::char_traits<char>, std::allocator<char> > >&, unsigned long) (alloc_traits.h:491)
==17349==    by 0x436CF5: std::_Vector_base<std::__cxx11::basic_string<char, std::char_traits<char>, std::allocator<char> >, std::allocator<std::__cxx11::basic_string<char, std::char_traits<char>, std::allocator<char> > > >::_M_allocate(unsigned long) (stl_vector.h:170)
==17349==    by 0x436437: void std::vector<std::__cxx11::basic_string<char, std::char_traits<char>, std::allocator<char> >, std::allocator<std::__cxx11::basic_string<char, std::char_traits<char>, std::allocator<char> > > >::_M_range_initialize<std::__cxx11::basic_string<char, std::char_traits<char>, std::allocator<char> > const*>(std::__cxx11::basic_string<char, std::char_traits<char>, std::allocator<char> > const*, std::__cxx11::basic_string<char, std::char_traits<char>, std::allocator<char> > const*, std::forward_iterator_tag) (stl_vector.h:1287)
==17349==    by 0x435F03: std::vector<std::__cxx11::basic_string<char, std::char_traits<char>, std::allocator<char> >, std::allocator<std::__cxx11::basic_string<char, std::char_traits<char>, std::allocator<char> > > >::vector(std::initializer_list<std::__cxx11::basic_string<char, std::char_traits<char>, std::allocator<char> > >, std::allocator<std::__cxx11::basic_string<char, std::char_traits<char>, std::allocator<char> > > const&) (stl_vector.h:377)
==17349==    by 0x42C370: Command_Line_Parser::Command_Line_Parser(int, char**) (command_line_parser.cpp:14)
==17349==    by 0x43AEC1: main (launcher.cpp:39)
==17349== 
==17349== 96 bytes in 1 blocks are still reachable in loss record 10 of 24
==17349==    at 0x4C2E0EF: operator new(unsigned long) (in /usr/lib/valgrind/vgpreload_memcheck-amd64-linux.so)
==17349==    by 0x437709: __gnu_cxx::new_allocator<std::__cxx11::basic_string<char, std::char_traits<char>, std::allocator<char> > >::allocate(unsigned long, void const*) (new_allocator.h:104)
==17349==    by 0x4373D9: std::allocator_traits<std::allocator<std::__cxx11::basic_string<char, std::char_traits<char>, std::allocator<char> > > >::allocate(std::allocator<std::__cxx11::basic_string<char, std::char_traits<char>, std::allocator<char> > >&, unsigned long) (alloc_traits.h:491)
==17349==    by 0x436CF5: std::_Vector_base<std::__cxx11::basic_string<char, std::char_traits<char>, std::allocator<char> >, std::allocator<std::__cxx11::basic_string<char, std::char_traits<char>, std::allocator<char> > > >::_M_allocate(unsigned long) (stl_vector.h:170)
==17349==    by 0x436437: void std::vector<std::__cxx11::basic_string<char, std::char_traits<char>, std::allocator<char> >, std::allocator<std::__cxx11::basic_string<char, std::char_traits<char>, std::allocator<char> > > >::_M_range_initialize<std::__cxx11::basic_string<char, std::char_traits<char>, std::allocator<char> > const*>(std::__cxx11::basic_string<char, std::char_traits<char>, std::allocator<char> > const*, std::__cxx11::basic_string<char, std::char_traits<char>, std::allocator<char> > const*, std::forward_iterator_tag) (stl_vector.h:1287)
==17349==    by 0x435F03: std::vector<std::__cxx11::basic_string<char, std::char_traits<char>, std::allocator<char> >, std::allocator<std::__cxx11::basic_string<char, std::char_traits<char>, std::allocator<char> > > >::vector(std::initializer_list<std::__cxx11::basic_string<char, std::char_traits<char>, std::allocator<char> > >, std::allocator<std::__cxx11::basic_string<char, std::char_traits<char>, std::allocator<char> > > const&) (stl_vector.h:377)
==17349==    by 0x42C4A8: Command_Line_Parser::Command_Line_Parser(int, char**) (command_line_parser.cpp:14)
==17349==    by 0x43AEC1: main (launcher.cpp:39)
==17349== 
==17349== 96 bytes in 1 blocks are still reachable in loss record 11 of 24
==17349==    at 0x4C2E0EF: operator new(unsigned long) (in /usr/lib/valgrind/vgpreload_memcheck-amd64-linux.so)
==17349==    by 0x437709: __gnu_cxx::new_allocator<std::__cxx11::basic_string<char, std::char_traits<char>, std::allocator<char> > >::allocate(unsigned long, void const*) (new_allocator.h:104)
==17349==    by 0x4373D9: std::allocator_traits<std::allocator<std::__cxx11::basic_string<char, std::char_traits<char>, std::allocator<char> > > >::allocate(std::allocator<std::__cxx11::basic_string<char, std::char_traits<char>, std::allocator<char> > >&, unsigned long) (alloc_traits.h:491)
==17349==    by 0x436CF5: std::_Vector_base<std::__cxx11::basic_string<char, std::char_traits<char>, std::allocator<char> >, std::allocator<std::__cxx11::basic_string<char, std::char_traits<char>, std::allocator<char> > > >::_M_allocate(unsigned long) (stl_vector.h:170)
==17349==    by 0x43DA58: std::_Vector_base<std::__cxx11::basic_string<char, std::char_traits<char>, std::allocator<char> >, std::allocator<std::__cxx11::basic_string<char, std::char_traits<char>, std::allocator<char> > > >::_M_create_storage(unsigned long) (stl_vector.h:185)
==17349==    by 0x43D910: std::_Vector_base<std::__cxx11::basic_string<char, std::char_traits<char>, std::allocator<char> >, std::allocator<std::__cxx11::basic_string<char, std::char_traits<char>, std::allocator<char> > > >::_Vector_base(unsigned long, std::allocator<std::__cxx11::basic_string<char, std::char_traits<char>, std::allocator<char> > > const&) (stl_vector.h:136)
==17349==    by 0x43D789: std::vector<std::__cxx11::basic_string<char, std::char_traits<char>, std::allocator<char> >, std::allocator<std::__cxx11::basic_string<char, std::char_traits<char>, std::allocator<char> > > >::vector(std::vector<std::__cxx11::basic_string<char, std::char_traits<char>, std::allocator<char> >, std::allocator<std::__cxx11::basic_string<char, std::char_traits<char>, std::allocator<char> > > > const&) (stl_vector.h:320)
==17349==    by 0x43D670: Command_Line_Parser::Command_Line_Parser(Command_Line_Parser const&) (in /home/alex/drexel/research/heimdall/syscall-sensor)
==17349==    by 0x43B085: main (launcher.cpp:49)
==17349== 
==17349== 96 bytes in 1 blocks are still reachable in loss record 12 of 24
==17349==    at 0x4C2E0EF: operator new(unsigned long) (in /usr/lib/valgrind/vgpreload_memcheck-amd64-linux.so)
==17349==    by 0x437709: __gnu_cxx::new_allocator<std::__cxx11::basic_string<char, std::char_traits<char>, std::allocator<char> > >::allocate(unsigned long, void const*) (new_allocator.h:104)
==17349==    by 0x4373D9: std::allocator_traits<std::allocator<std::__cxx11::basic_string<char, std::char_traits<char>, std::allocator<char> > > >::allocate(std::allocator<std::__cxx11::basic_string<char, std::char_traits<char>, std::allocator<char> > >&, unsigned long) (alloc_traits.h:491)
==17349==    by 0x436CF5: std::_Vector_base<std::__cxx11::basic_string<char, std::char_traits<char>, std::allocator<char> >, std::allocator<std::__cxx11::basic_string<char, std::char_traits<char>, std::allocator<char> > > >::_M_allocate(unsigned long) (stl_vector.h:170)
==17349==    by 0x43DA58: std::_Vector_base<std::__cxx11::basic_string<char, std::char_traits<char>, std::allocator<char> >, std::allocator<std::__cxx11::basic_string<char, std::char_traits<char>, std::allocator<char> > > >::_M_create_storage(unsigned long) (stl_vector.h:185)
==17349==    by 0x43D910: std::_Vector_base<std::__cxx11::basic_string<char, std::char_traits<char>, std::allocator<char> >, std::allocator<std::__cxx11::basic_string<char, std::char_traits<char>, std::allocator<char> > > >::_Vector_base(unsigned long, std::allocator<std::__cxx11::basic_string<char, std::char_traits<char>, std::allocator<char> > > const&) (stl_vector.h:136)
==17349==    by 0x43D789: std::vector<std::__cxx11::basic_string<char, std::char_traits<char>, std::allocator<char> >, std::allocator<std::__cxx11::basic_string<char, std::char_traits<char>, std::allocator<char> > > >::vector(std::vector<std::__cxx11::basic_string<char, std::char_traits<char>, std::allocator<char> >, std::allocator<std::__cxx11::basic_string<char, std::char_traits<char>, std::allocator<char> > > > const&) (stl_vector.h:320)
==17349==    by 0x43D68B: Command_Line_Parser::Command_Line_Parser(Command_Line_Parser const&) (in /home/alex/drexel/research/heimdall/syscall-sensor)
==17349==    by 0x43B085: main (launcher.cpp:49)
==17349== 
==17349== 125 bytes in 2 blocks are still reachable in loss record 13 of 24
==17349==    at 0x4C2E0EF: operator new(unsigned long) (in /usr/lib/valgrind/vgpreload_memcheck-amd64-linux.so)
==17349==    by 0x438F74: void std::__cxx11::basic_string<char, std::char_traits<char>, std::allocator<char> >::_M_construct<char*>(char*, char*, std::forward_iterator_tag) (basic_string.tcc:223)
==17349==    by 0x51789CE: std::__cxx11::basic_string<char, std::char_traits<char>, std::allocator<char> >::basic_string(std::__cxx11::basic_string<char, std::char_traits<char>, std::allocator<char> > const&) (in /usr/lib/x86_64-linux-gnu/libstdc++.so.6.0.21)
==17349==    by 0x4379B9: void std::_Construct<std::__cxx11::basic_string<char, std::char_traits<char>, std::allocator<char> >, std::__cxx11::basic_string<char, std::char_traits<char>, std::allocator<char> > const&>(std::__cxx11::basic_string<char, std::char_traits<char>, std::allocator<char> >*, std::__cxx11::basic_string<char, std::char_traits<char>, std::allocator<char> > const&) (in /home/alex/drexel/research/heimdall/syscall-sensor)
==17349==    by 0x437750: std::__cxx11::basic_string<char, std::char_traits<char>, std::allocator<char> >* std::__uninitialized_copy<false>::__uninit_copy<std::__cxx11::basic_string<char, std::char_traits<char>, std::allocator<char> > const*, std::__cxx11::basic_string<char, std::char_traits<char>, std::allocator<char> >*>(std::__cxx11::basic_string<char, std::char_traits<char>, std::allocator<char> > const*, std::__cxx11::basic_string<char, std::char_traits<char>, std::allocator<char> > const*, std::__cxx11::basic_string<char, std::char_traits<char>, std::allocator<char> >*) (stl_uninitialized.h:75)
==17349==    by 0x43740A: std::__cxx11::basic_string<char, std::char_traits<char>, std::allocator<char> >* std::uninitialized_copy<std::__cxx11::basic_string<char, std::char_traits<char>, std::allocator<char> > const*, std::__cxx11::basic_string<char, std::char_traits<char>, std::allocator<char> >*>(std::__cxx11::basic_string<char, std::char_traits<char>, std::allocator<char> > const*, std::__cxx11::basic_string<char, std::char_traits<char>, std::allocator<char> > const*, std::__cxx11::basic_string<char, std::char_traits<char>, std::allocator<char> >*) (stl_uninitialized.h:126)
==17349==    by 0x436D2D: std::__cxx11::basic_string<char, std::char_traits<char>, std::allocator<char> >* std::__uninitialized_copy_a<std::__cxx11::basic_string<char, std::char_traits<char>, std::allocator<char> > const*, std::__cxx11::basic_string<char, std::char_traits<char>, std::allocator<char> >*, std::__cxx11::basic_string<char, std::char_traits<char>, std::allocator<char> > >(std::__cxx11::basic_string<char, std::char_traits<char>, std::allocator<char> > const*, std::__cxx11::basic_string<char, std::char_traits<char>, std::allocator<char> > const*, std::__cxx11::basic_string<char, std::char_traits<char>, std::allocator<char> >*, std::allocator<std::__cxx11::basic_string<char, std::char_traits<char>, std::allocator<char> > >&) (stl_uninitialized.h:281)
==17349==    by 0x436481: void std::vector<std::__cxx11::basic_string<char, std::char_traits<char>, std::allocator<char> >, std::allocator<std::__cxx11::basic_string<char, std::char_traits<char>, std::allocator<char> > > >::_M_range_initialize<std::__cxx11::basic_string<char, std::char_traits<char>, std::allocator<char> > const*>(std::__cxx11::basic_string<char, std::char_traits<char>, std::allocator<char> > const*, std::__cxx11::basic_string<char, std::char_traits<char>, std::allocator<char> > const*, std::forward_iterator_tag) (stl_vector.h:1290)
==17349==    by 0x435F03: std::vector<std::__cxx11::basic_string<char, std::char_traits<char>, std::allocator<char> >, std::allocator<std::__cxx11::basic_string<char, std::char_traits<char>, std::allocator<char> > > >::vector(std::initializer_list<std::__cxx11::basic_string<char, std::char_traits<char>, std::allocator<char> > >, std::allocator<std::__cxx11::basic_string<char, std::char_traits<char>, std::allocator<char> > > const&) (stl_vector.h:377)
==17349==    by 0x43EE92: Linux_Syscall_Reader::Linux_Syscall_Reader(unsigned char) (linux_syscall_reader.cpp:220)
==17349==    by 0x43DC34: Linux_Syscall_Reader::get_instance() (linux_syscall_reader.cpp:22)
==17349==    by 0x43DC71: Linux_Syscall_Reader::get_instance(unsigned char) (linux_syscall_reader.cpp:30)
==17349== 
==17349== 168 bytes in 1 blocks are still reachable in loss record 14 of 24
==17349==    at 0x4C2E0EF: operator new(unsigned long) (in /usr/lib/valgrind/vgpreload_memcheck-amd64-linux.so)
==17349==    by 0x439133: Sensor_Manager::Sensor_Manager(unsigned char, std::__cxx11::basic_string<char, std::char_traits<char>, std::allocator<char> >, std::__cxx11::basic_string<char, std::char_traits<char>, std::allocator<char> >, std::__cxx11::basic_string<char, std::char_traits<char>, std::allocator<char> >) (sensor_manager.cpp:20)
==17349==    by 0x43C53F: start(Command_Line_Parser) (launcher.cpp:296)
==17349==    by 0x43B094: main (launcher.cpp:49)
==17349== 
==17349== 184 bytes in 1 blocks are still reachable in loss record 15 of 24
==17349==    at 0x4C2E0EF: operator new(unsigned long) (in /usr/lib/valgrind/vgpreload_memcheck-amd64-linux.so)
==17349==    by 0x440B94: Syscall_Sensor::get_instance() (syscall_sensor.cpp:40)
==17349==    by 0x439105: Sensor_Manager::Sensor_Manager(unsigned char, std::__cxx11::basic_string<char, std::char_traits<char>, std::allocator<char> >, std::__cxx11::basic_string<char, std::char_traits<char>, std::allocator<char> >, std::__cxx11::basic_string<char, std::char_traits<char>, std::allocator<char> >) (sensor_manager.cpp:16)
==17349==    by 0x43C53F: start(Command_Line_Parser) (launcher.cpp:296)
==17349==    by 0x43B094: main (launcher.cpp:49)
==17349== 
==17349== 288 bytes in 1 blocks are still reachable in loss record 16 of 24
==17349==    at 0x4C2E0EF: operator new(unsigned long) (in /usr/lib/valgrind/vgpreload_memcheck-amd64-linux.so)
==17349==    by 0x437709: __gnu_cxx::new_allocator<std::__cxx11::basic_string<char, std::char_traits<char>, std::allocator<char> > >::allocate(unsigned long, void const*) (new_allocator.h:104)
==17349==    by 0x4373D9: std::allocator_traits<std::allocator<std::__cxx11::basic_string<char, std::char_traits<char>, std::allocator<char> > > >::allocate(std::allocator<std::__cxx11::basic_string<char, std::char_traits<char>, std::allocator<char> > >&, unsigned long) (alloc_traits.h:491)
==17349==    by 0x436CF5: std::_Vector_base<std::__cxx11::basic_string<char, std::char_traits<char>, std::allocator<char> >, std::allocator<std::__cxx11::basic_string<char, std::char_traits<char>, std::allocator<char> > > >::_M_allocate(unsigned long) (stl_vector.h:170)
==17349==    by 0x436437: void std::vector<std::__cxx11::basic_string<char, std::char_traits<char>, std::allocator<char> >, std::allocator<std::__cxx11::basic_string<char, std::char_traits<char>, std::allocator<char> > > >::_M_range_initialize<std::__cxx11::basic_string<char, std::char_traits<char>, std::allocator<char> > const*>(std::__cxx11::basic_string<char, std::char_traits<char>, std::allocator<char> > const*, std::__cxx11::basic_string<char, std::char_traits<char>, std::allocator<char> > const*, std::forward_iterator_tag) (stl_vector.h:1287)
==17349==    by 0x435F03: std::vector<std::__cxx11::basic_string<char, std::char_traits<char>, std::allocator<char> >, std::allocator<std::__cxx11::basic_string<char, std::char_traits<char>, std::allocator<char> > > >::vector(std::initializer_list<std::__cxx11::basic_string<char, std::char_traits<char>, std::allocator<char> > >, std::allocator<std::__cxx11::basic_string<char, std::char_traits<char>, std::allocator<char> > > const&) (stl_vector.h:377)
==17349==    by 0x42C1DB: Command_Line_Parser::Command_Line_Parser(int, char**) (command_line_parser.cpp:14)
==17349==    by 0x43AEC1: main (launcher.cpp:39)
==17349== 
==17349== 288 bytes in 1 blocks are still reachable in loss record 17 of 24
==17349==    at 0x4C2E0EF: operator new(unsigned long) (in /usr/lib/valgrind/vgpreload_memcheck-amd64-linux.so)
==17349==    by 0x437709: __gnu_cxx::new_allocator<std::__cxx11::basic_string<char, std::char_traits<char>, std::allocator<char> > >::allocate(unsigned long, void const*) (new_allocator.h:104)
==17349==    by 0x4373D9: std::allocator_traits<std::allocator<std::__cxx11::basic_string<char, std::char_traits<char>, std::allocator<char> > > >::allocate(std::allocator<std::__cxx11::basic_string<char, std::char_traits<char>, std::allocator<char> > >&, unsigned long) (alloc_traits.h:491)
==17349==    by 0x436CF5: std::_Vector_base<std::__cxx11::basic_string<char, std::char_traits<char>, std::allocator<char> >, std::allocator<std::__cxx11::basic_string<char, std::char_traits<char>, std::allocator<char> > > >::_M_allocate(unsigned long) (stl_vector.h:170)
==17349==    by 0x43DA58: std::_Vector_base<std::__cxx11::basic_string<char, std::char_traits<char>, std::allocator<char> >, std::allocator<std::__cxx11::basic_string<char, std::char_traits<char>, std::allocator<char> > > >::_M_create_storage(unsigned long) (stl_vector.h:185)
==17349==    by 0x43D910: std::_Vector_base<std::__cxx11::basic_string<char, std::char_traits<char>, std::allocator<char> >, std::allocator<std::__cxx11::basic_string<char, std::char_traits<char>, std::allocator<char> > > >::_Vector_base(unsigned long, std::allocator<std::__cxx11::basic_string<char, std::char_traits<char>, std::allocator<char> > > const&) (stl_vector.h:136)
==17349==    by 0x43D789: std::vector<std::__cxx11::basic_string<char, std::char_traits<char>, std::allocator<char> >, std::allocator<std::__cxx11::basic_string<char, std::char_traits<char>, std::allocator<char> > > >::vector(std::vector<std::__cxx11::basic_string<char, std::char_traits<char>, std::allocator<char> >, std::allocator<std::__cxx11::basic_string<char, std::char_traits<char>, std::allocator<char> > > > const&) (stl_vector.h:320)
==17349==    by 0x43D655: Command_Line_Parser::Command_Line_Parser(Command_Line_Parser const&) (in /home/alex/drexel/research/heimdall/syscall-sensor)
==17349==    by 0x43B085: main (launcher.cpp:49)
==17349== 
==17349== 512 bytes in 1 blocks are still reachable in loss record 18 of 24
==17349==    at 0x4C2E0EF: operator new(unsigned long) (in /usr/lib/valgrind/vgpreload_memcheck-amd64-linux.so)
==17349==    by 0x446587: Output_Stream::Output_Stream(std::__cxx11::basic_string<char, std::char_traits<char>, std::allocator<char> >, unsigned char, std::__cxx11::basic_string<char, std::char_traits<char>, std::allocator<char> >) (output_stream.cpp:45)
==17349==    by 0x43919B: Sensor_Manager::Sensor_Manager(unsigned char, std::__cxx11::basic_string<char, std::char_traits<char>, std::allocator<char> >, std::__cxx11::basic_string<char, std::char_traits<char>, std::allocator<char> >, std::__cxx11::basic_string<char, std::char_traits<char>, std::allocator<char> >) (sensor_manager.cpp:22)
==17349==    by 0x43C53F: start(Command_Line_Parser) (launcher.cpp:296)
==17349==    by 0x43B094: main (launcher.cpp:49)
==17349== 
==17349== 552 bytes in 1 blocks are still reachable in loss record 19 of 24
==17349==    at 0x4C2DB8F: malloc (in /usr/lib/valgrind/vgpreload_memcheck-amd64-linux.so)
==17349==    by 0x5965C8C: __fopen_internal (iofopen.c:69)
==17349==    by 0x510711F: std::__basic_file<char>::open(char const*, std::_Ios_Openmode, int) (in /usr/lib/x86_64-linux-gnu/libstdc++.so.6.0.21)
==17349==    by 0x5147699: std::basic_filebuf<char, std::char_traits<char> >::open(char const*, std::_Ios_Openmode) (in /usr/lib/x86_64-linux-gnu/libstdc++.so.6.0.21)
==17349==    by 0x51482A7: std::basic_ofstream<char, std::char_traits<char> >::basic_ofstream(std::__cxx11::basic_string<char, std::char_traits<char>, std::allocator<char> > const&, std::_Ios_Openmode) (in /usr/lib/x86_64-linux-gnu/libstdc++.so.6.0.21)
==17349==    by 0x44659C: Output_Stream::Output_Stream(std::__cxx11::basic_string<char, std::char_traits<char>, std::allocator<char> >, unsigned char, std::__cxx11::basic_string<char, std::char_traits<char>, std::allocator<char> >) (output_stream.cpp:45)
==17349==    by 0x43919B: Sensor_Manager::Sensor_Manager(unsigned char, std::__cxx11::basic_string<char, std::char_traits<char>, std::allocator<char> >, std::__cxx11::basic_string<char, std::char_traits<char>, std::allocator<char> >, std::__cxx11::basic_string<char, std::char_traits<char>, std::allocator<char> >) (sensor_manager.cpp:22)
==17349==    by 0x43C53F: start(Command_Line_Parser) (launcher.cpp:296)
==17349==    by 0x43B094: main (launcher.cpp:49)
==17349== 
==17349== 656 bytes in 1 blocks are still reachable in loss record 20 of 24
==17349==    at 0x4C2E0EF: operator new(unsigned long) (in /usr/lib/valgrind/vgpreload_memcheck-amd64-linux.so)
==17349==    by 0x43DC24: Linux_Syscall_Reader::get_instance() (linux_syscall_reader.cpp:22)
==17349==    by 0x43DC71: Linux_Syscall_Reader::get_instance(unsigned char) (linux_syscall_reader.cpp:30)
==17349==    by 0x440344: Reader_Factory::create_reader() (reader_factory.cpp:27)
==17349==    by 0x44171A: Syscall_Sensor::Syscall_Sensor(unsigned char) (syscall_sensor.cpp:262)
==17349==    by 0x440BA4: Syscall_Sensor::get_instance() (syscall_sensor.cpp:40)
==17349==    by 0x439105: Sensor_Manager::Sensor_Manager(unsigned char, std::__cxx11::basic_string<char, std::char_traits<char>, std::allocator<char> >, std::__cxx11::basic_string<char, std::char_traits<char>, std::allocator<char> >, std::__cxx11::basic_string<char, std::char_traits<char>, std::allocator<char> >) (sensor_manager.cpp:16)
==17349==    by 0x43C53F: start(Command_Line_Parser) (launcher.cpp:296)
==17349==    by 0x43B094: main (launcher.cpp:49)
==17349== 
==17349== 2,222 bytes in 1 blocks are still reachable in loss record 21 of 24
==17349==    at 0x4C2DB8F: malloc (in /usr/lib/valgrind/vgpreload_memcheck-amd64-linux.so)
==17349==    by 0x443419: moodycamel::ReaderWriterQueue<Sensor_Data, 512ul>::make_block(unsigned long) (readerwriterqueue.h:624)
==17349==    by 0x442A27: moodycamel::ReaderWriterQueue<Sensor_Data, 512ul>::ReaderWriterQueue(unsigned long) (readerwriterqueue.h:127)
==17349==    by 0x442687: Sensor::Sensor() (sensor.h:29)
==17349==    by 0x4416F0: Syscall_Sensor::Syscall_Sensor(unsigned char) (syscall_sensor.cpp:258)
==17349==    by 0x440BA4: Syscall_Sensor::get_instance() (syscall_sensor.cpp:40)
==17349==    by 0x439105: Sensor_Manager::Sensor_Manager(unsigned char, std::__cxx11::basic_string<char, std::char_traits<char>, std::allocator<char> >, std::__cxx11::basic_string<char, std::char_traits<char>, std::allocator<char> >, std::__cxx11::basic_string<char, std::char_traits<char>, std::allocator<char> >) (sensor_manager.cpp:16)
==17349==    by 0x43C53F: start(Command_Line_Parser) (launcher.cpp:296)
==17349==    by 0x43B094: main (launcher.cpp:49)
==17349== 
==17349== 2,222 bytes in 1 blocks are still reachable in loss record 22 of 24
==17349==    at 0x4C2DB8F: malloc (in /usr/lib/valgrind/vgpreload_memcheck-amd64-linux.so)
==17349==    by 0x443419: moodycamel::ReaderWriterQueue<Sensor_Data, 512ul>::make_block(unsigned long) (readerwriterqueue.h:624)
==17349==    by 0x442A27: moodycamel::ReaderWriterQueue<Sensor_Data, 512ul>::ReaderWriterQueue(unsigned long) (readerwriterqueue.h:127)
==17349==    by 0x447296: Sensor_Observer::Sensor_Observer() (sensor_observer.h:19)
==17349==    by 0x4469E3: Syscall_Logger::Syscall_Logger() (syscall_logger.cpp:14)
==17349==    by 0x43913E: Sensor_Manager::Sensor_Manager(unsigned char, std::__cxx11::basic_string<char, std::char_traits<char>, std::allocator<char> >, std::__cxx11::basic_string<char, std::char_traits<char>, std::allocator<char> >, std::__cxx11::basic_string<char, std::char_traits<char>, std::allocator<char> >) (sensor_manager.cpp:20)
==17349==    by 0x43C53F: start(Command_Line_Parser) (launcher.cpp:296)
==17349==    by 0x43B094: main (launcher.cpp:49)
==17349== 
==17349== 8,192 bytes in 1 blocks are still reachable in loss record 23 of 24
==17349==    at 0x4C2E80F: operator new[](unsigned long) (in /usr/lib/valgrind/vgpreload_memcheck-amd64-linux.so)
==17349==    by 0x5143467: std::basic_filebuf<char, std::char_traits<char> >::_M_allocate_internal_buffer() (in /usr/lib/x86_64-linux-gnu/libstdc++.so.6.0.21)
==17349==    by 0x51476B1: std::basic_filebuf<char, std::char_traits<char> >::open(char const*, std::_Ios_Openmode) (in /usr/lib/x86_64-linux-gnu/libstdc++.so.6.0.21)
==17349==    by 0x51482A7: std::basic_ofstream<char, std::char_traits<char> >::basic_ofstream(std::__cxx11::basic_string<char, std::char_traits<char>, std::allocator<char> > const&, std::_Ios_Openmode) (in /usr/lib/x86_64-linux-gnu/libstdc++.so.6.0.21)
==17349==    by 0x44659C: Output_Stream::Output_Stream(std::__cxx11::basic_string<char, std::char_traits<char>, std::allocator<char> >, unsigned char, std::__cxx11::basic_string<char, std::char_traits<char>, std::allocator<char> >) (output_stream.cpp:45)
==17349==    by 0x43919B: Sensor_Manager::Sensor_Manager(unsigned char, std::__cxx11::basic_string<char, std::char_traits<char>, std::allocator<char> >, std::__cxx11::basic_string<char, std::char_traits<char>, std::allocator<char> >, std::__cxx11::basic_string<char, std::char_traits<char>, std::allocator<char> >) (sensor_manager.cpp:22)
==17349==    by 0x43C53F: start(Command_Line_Parser) (launcher.cpp:296)
==17349==    by 0x43B094: main (launcher.cpp:49)
==17349== 
==17349== 72,704 bytes in 1 blocks are still reachable in loss record 24 of 24
==17349==    at 0x4C2DB8F: malloc (in /usr/lib/valgrind/vgpreload_memcheck-amd64-linux.so)
==17349==    by 0x50E0EFF: ??? (in /usr/lib/x86_64-linux-gnu/libstdc++.so.6.0.21)
==17349==    by 0x40104E9: call_init.part.0 (dl-init.c:72)
==17349==    by 0x40105FA: call_init (dl-init.c:30)
==17349==    by 0x40105FA: _dl_init (dl-init.c:120)
==17349==    by 0x4000CF9: ??? (in /lib/x86_64-linux-gnu/ld-2.23.so)
==17349==    by 0x1: ???
==17349==    by 0xFFF00074E: ???
==17349==    by 0xFFF000760: ???
==17349== 
==17349== LEAK SUMMARY:
==17349==    definitely lost: 0 bytes in 0 blocks
==17349==    indirectly lost: 0 bytes in 0 blocks
==17349==      possibly lost: 0 bytes in 0 blocks
==17349==    still reachable: 88,753 bytes in 25 blocks
==17349==         suppressed: 0 bytes in 0 blocks
==17349== 
==17349== ERROR SUMMARY: 0 errors from 0 contexts (suppressed: 0 from 0)
==17349== ERROR SUMMARY: 0 errors from 0 contexts (suppressed: 0 from 0)
==17356== embedded gdbserver: reading from /tmp/vgdb-pipe-from-vgdb-to-17356-by-root-on-???
==17356== embedded gdbserver: writing to   /tmp/vgdb-pipe-to-vgdb-from-17356-by-root-on-???
==17356== embedded gdbserver: shared mem   /tmp/vgdb-pipe-shared-mem-vgdb-17356-by-root-on-???
==17356== 
==17356== TO CONTROL THIS PROCESS USING vgdb (which you probably
==17356== don't want to do, unless you know exactly what you're doing,
==17356== or are doing some strange experiment):
==17356==   /usr/lib/valgrind/../../bin/vgdb --pid=17356 ...command...
==17356== 
==17356== TO DEBUG THIS PROCESS USING GDB: start GDB like this
==17356==   /path/to/gdb ../syscall-sensor
==17356== and then give GDB the following command
==17356==   target remote | /usr/lib/valgrind/../../bin/vgdb --pid=17356
==17356== --pid is optional if only one valgrind process is running
==17356== 
==17360== embedded gdbserver: reading from /tmp/vgdb-pipe-from-vgdb-to-17360-by-root-on-???
==17360== embedded gdbserver: writing to   /tmp/vgdb-pipe-to-vgdb-from-17360-by-root-on-???
==17360== embedded gdbserver: shared mem   /tmp/vgdb-pipe-shared-mem-vgdb-17360-by-root-on-???
==17360== 
==17360== TO CONTROL THIS PROCESS USING vgdb (which you probably
==17360== don't want to do, unless you know exactly what you're doing,
==17360== or are doing some strange experiment):
==17360==   /usr/lib/valgrind/../../bin/vgdb --pid=17360 ...command...
==17360== 
==17360== TO DEBUG THIS PROCESS USING GDB: start GDB like this
==17360==   /path/to/gdb ../syscall-sensor
==17360== and then give GDB the following command
==17360==   target remote | /usr/lib/valgrind/../../bin/vgdb --pid=17360
==17360== --pid is optional if only one valgrind process is running
==17360== 
==17361== embedded gdbserver: reading from /tmp/vgdb-pipe-from-vgdb-to-17361-by-root-on-???
==17361== embedded gdbserver: writing to   /tmp/vgdb-pipe-to-vgdb-from-17361-by-root-on-???
==17361== embedded gdbserver: shared mem   /tmp/vgdb-pipe-shared-mem-vgdb-17361-by-root-on-???
==17361== 
==17361== TO CONTROL THIS PROCESS USING vgdb (which you probably
==17361== don't want to do, unless you know exactly what you're doing,
==17361== or are doing some strange experiment):
==17361==   /usr/lib/valgrind/../../bin/vgdb --pid=17361 ...command...
==17361== 
==17361== TO DEBUG THIS PROCESS USING GDB: start GDB like this
==17361==   /path/to/gdb ../syscall-sensor
==17361== and then give GDB the following command
==17361==   target remote | /usr/lib/valgrind/../../bin/vgdb --pid=17361
==17361== --pid is optional if only one valgrind process is running
==17361== 
--17354-- REDIR: 0x5985e30 (libc.so.6:memchr) redirected to 0x4c32170 (memchr)
==17354== 
==17354== HEAP SUMMARY:
==17354==     in use at exit: 72,704 bytes in 1 blocks
==17354==   total heap usage: 3,643,564 allocs, 3,643,563 frees, 294,307,945 bytes allocated
==17354== 
==17354== Searching for pointers to 1 not-freed blocks
==17354== Checked 134,200 bytes
==17354== 
==17354== 72,704 bytes in 1 blocks are still reachable in loss record 1 of 1
==17354==    at 0x4C2DB8F: malloc (in /usr/lib/valgrind/vgpreload_memcheck-amd64-linux.so)
==17354==    by 0x50E0EFF: ??? (in /usr/lib/x86_64-linux-gnu/libstdc++.so.6.0.21)
==17354==    by 0x40104E9: call_init.part.0 (dl-init.c:72)
==17354==    by 0x40105FA: call_init (dl-init.c:30)
==17354==    by 0x40105FA: _dl_init (dl-init.c:120)
==17354==    by 0x4000CF9: ??? (in /lib/x86_64-linux-gnu/ld-2.23.so)
==17354==    by 0x1: ???
==17354==    by 0xFFF00074E: ???
==17354==    by 0xFFF000760: ???
==17354== 
==17354== LEAK SUMMARY:
==17354==    definitely lost: 0 bytes in 0 blocks
==17354==    indirectly lost: 0 bytes in 0 blocks
==17354==      possibly lost: 0 bytes in 0 blocks
==17354==    still reachable: 72,704 bytes in 1 blocks
==17354==         suppressed: 0 bytes in 0 blocks
==17354== 
==17354== ERROR SUMMARY: 0 errors from 0 contexts (suppressed: 0 from 0)
==17354== ERROR SUMMARY: 0 errors from 0 contexts (suppressed: 0 from 0)
