==3250== Memcheck, a memory error detector
==3250== Copyright (C) 2002-2015, and GNU GPL'd, by Julian Seward et al.
==3250== Using Valgrind-3.11.0 and LibVEX; rerun with -h for copyright info
==3250== Command: /bin/ls /proc/3244/task
==3250== Parent PID: 3249
==3250== 
--3250-- 
--3250-- Valgrind options:
--3250--    --tool=memcheck
--3250--    --leak-check=full
--3250--    --show-leak-kinds=all
--3250--    --trace-children=yes
--3250--    --log-file=meminfo.log
--3250--    -v
--3250-- Contents of /proc/version:
--3250--   Linux version 4.4.0-42-generic (buildd@lgw01-13) (gcc version 5.4.0 20160609 (Ubuntu 5.4.0-6ubuntu1~16.04.2) ) #62-Ubuntu SMP Fri Oct 7 23:11:45 UTC 2016
--3250-- 
--3250-- Arch and hwcaps: AMD64, LittleEndian, amd64-cx16-lzcnt-rdtscp-sse3-avx-avx2-bmi
--3250-- Page sizes: currently 4096, max supported 4096
--3250-- Valgrind library directory: /usr/lib/valgrind
--3250-- Reading syms from /bin/ls
--3250--    object doesn't have a symbol table
--3250-- Reading syms from /lib/x86_64-linux-gnu/ld-2.23.so
--3250--   Considering /lib/x86_64-linux-gnu/ld-2.23.so ..
--3250--   .. CRC mismatch (computed d3da0723 wanted a1c29704)
--3250--   Considering /usr/lib/debug/lib/x86_64-linux-gnu/ld-2.23.so ..
--3250--   .. CRC is valid
--3250-- Reading syms from /usr/lib/valgrind/memcheck-amd64-linux
--3250--   Considering /usr/lib/valgrind/memcheck-amd64-linux ..
--3250--   .. CRC mismatch (computed 5529a2c7 wanted 5bd23904)
--3250--    object doesn't have a symbol table
--3250--    object doesn't have a dynamic symbol table
--3250-- Scheduler: using generic scheduler lock implementation.
--3250-- Reading suppressions file: /usr/lib/valgrind/default.supp
==3250== embedded gdbserver: reading from /tmp/vgdb-pipe-from-vgdb-to-3250-by-root-on-???
==3250== embedded gdbserver: writing to   /tmp/vgdb-pipe-to-vgdb-from-3250-by-root-on-???
==3250== embedded gdbserver: shared mem   /tmp/vgdb-pipe-shared-mem-vgdb-3250-by-root-on-???
==3250== 
==3250== TO CONTROL THIS PROCESS USING vgdb (which you probably
==3250== don't want to do, unless you know exactly what you're doing,
==3250== or are doing some strange experiment):
==3250==   /usr/lib/valgrind/../../bin/vgdb --pid=3250 ...command...
==3250== 
==3250== TO DEBUG THIS PROCESS USING GDB: start GDB like this
==3250==   /path/to/gdb /bin/ls
==3250== and then give GDB the following command
==3250==   target remote | /usr/lib/valgrind/../../bin/vgdb --pid=3250
==3250== --pid is optional if only one valgrind process is running
==3250== 
--3250-- REDIR: 0x401cdc0 (ld-linux-x86-64.so.2:strlen) redirected to 0x3809e181 (???)
--3250-- Reading syms from /usr/lib/valgrind/vgpreload_core-amd64-linux.so
--3250--   Considering /usr/lib/valgrind/vgpreload_core-amd64-linux.so ..
--3250--   .. CRC mismatch (computed a30c8eaa wanted 7ae2fed4)
--3250--    object doesn't have a symbol table
--3250-- Reading syms from /usr/lib/valgrind/vgpreload_memcheck-amd64-linux.so
--3250--   Considering /usr/lib/valgrind/vgpreload_memcheck-amd64-linux.so ..
--3250--   .. CRC mismatch (computed 402c2ab5 wanted 745f25ae)
--3250--    object doesn't have a symbol table
==3250== WARNING: new redirection conflicts with existing -- ignoring it
--3250--     old: 0x0401cdc0 (strlen              ) R-> (0000.0) 0x3809e181 ???
--3250--     new: 0x0401cdc0 (strlen              ) R-> (2007.0) 0x04c31020 strlen
--3250-- REDIR: 0x401b710 (ld-linux-x86-64.so.2:index) redirected to 0x4c30bc0 (index)
--3250-- REDIR: 0x401b930 (ld-linux-x86-64.so.2:strcmp) redirected to 0x4c320d0 (strcmp)
--3250-- REDIR: 0x401db20 (ld-linux-x86-64.so.2:mempcpy) redirected to 0x4c35270 (mempcpy)
--3250-- Reading syms from /lib/x86_64-linux-gnu/libselinux.so.1
--3250--    object doesn't have a symbol table
--3250-- Reading syms from /lib/x86_64-linux-gnu/libc-2.23.so
--3250--   Considering /lib/x86_64-linux-gnu/libc-2.23.so ..
--3250--   .. CRC mismatch (computed 2adb2e50 wanted 9b73f606)
--3250--   Considering /usr/lib/debug/lib/x86_64-linux-gnu/libc-2.23.so ..
--3250--   .. CRC is valid
--3250-- Reading syms from /lib/x86_64-linux-gnu/libpcre.so.3.13.2
--3250--   Considering /lib/x86_64-linux-gnu/libpcre.so.3.13.2 ..
--3250--   .. CRC mismatch (computed 276b70fd wanted 22183252)
--3250--    object doesn't have a symbol table
--3250-- Reading syms from /lib/x86_64-linux-gnu/libdl-2.23.so
--3250--   Considering /lib/x86_64-linux-gnu/libdl-2.23.so ..
--3250--   .. CRC mismatch (computed b7ff3c20 wanted 623a46c3)
--3250--   Considering /usr/lib/debug/lib/x86_64-linux-gnu/libdl-2.23.so ..
--3250--   .. CRC is valid
--3250-- Reading syms from /lib/x86_64-linux-gnu/libpthread-2.23.so
--3250--   Considering /usr/lib/debug/.build-id/b7/7847cc9cacbca3b5753d0d25a32e5795afe75b.debug ..
--3250--   .. build-id is valid
--3250-- REDIR: 0x50eafd0 (libc.so.6:strcasecmp) redirected to 0x4a286f0 (_vgnU_ifunc_wrapper)
--3250-- REDIR: 0x50e6850 (libc.so.6:strcspn) redirected to 0x4a286f0 (_vgnU_ifunc_wrapper)
--3250-- REDIR: 0x50ed2c0 (libc.so.6:strncasecmp) redirected to 0x4a286f0 (_vgnU_ifunc_wrapper)
--3250-- REDIR: 0x50e8cc0 (libc.so.6:strpbrk) redirected to 0x4a286f0 (_vgnU_ifunc_wrapper)
--3250-- REDIR: 0x50e9050 (libc.so.6:strspn) redirected to 0x4a286f0 (_vgnU_ifunc_wrapper)
--3250-- REDIR: 0x50ea71b (libc.so.6:memcpy@GLIBC_2.2.5) redirected to 0x4a286f0 (_vgnU_ifunc_wrapper)
--3250-- REDIR: 0x50e70f0 (libc.so.6:strncmp) redirected to 0x4a286f0 (_vgnU_ifunc_wrapper)
--3250-- REDIR: 0x50e5050 (libc.so.6:index) redirected to 0x4a286f0 (_vgnU_ifunc_wrapper)
--3250-- REDIR: 0x50ea780 (libc.so.6:memset) redirected to 0x4a286f0 (_vgnU_ifunc_wrapper)
--3250-- REDIR: 0x50ea180 (libc.so.6:bcmp) redirected to 0x4a286f0 (_vgnU_ifunc_wrapper)
--3250-- REDIR: 0x50e52a0 (libc.so.6:strcmp) redirected to 0x4a286f0 (_vgnU_ifunc_wrapper)
--3250-- REDIR: 0x5171950 (libc.so.6:__memcpy_chk) redirected to 0x4a286f0 (_vgnU_ifunc_wrapper)
--3250-- REDIR: 0x50ef9c0 (libc.so.6:memcpy@@GLIBC_2.14) redirected to 0x4a286f0 (_vgnU_ifunc_wrapper)
--3250-- REDIR: 0x50e89d0 (libc.so.6:rindex) redirected to 0x4c308a0 (rindex)
--3250-- REDIR: 0x50df550 (libc.so.6:malloc) redirected to 0x4c2db20 (malloc)
--3250-- REDIR: 0x50e9630 (libc.so.6:__GI_strstr) redirected to 0x4c354d0 (__strstr_sse2)
--3250-- REDIR: 0x50e9e30 (libc.so.6:memchr) redirected to 0x4c32170 (memchr)
--3250-- REDIR: 0x50efa40 (libc.so.6:__GI_memcpy) redirected to 0x4c32b00 (__GI_memcpy)
--3250-- REDIR: 0x50e9c00 (libc.so.6:strstr) redirected to 0x4a286f0 (_vgnU_ifunc_wrapper)
--3250-- REDIR: 0x5105640 (libc.so.6:__strstr_sse2_unaligned) redirected to 0x4c35460 (strstr)
--3250-- REDIR: 0x50dfa70 (libc.so.6:free) redirected to 0x4c2ed80 (free)
--3250-- REDIR: 0x50e52e0 (libc.so.6:__GI_strcmp) redirected to 0x4c31fe0 (__GI_strcmp)
--3250-- REDIR: 0x50e6cf0 (libc.so.6:strlen) redirected to 0x4c30f60 (strlen)
--3250-- REDIR: 0x50e7140 (libc.so.6:__GI_strncmp) redirected to 0x4c31710 (__GI_strncmp)
--3250-- REDIR: 0x50e5080 (libc.so.6:__GI_strchr) redirected to 0x4c30a00 (__GI_strchr)
--3250-- REDIR: 0x50f1d30 (libc.so.6:strchrnul) redirected to 0x4c34da0 (strchrnul)
--3250-- REDIR: 0x50ea980 (libc.so.6:__GI_mempcpy) redirected to 0x4c34fa0 (__GI_mempcpy)
--3250-- REDIR: 0x51a96d0 (libc.so.6:__memcpy_avx_unaligned) redirected to 0x4c324a0 (memcpy@@GLIBC_2.14)
--32--3249-- REDIR: 0x4ebda70 (libc.so.6:free) redirected to 0x4c2ed80 (free)
==3249== 
==3249== HEAP SUMMARY:
==3249==     in use at exit: 1,243 bytes in 35 blocks
==3249==   total heap usage: 37 allocs, 2 frees, 1,347 bytes allocated
==3249== 
==3249== Searching for pointers to 35 not-freed blocks
==3249== Checked 73,776 bytes
==3249== 
==3249== 9 bytes in 1 blocks are still reachable in loss record 1 of 7
==3249==    at 0x4C2DB8F: malloc (in /usr/lib/valgrind/vgpreload_memcheck-amd64-linux.so)
==3249==    by 0x11C178: ??? (in /bin/dash)
==3249==    by 0x11FB45: ??? (in /bin/dash)
==3249==    by 0x124137: ??? (in /bin/dash)
==3249==    by 0x124409: ??? (in /bin/dash)
==3249==    by 0x1169DB: ??? (in /bin/dash)
==3249==    by 0x4E5A82F: (below main) (libc-start.c:291)
==3249== 
==3249== 26 bytes in 1 blocks are still reachable in loss record 2 of 7
==3249==    at 0x4C2DB8F: malloc (in /usr/lib/valgrind/vgpreload_memcheck-amd64-linux.so)
==3249==    by 0x11C178: ??? (in /bin/dash)
==3249==    by 0x10E713: ??? (in /bin/dash)
==3249==    by 0x1186C9: ??? (in /bin/dash)
==3249==    by 0x1170D2: ??? (in /bin/dash)
==3249==    by 0x116BB4: ??? (in /bin/dash)
==3249==    by 0x117FDF: ??? (in /bin/dash)
==3249==    by 0x1117CD: ??? (in /bin/dash)
==3249==    by 0x4E5A82F: (below main) (libc-start.c:291)
==3249== 
==3249== 32 bytes in 1 blocks are still reachable in loss record 3 of 7
==3249==    at 0x4C2DB8F: malloc (in /usr/lib/valgrind/vgpreload_memcheck-amd64-linux.so)
==3249==    by 0x11C178: ??? (in /bin/dash)
==3249==    by 0x11FAB6: ??? (in /bin/dash)
==3249==    by 0x12443C: ??? (in /bin/dash)
==3249==    by 0x1169DB: ??? (in /bin/dash)
==3249==    by 0x4E5A82F: (below main) (libc-start.c:291)
==3249== 
==3249== 42 bytes in 1 blocks are still reachable in loss --3244-- REDIR: 0x5986780 (libc.so.6:memset) redirected to 0x4a286f0 (_vgnU_ifunc_wrapper)
--3244-- REDIR: 0x5a6a1a0 (libc.so.6:__memset_avx2) redirected to 0x4c344c0 (memset)
==3251== embedded gdbserver: reading from /tmp/vgdb-pipe-from-vgdb-to-3251-by-root-on-???
==3251== embedded gdbserver: writing to   /tmp/vgdb-pipe-to-vgdb-from-3251-by-root-on-???
==3251== embedded gdbserver: shared mem   /tmp/vgdb-pipe-shared-mem-vgdb-3251-by-root-on-???
==3251== 
==3251== TO CONTROL THIS PROCESS USING vgdb (which you probably
==3251== don't want to do, unless you know exactly what you're doing,
==3251== or are doing some strange experiment):
==3251==   /usr/lib/valgrind/../../bin/vgdb --pid=3251 ...command...
==3251== 
==3251== TO DEBUG THIS PROCESS USING GDB: start GDB like this
==3251==   /path/to/gdb ../syscall-sensor
==3251== and then give GDB the following command
==3251==   target remote | /usr/lib/valgrind/../../bin/vgdb --pid=3251
==3251== --pid is optional if only one valgrind process is running
==3251== 
==3244== 
==3244== HEAP SUMMARY:
==3244==     in use at exit: 88,241 bytes in 21 blocks
==3244==   total heap usage: 117 allocs, 96 frees, 182,086 bytes allocated
==3244== 
==3244== Searching for pointers to 21 not-freed blocks
==3244== Checked 137,120 bytes
==3244== 
==3244== 16 bytes in 1 blocks are still reachable in loss record 1 of 20
==3244==    at 0x4C2E0EF: operator new(unsigned long) (in /usr/lib/valgrind/vgpreload_memcheck-amd64-linux.so)
==3244==    by 0x4499CB: __gnu_cxx::new_allocator<std::__detail::_Hash_node<Data_Stream*, false> >::allocate(unsigned long, void const*) (new_allocator.h:104)
==3244==    by 0x449541: std::allocator_traits<std::allocator<std::__detail::_Hash_node<Data_Stream*, false> > >::allocate(std::allocator<std::__detail::_Hash_node<Data_Stream*, false> >&, unsigned long) (alloc_traits.h:491)
==3244==    by 0x448FD6: std::__detail::_Hash_node<Data_Stream*, false>* std::__detail::_Hashtable_alloc<std::allocator<std::__detail::_Hash_node<Data_Stream*, false> > >::_M_allocate_node<Data_Stream* const&>(Data_Stream* const&) (hashtable_policy.h:1949)
==3244==    by 0x4489A8: std::__detail::_Hash_node<Data_Stream*, false>* std::__detail::_AllocNode<std::allocator<std::__detail::_Hash_node<Data_Stream*, false> > >::operator()<Data_Stream* const&>(Data_Stream* const&) const (hashtable_policy.h:180)
==3244==    by 0x44849D: std::pair<std::__detail::_Node_iterator<Data_Stream*, true, false>, bool> std::_Hashtable<Data_Stream*, Data_Stream*, std::allocator<Data_Stream*>, std::__detail::_Identity, std::equal_to<Data_Stream*>, std::hash<Data_Stream*>, std::__detail::_Mod_range_hashing, std::__detail::_Default_ranged_hash, std::__detail::_Prime_rehash_policy, std::__detail::_Hashtable_traits<false, true, true> >::_M_insert<Data_Stream* const&, std::__detail::_AllocNode<std::allocator<std::__detail::_Hash_node<Data_Stream*, false> > > >(Data_Stream* const&, std::__detail::_AllocNode<std::allocator<std::__detail::_Hash_node<Data_Stream*, false> > > const&, std::integral_constant<bool, true>) (hashtable.h:1703)
==3244==    by 0x447E22: std::__detail::_Insert_base<Data_Stream*, Data_Stream*, std::allocator<Data_Stream*>, std::__detail::_Identity, std::equal_to<Data_Stream*>, std::hash<Data_Stream*>, std::__detail::_Mod_range_hashing, std::__detail::_Default_ranged_hash, std::__detail::_Prime_rehash_policy, std::__detail::_Hashtable_traits<false, true, true> >::insert(Data_Stream* const&) (hashtable_policy.h:715)
==3244==    by 0x447940: std::unordered_set<Data_Stream*, std::hash<Data_Stream*>, std::equal_to<Data_Stream*>, std::allocator<Data_Stream*> >::insert(Data_Stream* const&) (unordered_set.h:413)
==3244==    by 0x446D70: Syscall_Logger::add_stream(Data_Stream*) (syscall_logger.cpp:117)
==3244==    by 0x43927A: Sensor_Manager::Sensor_Manager(unsigned char, std::__cxx11::basic_string<char, std::char_traits<char>, std::allocator<char> >, std::__cxx11::basic_string<char, std::char_traits<char>, std::allocator<char> >, std::__cxx11::basic_string<char, std::char_traits<char>, std::allocator<char> >) (sensor_manager.cpp:24)
==3244==    by 0x43C59F: start(Command_Line_Parser&) (launcher.cpp:296)
==3244==    by 0x43B19B: main (launcher.cpp:49)
==3244== 
==3244== 16 bytes in 1 blocks are still reachable in loss record 2 of 20
==3244==    at 0x4C2E0EF: operator new(unsigned long) (in /usr/lib/valgrind/vgpreload_memcheck-amd64-linux.so)
==3244==    by 0x43AF6F: __gnu_cxx::new_allocator<std::__detail::_Hash_node_base*>::allocate(unsigned long, void const*) (new_allocator.h:104)
==3244==    by 0x43AF13: std::allocator_traits<std::allocator<std::__detail::_Hash_node_base*> >::allocate(std::allocator<std::__detail::_Hash_node_base*>&, unsigned long) (alloc_traits.h:491)
==3244==    by 0x449D52: std::__detail::_Hashtable_alloc<std::allocator<std::__detail::_Hash_node<Data_Stream*, false> > >::_M_allocate_buckets(unsigned long) (hashtable_policy.h:1996)
==3244==    by 0x449A5C: std::_Hashtable<Data_Stream*, Data_Stream*, std::allocator<Data_Stream*>, std::__detail::_Identity, std::equal_to<Data_Stream*>, std::hash<Data_Stream*>, std::__detail::_Mod_range_hashing, std::__detail::_Default_ranged_hash, std::__detail::_Prime_rehash_policy, std::__detail::_Hashtable_traits<false, true, true> >::_M_allocate_buckets(unsigned long) (hashtable.h:347)
==3244==    by 0x4495AE: std::_Hashtable<Data_Stream*, Data_Stream*, std::allocator<Data_Stream*>, std::__detail::_Identity, std::equal_to<Data_Stream*>, std::hash<Data_Stream*>, std::__detail::_Mod_range_hashing, std::__detail::_Default_ranged_hash, std::__detail::_Prime_rehash_policy, std::__detail::_Hashtable_traits<false, true, true> >::_M_rehash_aux(unsigned long, std::integral_constant<bool, true>) (hashtable.h:1974)
==3244==    by 0x449117: std::_Hashtable<Data_Stream*, Data_Stream*, std::allocator<Data_Stream*>, std::__detail::_Identity, std::equal_to<Data_Stream*>, std::hash<Data_Stream*>, std::__detail::_Mod_range_hashing, std::__detail::_Default_ranged_hash, std::__detail::_Prime_rehash_policy, std::__detail::_Hashtable_traits<false, true, true> >::_M_rehash(unsigned long, unsigned long const&) (hashtable.h:1953)
==3244==    by 0x448A3F: std::_Hashtable<Data_Stream*, Data_Stream*, std::allocator<Data_Stream*>, std::__detail::_Identity, std::equal_to<Data_Stream*>, std::hash<Data_Stream*>, std::__detail::_Mod_range_hashing, std::__detail::_Default_ranged_hash, std::__detail::_Prime_rehash_policy, std::__detail::_Hashtable_traits<false, true, true> >::_M_insert_unique_node(unsigned long, unsigned long, std::__detail::_Hash_node<Data_Stream*, false>*) (hashtable.h:1600)
==3244==    by 0x4484BD: std::pair<std::__detail::_Node_iterator<Data_Stream*, true, false>, bool> std::_Hashtable<Data_Stream*, Data_Stream*, std::allocator<Data_Stream*>, std::__detail::_Identity, std::equal_to<Data_Stream*>, std::hash<Data_Stream*>, std::__detail::_Mod_range_hashing, std::__detail::_Default_ranged_hash, std::__detail::_Prime_rehash_policy, std::__detail::_Hashtable_traits<false, true, true> >::_M_insert<Data_Stream* const&, std::__detail::_AllocNode<std::allocator<std::__detail::_Hash_node<Data_Stream*, false> > > >(Data_Stream* const&, std::__detail::_AllocNode<std::allocator<std::__detail::_Hash_node<Data_Stream*, false> > > const&, std::integral_constant<bool, true>) (hashtable.h:1704)
==3244==    by 0x447E22: std::__detail::_Insert_base<Data_Stream*, Data_Stream*, std::allocator<Data_Stream*>, std::__detail::_Identity, std::equal_to<Data_Stream*>, std::hash<Data_Stream*>, std::__detail::_Mod_range_hashing, std::__detail::_Default_ranged_hash, std::__detail::_Prime_rehash_policy, std::__detail::_Hashtable_traits<false, true, true> >::insert(Data_Stream* const&) (hashtable_policy.h:715)
==3244==    by 0x447940: std::unordered_set<Data_Stream*, std::hash<Data_Stream*>, std::equal_to<Data_Stream*>, std::allocator<Data_Stream*> >::insert(Data_Stream* const&) (unordered_set.h:413)
==3244==    by 0x446D70: Syscall_Logger::add_stream(Data_Stream*) (syscall_logger.cpp:117)
==3244== 
==3244== 16 bytes in 1 blocks are still reachable in loss record 3 of 20
==3244==    at 0x4C2E0EF: operator new(unsigned long) (in /usr/lib/valgrind/vgpreload_memcheck-amd64-linux.so)
==3244==    by 0x43ACFD: __gnu_cxx::new_allocator<std::__detail::_Hash_node<Sensor_Observer*, false> >::allocate(unsigned long, void const*) (new_allocator.h:104)
==3244==    by 0x43A9CD: std::allocator_traits<std::allocator<std::__detail::_Hash_node<Sensor_Observer*, false> > >::allocate(std::allocator<std::__detail::_Hash_node<Sensor_Observer*, false> >&, unsigned long) (alloc_traits.h:491)
==3244==    by 0x43A52C: std::__detail::_Hash_node<Sensor_Observer*, false>* std::__detail::_Hashtable_alloc<std::allocator<std::__detail::_Hash_node<Sensor_Observer*, false> > >::_M_allocate_node<Sensor_Observer* const&>(Sensor_Observer* const&) (hashtable_policy.h:1949)
==3244==    by 0x43A03A: std::__detail::_Hash_node<Sensor_Observer*, false>* std::__detail::_AllocNode<std::allocator<std::__detail::_Hash_node<Sensor_Observer*, false> > >::operator()<Sensor_Observer* const&>(Sensor_Observer* const&) const (hashtable_policy.h:180)
==3244==    by 0x439CEF: std::pair<std::__detail::_Node_iterator<Sensor_Observer*, true, false>, bool> std::_Hashtable<Sensor_Observer*, Sensor_Observer*, std::allocator<Sensor_Observer*>, std::__detail::_Identity, std::equal_to<Sensor_Observer*>, std::hash<Sensor_Observer*>, std::__detail::_Mod_range_hashing, std::__detail::_Default_ranged_hash, std::__detail::_Prime_rehash_policy, std::__detail::_Hashtable_traits<false, true, true> >::_M_insert<Sensor_Observer* const&, std::__detail::_AllocNode<std::allocator<std::__detail::_Hash_node<Sensor_Observer*, false> > > >(Sensor_Observer* const&, std::__detail::_AllocNode<std::allocator<std::__detail::_Hash_node<Sensor_Observer*, false> > > const&, std::integral_constant<bool, true>) (hashtable.h:1703)
==3244==    by 0x439A86: std::__detail::_Insert_base<Sensor_Observer*, Sensor_Observer*, std::allocator<Sensor_Observer*>, std::__detail::_Identity, std::equal_to<Sensor_Observer*>, std::hash<Sensor_Observer*>, std::__detail::_Mod_range_hashing, std::__detail::_Default_ranged_hash, std::__detail::_Prime_rehash_policy, std::__detail::_Hashtable_traits<false, true, true> >::insert(Sensor_Observer* const&) (hashtable_policy.h:715)
==3244==    by 0x4399F6: std::unordered_set<Sensor_Observer*, std::hash<Sensor_Observer*>, std::equal_to<Sensor_Observer*>, std::allocator<Sensor_Observer*> >::insert(Sensor_Observer* const&) (unordered_set.h:413)
==3244==    by 0x4399D0: Sensor::attach_observer(Sensor_Observer*) (sensor.h:48)
==3244==    by 0x439294: Sensor_Manager::Sensor_Manager(unsigned char, std::__cxx11::basic_string<char, std::char_traits<char>, std::allocator<char> >, std::__cxx11::basic_string<char, std::char_traits<char>, std::allocator<char> >, std::__cxx11::basic_string<char, std::char_traits<char>, std::allocator<char> >) (sensor_manager.cpp:25)
==3244==    by 0x43C59F: start(Command_Line_Parser&) (launcher.cpp:296)
==3244==    by 0x43B19B: main (launcher.cpp:49)
==3244== 
==3244== 16 bytes in 1 blocks are still reachable in loss record 4 of 20
==3244==    at 0x4C2E0EF: operator new(unsigned long) (in /usr/lib/valgrind/vgpreload_memcheck-amd64-linux.so)
==3244==    by 0x43AF6F: __gnu_cxx::new_allocator<std::__detail::_Hash_node_base*>::allocate(unsigned long, void const*) (new_allocator.h:104)
==3244==    by 0x43AF13: std::allocator_traits<std::allocator<std::__detail::_Hash_node_base*> >::allocate(std::allocator<std::__detail::_Hash_node_base*>&, unsigned long) (alloc_traits.h:491)
==3244==    by 0x43AE52: std::__detail::_Hashtable_alloc<std::allocator<std::__detail::_Hash_node<Sensor_Observer*, false> > >::_M_allocate_buckets(unsigned long) (hashtable_policy.h:1996)
==3244==    by 0x43AD8E: std::_Hashtable<Sensor_Observer*, Sensor_Observer*, std::allocator<Sensor_Observer*>, std::__detail::_Identity, std::equal_to<Sensor_Observer*>, std::hash<Sensor_Observer*>, std::__detail::_Mod_range_hashing, std::__detail::_Default_ranged_hash, std::__detail::_Prime_rehash_policy, std::__detail::_Hashtable_traits<false, true, true> >::_M_allocate_buckets(unsigned long) (hashtable.h:347)
==3244==    by 0x43AA3A: std::_Hashtable<Sensor_Observer*, Sensor_Observer*, std::allocator<Sensor_Observer*>, std::__detail::_Identity, std::equal_to<Sensor_Observer*>, std::hash<Sensor_Observer*>, std::__detail::_Mod_range_hashing, std::__detail::_Default_ranged_hash, std::__detail::_Prime_rehash_policy, std::__detail::_Hashtable_traits<false, true, true> >::_M_rehash_aux(unsigned long, std::integral_constant<bool, true>) (hashtable.h:1974)
==3244==    by 0x43A66D: std::_Hashtable<Sensor_Observer*, Sensor_Observer*, std::allocator<Sensor_Observer*>, std::__detail::_Identity, std::equal_to<Sensor_Observer*>, std::hash<Sensor_Observer*>, std::__detail::_Mod_range_hashing, std::__detail::_Default_ranged_hash, std::__detail::_Prime_rehash_policy, std::__detail::_Hashtable_traits<false, true, true> >::_M_rehash(unsigned long, unsigned long const&) (hashtable.h:1953)
==3244==    by 0x43A0D1: std::_Hashtable<Sensor_Observer*, Sensor_Observer*, std::allocator<Sensor_Observer*>, std::__detail::_Identity, std::equal_to<Sensor_Observer*>, std::hash<Sensor_Observer*>, std::__detail::_Mod_range_hashing, std::__detail::_Default_ranged_hash, std::__detail::_Prime_rehash_policy, std::__detail::_Hashtable_traits<false, true, true> >::_M_insert_unique_node(unsigned long, unsigned long, std::__detail::_Hash_node<Sensor_Observer*, false>*) (hashtable.h:1600)
==3244==    by 0x439D0F: std::pair<std::__detail::_Node_iterator<Sensor_Observer*, true, false>, bool> std::_Hashtable<Sensor_Observer*, Sensor_Observer*, std::allocator<Sensor_Observer*>, std::__detail::_Identity, std::equal_to<Sensor_Observer*>, std::hash<Sensor_Observer*>, std::__detail::_Mod_range_hashing, std::__detail::_Default_ranged_hash, std::__detail::_Prime_rehash_policy, std::__detail::_Hashtable_traits<false, true, true> >::_M_insert<Sensor_Observer* const&, std::__detail::_AllocNode<std::allocator<std::__detail::_Hash_node<Sensor_Observer*, false> > > >(Sensor_Observer* const&, std::__detail::_AllocNode<std::allocator<std::__detail::_Hash_node<Sensor_Observer*, false> > > const&, std::integral_constant<bool, true>) (hashtable.h:1704)
==3244==    by 0x439A86: std::__detail::_Insert_base<Sensor_Observer*, Sensor_Observer*, std::allocator<Sensor_Observer*>, std::__detail::_Identity, std::equal_to<Sensor_Observer*>, std::hash<Sensor_Observer*>, std::__detail::_Mod_range_hashing, std::__detail::_Default_ranged_hash, std::__detail::_Prime_rehash_policy, std::__detail::_Hashtable_traits<false, true, true> >::insert(Sensor_Observer* const&) (hashtable_policy.h:715)
==3244==    by 0x4399F6: std::unordered_set<Sensor_Observer*, std::hash<Sensor_Observer*>, std::equal_to<Sensor_Observer*>, std::allocator<Sensor_Observer*> >::insert(Sensor_Observer* const&) (unordered_set.h:413)
==3244==    by 0x4399D0: Sensor::attach_observer(Sensor_Observer*) (sensor.h:48)
==3244== 
==3244== 32 bytes in 1 blocks are still reachable in loss record 5 of 20
==3244==    at 0x4C2E0EF: operator new(unsigned long) (in /usr/lib/valgrind/vgpreload_memcheck-amd64-linux.so)
==3244==    by 0x4377AD: __gnu_cxx::new_allocator<std::__cxx11::basic_string<char, std::char_traits<char>, std::allocator<char> > >::allocate(unsigned long, void const*) (new_allocator.h:104)
==3244==    by 0x43747D: std::allocator_traits<std::allocator<std::__cxx11::basic_string<char, std::char_traits<char>, std::allocator<char> > > >::allocate(std::allocator<std::__cxx11::basic_string<char, std::char_traits<char>, std::allocator<char> > >&, unsigned long) (alloc_traits.h:491)
==3244==    by 0x436D99: std::_Vector_base<std::__cxx11::basic_string<char, std::char_traits<char>, std::allocator<char> >, std::allocator<std::__cxx11::basic_string<char, std::char_traits<char>, std::allocator<char> > > >::_M_allocate(unsigned long) (stl_vector.h:170)
==3244==    by 0x43660B: void std::vector<std::__cxx11::basic_string<char, std::char_traits<char>, std::allocator<char> >, std::allocator<std::__cxx11::basic_string<char, std::char_traits<char>, std::allocator<char> > > >::_M_emplace_back_aux<std::__cxx11::basic_string<char, std::char_traits<char>, std::allocator<char> > const&>(std::__cxx11::basic_string<char, std::char_traits<char>, std::allocator<char> > const&) (vector.tcc:412)
==3244==    by 0x4360D4: std::vector<std::__cxx11::basic_string<char, std::char_traits<char>, std::allocator<char> >, std::allocator<std::__cxx11::basic_string<char, std::char_traits<char>, std::allocator<char> > > >::push_back(std::__cxx11::basic_string<char, std::char_traits<char>, std::allocator<char> > const&) (stl_vector.h:923)
==3244==    by 0x42C6AF: Command_Line_Parser::Command_Line_Parser(int, char**) (command_line_parser.cpp:30)
==3244==    by 0x43AFE1: main (launcher.cpp:39)
==3244== 
==3244== 64 bytes in 1 blocks are still reachable in loss record 6 of 20
==3244==    at 0x4C2E0EF: operator new(unsigned long) (in /usr/lib/valgrind/vgpreload_memcheck-amd64-linux.so)
==3244==    by 0x4377AD: __gnu_cxx::new_allocator<std::__cxx11::basic_string<char, std::char_traits<char>, std::allocator<char> > >::allocate(unsigned long, void const*) (new_allocator.h:104)
==3244==    by 0x43747D: std::allocator_traits<std::allocator<std::__cxx11::basic_string<char, std::char_traits<char>, std::allocator<char> > > >::allocate(std::allocator<std::__cxx11::basic_string<char, std::char_traits<char>, std::allocator<char> > >&, unsigned long) (alloc_traits.h:491)
==3244==    by 0x436D99: std::_Vector_base<std::__cxx11::basic_string<char, std::char_traits<char>, std::allocator<char> >, std::allocator<std::__cxx11::basic_string<char, std::char_traits<char>, std::allocator<char> > > >::_M_allocate(unsigned long) (stl_vector.h:170)
==3244==    by 0x4364DB: void std::vector<std::__cxx11::basic_string<char, std::char_traits<char>, std::allocator<char> >, std::allocator<std::__cxx11::basic_string<char, std::char_traits<char>, std::allocator<char> > > >::_M_range_initialize<std::__cxx11::basic_string<char, std::char_traits<char>, std::allocator<char> > const*>(std::__cxx11::basic_string<char, std::char_traits<char>, std::allocator<char> > const*, std::__cxx11::basic_string<char, std::char_traits<char>, std::allocator<char> > const*, std::forward_iterator_tag) (stl_vector.h:1287)
==3244==    by 0x435FA7: std::vector<std::__cxx11::basic_string<char, std::char_traits<char>, std::allocator<char> >, std::allocator<std::__cxx11::basic_string<char, std::char_traits<char>, std::allocator<char> > > >::vector(std::initializer_list<std::__cxx11::basic_string<char, std::char_traits<char>, std::allocator<char> > >, std::allocator<std::__cxx11::basic_string<char, std::char_traits<char>, std::allocator<char> > > const&) (stl_vector.h:377)
==3244==    by 0x43EE1C: Linux_Syscall_Reader::Linux_Syscall_Reader(unsigned char) (linux_syscall_reader.cpp:220)
==3244==    by 0x43DBBE: Linux_Syscall_Reader::get_instance() (linux_syscall_reader.cpp:22)
==3244==    by 0x43DBFB: Linux_Syscall_Reader::get_instance(unsigned char) (linux_syscall_reader.cpp:30)
==3244==    by 0x4402CE: Reader_Factory::create_reader() (reader_factory.cpp:27)
==3244==    by 0x441722: Syscall_Sensor::Syscall_Sensor(unsigned char) (syscall_sensor.cpp:279)
==3244==    by 0x440B2E: Syscall_Sensor::get_instance() (syscall_sensor.cpp:40)
==3244== 
==3244== 64 bytes in 1 blocks are still reachable in loss record 7 of 20
==3244==    at 0x4C2E0EF: operator new(unsigned long) (in /usr/lib/valgrind/vgpreload_memcheck-amd64-linux.so)
==3244==    by 0x439228: Sensor_Manager::Sensor_Manager(unsigned char, std::__cxx11::basic_string<char, std::char_traits<char>, std::allocator<char> >, std::__cxx11::basic_string<char, std::char_traits<char>, std::allocator<char> >, std::__cxx11::basic_string<char, std::char_traits<char>, std::allocator<char> >) (sensor_manager.cpp:22)
==3244==    by 0x43C59F: start(Command_Line_Parser&) (launcher.cpp:296)
==3244==    by 0x43B19B: main (launcher.cpp:49)
==3244== 
==3244== 96 bytes in 1 blocks are still reachable in loss record 8 of 20
==3244==    at 0x4C2E0EF: operator new(unsigned long) (in /usr/lib/valgrind/vgpreload_memcheck-amd64-linux.so)
==3244==    by 0x4377AD: __gnu_cxx::new_allocator<std::__cxx11::basic_string<char, std::char_traits<char>, std::allocator<char> > >::allocate(unsigned long, void const*) (new_allocator.h:104)
==3244==    by 0x43747D: std::allocator_traits<std::allocator<std::__cxx11::basic_string<char, std::char_traits<char>, std::allocator<char> > > >::allocate(std::allocator<std::__cxx11::basic_string<char, std::char_traits<char>, std::allocator<char> > >&, unsigned long) (alloc_traits.h:491)
==3244==    by 0x436D99: std::_Vector_base<std::__cxx11::basic_string<char, std::char_traits<char>, std::allocator<char> >, std::allocator<std::__cxx11::basic_string<char, std::char_traits<char>, std::allocator<char> > > >::_M_allocate(unsigned long) (stl_vector.h:170)
==3244==    by 0x4364DB: void std::vector<std::__cxx11::basic_string<char, std::char_traits<char>, std::allocator<char> >, std::allocator<std::__cxx11::basic_string<char, std::char_traits<char>, std::allocator<char> > > >::_M_range_initialize<std::__cxx11::basic_string<char, std::char_traits<char>, std::allocator<char> > const*>(std::__cxx11::basic_string<char, std::char_traits<char>, std::allocator<char> > const*, std::__cxx11::basic_string<char, std::char_traits<char>, std::allocator<char> > const*, std::forward_iterator_tag) (stl_vector.h:1287)
==3244==    by 0x435FA7: std::vector<std::__cxx11::basic_string<char, std::char_traits<char>, std::allocator<char> >, std::allocator<std::__cxx11::basic_string<char, std::char_traits<char>, std::allocator<char> > > >::vector(std::initializer_list<std::__cxx11::basic_string<char, std::char_traits<char>, std::allocator<char> > >, std::allocator<std::__cxx11::basic_string<char, std::char_traits<char>, std::allocator<char> > > const&) (stl_vector.h:377)
==3244==    by 0x42C414: Command_Line_Parser::Command_Line_Parser(int, char**) (command_line_parser.cpp:14)
==3244==    by 0x43AFE1: main (launcher.cpp:39)
==3244== 
==3244== 96 bytes in 1 blocks are still reachable in loss record 9 of 20
==3244==    at 0x4C2E0EF: operator new(unsigned long) (in /usr/lib/valgrind/vgpreload_memcheck-amd64-linux.so)
==3244==    by 0x4377AD: __gnu_cxx::new_allocator<std::__cxx11::basic_string<char, std::char_traits<char>, std::allocator<char> > >::allocate(unsigned long, void const*) (new_allocator.h:104)
==3244==    by 0x43747D: std::allocator_traits<std::allocator<std::__cxx11::basic_string<char, std::char_traits<char>, std::allocator<char> > > >::allocate(std::allocator<std::__cxx11::basic_string<char, std::char_traits<char>, std::allocator<char> > >&, unsigned long) (alloc_traits.h:491)
==3244==    by 0x436D99: std::_Vector_base<std::__cxx11::basic_string<char, std::char_traits<char>, std::allocator<char> >, std::allocator<std::__cxx11::basic_string<char, std::char_traits<char>, std::allocator<char> > > >::_M_allocate(unsigned long) (stl_vector.h:170)
==3244==    by 0x4364DB: void std::vector<std::__cxx11::basic_string<char, std::char_traits<char>, std::allocator<char> >, std::allocator<std::__cxx11::basic_string<char, std::char_traits<char>, std::allocator<char> > > >::_M_range_initialize<std::__cxx11::basic_string<char, std::char_traits<char>, std::allocator<char> > const*>(std::__cxx11::basic_string<char, std::char_traits<char>, std::allocator<char> > const*, std::__cxx11::basic_string<char, std::char_traits<char>, std::allocator<char> > const*, std::forward_iterator_tag) (stl_vector.h:1287)
==3244==    by 0x435FA7: std::vector<std::__cxx11::basic_string<char, std::char_traits<char>, std::allocator<char> >, std::allocator<std::__cxx11::basic_string<char, std::char_traits<char>, std::allocator<char> > > >::vector(std::initializer_list<std::__cxx11::basic_string<char, std::char_traits<char>, std::allocator<char> > >, std::allocator<std::__cxx11::basic_string<char, std::char_traits<char>, std::allocator<char> > > const&) (stl_vector.h:377)
==3244==    by 0x42C54C: Command_Line_Parser::Command_Line_Parser(int, char**) (command_line_parser.cpp:14)
==3244==    by 0x43AFE1: main (launcher.cpp:39)
==3244== 
==3244== 125 bytes in 2 blocks are still reachable in loss record 10 of 20
==3244==    at 0x4C2E0EF: operator new(unsigned long) (in /usr/lib/valgrind/vgpreload_memcheck-amd64-linux.so)
==3244==    by 0x439018: void std::__cxx11::basic_string<char, std::char_traits<char>, std::allocator<char> >::_M_construct<char*>(char*, char*, std::forward_iterator_tag) (basic_string.tcc:223)
==3244==    by 0x51789CE: std::__cxx11::basic_string<char, std::char_traits<char>, std::allocator<char> >::basic_string(std::__cxx11::basic_string<char, std::char_traits<char>, std::allocator<char> > const&) (in /usr/lib/x86_64-linux-gnu/libstdc++.so.6.0.21)
==3244==    by 0x437A5D: void std::_Construct<std::__cxx11::basic_string<char, std::char_traits<char>, std::allocator<char> >, std::__cxx11::basic_string<char, std::char_traits<char>, std::allocator<char> > const&>(std::__cxx11::basic_string<char, std::char_traits<char>, std::allocator<char> >*, std::__cxx11::basic_string<char, std::char_traits<char>, std::allocator<char> > const&) (in /home/alex/drexel/research/heimdall/syscall-sensor)
==3244==    by 0x4377F4: std::__cxx11::basic_string<char, std::char_traits<char>, std::allocator<char> >* std::__uninitialized_copy<false>::__uninit_copy<std::__cxx11::basic_string<char, std::char_traits<char>, std::allocator<char> > const*, std::__cxx11::basic_string<char, std::char_traits<char>, std::allocator<char> >*>(std::__cxx11::basic_string<char, std::char_traits<char>, std::allocator<char> > const*, std::__cxx11::basic_string<char, std::char_traits<char>, std::allocator<char> > const*, std::__cxx11::basic_string<char, std::char_traits<char>, std::allocator<char> >*) (stl_uninitialized.h:75)
==3244==    by 0x4374AE: std::__cxx11::basic_string<char, std::char_traits<char>, std::allocator<char> >* std::uninitialized_copy<std::__cxx11::basic_string<char, std::char_traits<char>, std::allocator<char> > const*, std::__cxx11::basic_string<char, std::char_traits<char>, std::allocator<char> >*>(std::__cxx11::basic_string<char, std::char_traits<char>, std::allocator<char> > const*, std::__cxx11::basic_string<char, std::char_traits<char>, std::allocator<char> > const*, std::__cxx11::basic_string<char, std::char_traits<char>, std::allocator<char> >*) (stl_uninitialized.h:126)
==3244==    by 0x436DD1: std::__cxx11::basic_string<char, std::char_traits<char>, std::allocator<char> >* std::__uninitialized_copy_a<std::__cxx11::basic_string<char, std::char_traits<char>, std::allocator<char> > const*, std::__cxx11::basic_string<char, std::char_traits<char>, std::allocator<char> >*, std::__cxx11::basic_string<char, std::char_traits<char>, std::allocator<char> > >(std::__cxx11::basic_string<char, std::char_traits<char>, std::allocator<char> > const*, std::__cxx11::basic_string<char, std::char_traits<char>, std::allocator<char> > const*, std::__cxx11::basic_string<char, std::char_traits<char>, std::allocator<char> >*, std::allocator<std::__cxx11::basic_string<char, std::char_traits<char>, std::allocator<char> > >&) (stl_uninitialized.h:281)
==3244==    by 0x436525: void std::vector<std::__cxx11::basic_string<char, std::char_traits<char>, std::allocator<char> >, std::allocator<std::__cxx11::basic_string<char, std::char_traits<char>, std::allocator<char> > > >::_M_range_initialize<std::__cxx11::basic_string<char, std::char_traits<char>, std::allocator<char> > const*>(std::__cxx11::basic_string<char, std::char_traits<char>, std::allocator<char> > const*, std::__cxx11::basic_string<char, std::char_traits<char>, std::allocator<char> > const*, std::forward_iterator_tag) (stl_vector.h:1290)
==3244==    by 0x435FA7: std::vector<std::__cxx11::basic_string<char, std::char_traits<char>, std::allocator<char> >, std::allocator<std::__cxx11::basic_string<char, std::char_traits<char>, std::allocator<char> > > >::vector(std::initializer_list<std::__cxx11::basic_string<char, std::char_traits<char>, std::allocator<char> > >, std::allocator<std::__cxx11::basic_string<char, std::char_traits<char>, std::allocator<char> > > const&) (stl_vector.h:377)
==3244==    by 0x43EE1C: Linux_Syscall_Reader::Linux_Syscall_Reader(unsigned char) (linux_syscall_reader.cpp:220)
==3244==    by 0x43DBBE: Linux_Syscall_Reader::get_instance() (linux_syscall_reader.cpp:22)
==3244==    by 0x43DBFB: Linux_Syscall_Reader::get_instance(unsigned char) (linux_syscall_reader.cpp:30)
==3244== 
==3244== 168 bytes in 1 blocks are still reachable in loss record 11 of 20
==3244==    at 0x4C2E0EF: operator new(unsigned long) (in /usr/lib/valgrind/vgpreload_memcheck-amd64-linux.so)
==3244==    by 0x4391D7: Sensor_Manager::Sensor_Manager(unsigned char, std::__cxx11::basic_string<char, std::char_traits<char>, std::allocator<char> >, std::__cxx11::basic_string<char, std::char_traits<char>, std::allocator<char> >, std::__cxx11::basic_string<char, std::char_traits<char>, std::allocator<char> >) (sensor_manager.cpp:20)
==3244==    by 0x43C59F: start(Command_Line_Parser&) (launcher.cpp:296)
==3244==    by 0x43B19B: main (launcher.cpp:49)
==3244== 
==3244== 184 bytes in 1 blocks are still reachable in loss record 12 of 20
==3244==    at 0x4C2E0EF: operator new(unsigned long) (in /usr/lib/valgrind/vgpreload_memcheck-amd64-linux.so)
==3244==    by 0x440B1E: Syscall_Sensor::get_instance() (syscall_sensor.cpp:40)
==3244==    by 0x4391A9: Sensor_Manager::Sensor_Manager(unsigned char, std::__cxx11::basic_string<char, std::char_traits<char>, std::allocator<char> >, std::__cxx11::basic_string<char, std::char_traits<char>, std::allocator<char> >, std::__cxx11::basic_string<char, std::char_traits<char>, std::allocator<char> >) (sensor_manager.cpp:16)
==3244==    by 0x43C59F: start(Command_Line_Parser&) (launcher.cpp:296)
==3244==    by 0x43B19B: main (launcher.cpp:49)
==3244== 
==3244== 288 bytes in 1 blocks are still reachable in loss record 13 of 20
==3244==    at 0x4C2E0EF: operator new(unsigned long) (in /usr/lib/valgrind/vgpreload_memcheck-amd64-linux.so)
==3244==    by 0x4377AD: __gnu_cxx::new_allocator<std::__cxx11::basic_string<char, std::char_traits<char>, std::allocator<char> > >::allocate(unsigned long, void const*) (new_allocator.h:104)
==3244==    by 0x43747D: std::allocator_traits<std::allocator<std::__cxx11::basic_string<char, std::char_traits<char>, std::allocator<char> > > >::allocate(std::allocator<std::__cxx11::basic_string<char, std::char_traits<char>, std::allocator<char> > >&, unsigned long) (alloc_traits.h:491)
==3244==    by 0x436D99: std::_Vector_base<std::__cxx11::basic_string<char, std::char_traits<char>, std::allocator<char> >, std::allocator<std::__cxx11::basic_string<char, std::char_traits<char>, std::allocator<char> > > >::_M_allocate(unsigned long) (stl_vector.h:170)
==3244==    by 0x4364DB: void std::vector<std::__cxx11::basic_string<char, std::char_traits<char>, std::allocator<char> >, std::allocator<std::__cxx11::basic_string<char, std::char_traits<char>, std::allocator<char> > > >::_M_range_initialize<std::__cxx11::basic_string<char, std::char_traits<char>, std::allocator<char> > const*>(std::__cxx11::basic_string<char, std::char_traits<char>, std::allocator<char> > const*, std::__cxx11::basic_string<char, std::char_traits<char>, std::allocator<char> > const*, std::forward_iterator_tag) (stl_vector.h:1287)
==3244==    by 0x435FA7: std::vector<std::__cxx11::basic_string<char, std::char_traits<char>, std::allocator<char> >, std::allocator<std::__cxx11::basic_string<char, std::char_traits<char>, std::allocator<char> > > >::vector(std::initializer_list<std::__cxx11::basic_string<char, std::char_traits<char>, std::allocator<char> > >, std::allocator<std::__cxx11::basic_string<char, std::char_traits<char>, std::allocator<char> > > const&) (stl_vector.h:377)
==3244==    by 0x42C27F: Command_Line_Parser::Command_Line_Parser(int, char**) (command_line_parser.cpp:14)
==3244==    by 0x43AFE1: main (launcher.cpp:39)
==3244== 
==3244== 512 bytes in 1 blocks are still reachable in loss record 14 of 20
==3244==    at 0x4C2E0EF: operator new(unsigned long) (in /usr/lib/valgrind/vgpreload_memcheck-amd64-linux.so)
==3244==    by 0x446633: Output_Stream::Output_Stream(std::__cxx11::basic_string<char, std::char_traits<char>, std::allocator<char> >, unsigned char, std::__cxx11::basic_string<char, std::char_traits<char>, std::allocator<char> >) (output_stream.cpp:45)
==3244==    by 0x43923F: Sensor_Manager::Sensor_Manager(unsigned char, std::__cxx11::basic_string<char, std::char_traits<char>, std::allocator<char> >, std::__cxx11::basic_string<char, std::char_traits<char>, std::allocator<char> >, std::__cxx11::basic_string<char, std::char_traits<char>, std::allocator<char> >) (sensor_manager.cpp:22)
==3244==    by 0x43C59F: start(Command_Line_Parser&) (launcher.cpp:296)
==3244==    by 0x43B19B: main (launcher.cpp:49)
==3244== 
==3244== 552 bytes in 1 blocks are still reachable in loss record 15 of 20
==3244==    at 0x4C2DB8F: malloc (in /usr/lib/valgrind/vgpreload_memcheck-amd64-linux.so)
==3244==    by 0x5965C8C: __fopen_internal (iofopen.c:69)
==3244==    by 0x510711F: std::__basic_file<char>::open(char const*, std::_Ios_Openmode, int) (in /usr/lib/x86_64-linux-gnu/libstdc++.so.6.0.21)
==3244==    by 0x5147699: std::basic_filebuf<char, std::char_traits<char> >::open(char const*, std::_Ios_Openmode) (in /usr/lib/x86_64-linux-gnu/libstdc++.so.6.0.21)
==3244==    by 0x51482A7: std::basic_ofstream<char, std::char_traits<char> >::basic_ofstream(std::__cxx11::basic_string<char, std::char_traits<char>, std::allocator<char> > const&, std::_Ios_Openmode) (in /usr/lib/x86_64-linux-gnu/libstdc++.so.6.0.21)
==3244==    by 0x446648: Output_Stream::Output_Stream(std::__cxx11::basic_string<char, std::char_traits<char>, std::allocator<char> >, unsigned char, std::__cxx11::basic_string<char, std::char_traits<char>, std::allocator<char> >) (output_stream.cpp:45)
==3244==    by 0x43923F: Sensor_Manager::Sensor_Manager(unsigned char, std::__cxx11::basic_string<char, std::char_traits<char>, std::allocator<char> >, std::__cxx11::basic_string<char, std::char_traits<char>, std::allocator<char> >, std::__cxx11::basic_string<char, std::char_traits<char>, std::allocator<char> >) (sensor_manager.cpp:22)
==3244==    by 0x43C59F: start(Command_Line_Parser&) (launcher.cpp:296)
==3244==    by 0x43B19B: main (launcher.cpp:49)
==3244== 
==3244== 656 bytes in 1 blocks are still reachable in loss record 16 of 20
==3244==    at 0x4C2E0EF: operator new(unsigned long) (in /usr/lib/valgrind/vgpreload_memcheck-amd64-linux.so)
==3244==    by 0x43DBAE: Linux_Syscall_Reader::get_instance() (linux_syscall_reader.cpp:22)
==3244==    by 0x43DBFB: Linux_Syscall_Reader::get_instance(unsigned char) (linux_syscall_reader.cpp:30)
==3244==    by 0x4402CE: Reader_Factory::create_reader() (reader_factory.cpp:27)
==3244==    by 0x441722: Syscall_Sensor::Syscall_Sensor(unsigned char) (syscall_sensor.cpp:279)
==3244==    by 0x440B2E: Syscall_Sensor::get_instance() (syscall_sensor.cpp:40)
==3244==    by 0x4391A9: Sensor_Manager::Sensor_Manager(unsigned char, std::__cxx11::basic_string<char, std::char_traits<char>, std::allocator<char> >, std::__cxx11::basic_string<char, std::char_traits<char>, std::allocator<char> >, std::__cxx11::basic_string<char, std::char_traits<char>, std::allocator<char> >) (sensor_manager.cpp:16)
==3244==    by 0x43C59F: start(Command_Line_Parser&) (launcher.cpp:296)
==3244==    by 0x43B19B: main (launcher.cpp:49)
==3244== 
==3244== 2,222 bytes in 1 blocks are still reachable in loss record 17 of 20
==3244==    at 0x4C2DB8F: malloc (in /usr/lib/valgrind/vgpreload_memcheck-amd64-linux.so)
==3244==    by 0x4434C5: moodycamel::ReaderWriterQueue<Sensor_Data, 512ul>::make_block(unsigned long) (readerwriterqueue.h:625)
==3244==    by 0x442A7B: moodycamel::ReaderWriterQueue<Sensor_Data, 512ul>::ReaderWriterQueue(unsigned long) (readerwriterqueue.h:127)
==3244==    by 0x4426DB: Sensor::Sensor() (sensor.h:29)
==3244==    by 0x4416F8: Syscall_Sensor::Syscall_Sensor(unsigned char) (syscall_sensor.cpp:275)
==3244==    by 0x440B2E: Syscall_Sensor::get_instance() (syscall_sensor.cpp:40)
==3244==    by 0x4391A9: Sensor_Manager::Sensor_Manager(unsigned char, std::__cxx11::basic_string<char, std::char_traits<char>, std::allocator<char> >, std::__cxx11::basic_string<char, std::char_traits<char>, std::allocator<char> >, std::__cxx11::basic_string<char, std::char_traits<char>, std::allocator<char> >) (sensor_manager.cpp:16)
==3244==    by 0x43C59F: start(Command_Line_Parser&) (launcher.cpp:296)
==3244==    by 0x43B19B: main (launcher.cpp:49)
==3244== 
==3244== 2,222 bytes in 1 blocks are still reachable in loss record 18 of 20
==3244==    at 0x4C2DB8F: malloc (in /usr/lib/valgrind/vgpreload_memcheck-amd64-linux.so)
==3244==    by 0x4434C5: moodycamel::ReaderWriterQueue<Sensor_Data, 512ul>::make_block(unsigned long) (readerwriterqueue.h:625)
==3244==    by 0x442A7B: moodycamel::ReaderWriterQueue<Sensor_Data, 512ul>::ReaderWriterQueue(unsigned long) (readerwriterqueue.h:127)
==3244==    by 0x447370: Sensor_Observer::Sensor_Observer() (sensor_observer.h:19)
==3244==    by 0x446A8F: Syscall_Logger::Syscall_Logger() (syscall_logger.cpp:20)
==3244==    by 0x4391E2: Sensor_Manager::Sensor_Manager(unsigned char, std::__cxx11::basic_string<char, std::char_traits<char>, std::allocator<char> >, std::__cxx11::basic_string<char, std::char_traits<char>, std::allocator<char> >, std::__cxx11::basic_string<char, std::char_traits<char>, std::allocator<char> >) (sensor_manager.cpp:20)
==3244==    by 0x43C59F: start(Command_Line_Parser&) (launcher.cpp:296)
==3244==    by 0x43B19B: main (launcher.cpp:49)
==3244== 
==3244== 8,192 bytes in 1 blocks are still reachable in loss record 19 of 20
==3244==    at 0x4C2E80F: operator new[](unsigned long) (in /usr/lib/valgrind/vgpreload_memcheck-amd64-linux.so)
==3244==    by 0x5143467: std::basic_filebuf<char, std::char_traits<char> >::_M_allocate_internal_buffer() (in /usr/lib/x86_64-linux-gnu/libstdc++.so.6.0.21)
==3244==    by 0x51476B1: std::basic_filebuf<char, std::char_traits<char> >::open(char const*, std::_Ios_Openmode) (in /usr/lib/x86_64-linux-gnu/libstdc++.so.6.0.21)
==3244==    by 0x51482A7: std::basic_ofstream<char, std::char_traits<char> >::basic_ofstream(std::__cxx11::basic_string<char, std::char_traits<char>, std::allocator<char> > const&, std::_Ios_Openmode) (in /usr/lib/x86_64-linux-gnu/libstdc++.so.6.0.21)
==3244==    by 0x446648: Output_Stream::Output_Stream(std::__cxx11::basic_string<char, std::char_traits<char>, std::allocator<char> >, unsigned char, std::__cxx11::basic_string<char, std::char_traits<char>, std::allocator<char> >) (output_stream.cpp:45)
==3244==    by 0x43923F: Sensor_Manager::Sensor_Manager(unsigned char, std::__cxx11::basic_string<char, std::char_traits<char>, std::allocator<char> >, std::__cxx11::basic_string<char, std::char_traits<char>, std::allocator<char> >, std::__cxx11::basic_string<char, std::char_traits<char>, std::allocator<char> >) (sensor_manager.cpp:22)
==3244==    by 0x43C59F: start(Command_Line_Parser&) (launcher.cpp:296)
==3244==    by 0x43B19B: main (launcher.cpp:49)
==3244== 
==3244== 72,704 bytes in 1 blocks are still reachable in loss record 20 of 20
==3244==    at 0x4C2DB8F: malloc (in /usr/lib/valgrind/vgpreload_memcheck-amd64-linux.so)
==3244==    by 0x50E0EFF: ??? (in /usr/lib/x86_64-linux-gnu/libstdc++.so.6.0.21)
==3244==    by 0x40104E9: call_init.part.0 (dl-init.c:72)
==3244==    by 0x40105FA: call_init (dl-init.c:30)
==3244==    by 0x40105FA: _dl_init (dl-init.c:120)
==3244==    by 0x4000CF9: ??? (in /lib/x86_64-linux-gnu/ld-2.23.so)
==3244==    by 0x1: ???
==3244==    by 0xFFF00074E: ???
==3244==    by 0xFFF000760: ???
==3244== 
==3244== LEAK SUMMARY:
==3244==    definitely lost: 0 bytes in 0 blocks
==3244==    indirectly lost: 0 bytes in 0 blocks
==3244==      possibly lost: 0 bytes in 0 blocks
==3244==    still reachable: 88,241 bytes in 21 blocks
==3244==         suppressed: 0 bytes in 0 blocks
==3244== 
==3244== ERROR SUMMARY: 0 errors from 0 contexts (suppressed: 0 from 0)
==3244== ERROR SUMMARY: 0 errors from 0 contexts (suppressed: 0 from 0)
==3253== embedded gdbserver: reading from /tmp/vgdb-pipe-from-vgdb-to-3253-by-root-on-???
==3253== embedded gdbserver: writing to   /tmp/vgdb-pipe-to-vgdb-from-3253-by-root-on-???
==3253== embedded gdbserver: shared mem   /tmp/vgdb-pipe-shared-mem-vgdb-3253-by-root-on-???
==3253== 
==3253== TO CONTROL THIS PROCESS USING vgdb (which you probably
==3253== don't want to do, unless you know exactly what you're doing,
==3253== or are doing some strange experiment):
==3253==   /usr/lib/valgrind/../../bin/vgdb --pid=3253 ...command...
==3253== 
==3253== TO DEBUG THIS PROCESS USING GDB: start GDB like this
==3253==   /path/to/gdb ../syscall-sensor
==3253== and then give GDB the following command
==3253==   target remote | /usr/lib/valgrind/../../bin/vgdb --pid=3253
==3253== --pid is optional if only one valgrind process is running
==3253== 
==3258== embedded gdbserver: reading from /tmp/vgdb-pipe-from-vgdb-to-3258-by-root-on-???
==3258== embedded gdbserver: writing to   /tmp/vgdb-pipe-to-vgdb-from-3258-by-root-on-???
==3258== embedded gdbserver: shared mem   /tmp/vgdb-pipe-shared-mem-vgdb-3258-by-root-on-???
==3258== 
==3258== TO CONTROL THIS PROCESS USING vgdb (which you probably
==3258== don't want to do, unless you know exactly what you're doing,
==3258== or are doing some strange experiment):
==3258==   /usr/lib/valgrind/../../bin/vgdb --pid=3258 ...command...
==3258== 
==3258== TO DEBUG THIS PROCESS USING GDB: start GDB like this
==3258==   /path/to/gdb ../syscall-sensor
==3258== and then give GDB the following command
==3258==   target remote | /usr/lib/valgrind/../../bin/vgdb --pid=3258
==3258== --pid is optional if only one valgrind process is running
==3258== 
==3259== embedded gdbserver: reading from /tmp/vgdb-pipe-from-vgdb-to-3259-by-root-on-???
==3259== embedded gdbserver: writing to   /tmp/vgdb-pipe-to-vgdb-from-3259-by-root-on-???
==3259== embedded gdbserver: shared mem   /tmp/vgdb-pipe-shared-mem-vgdb-3259-by-root-on-???
==3259== 
==3259== TO CONTROL THIS PROCESS USING vgdb (which you probably
==3259== don't want to do, unless you know exactly what you're doing,
==3259== or are doing some strange experiment):
==3259==   /usr/lib/valgrind/../../bin/vgdb --pid=3259 ...command...
==3259== 
==3259== TO DEBUG THIS PROCESS USING GDB: start GDB like this
==3259==   /path/to/gdb ../syscall-sensor
==3259== and then give GDB the following command
==3259==   target remote | /usr/lib/valgrind/../../bin/vgdb --pid=3259
==3259== --pid is optional if only one valgrind process is running
==3259== 
--3251-- REDIR: 0x5985e30 (libc.so.6:memchr) redirected to 0x4c32170 (memchr)
==3251== 
==3251== HEAP SUMMARY:
==3251==     in use at exit: 72,704 bytes in 1 blocks
==3251==   total heap usage: 6,354,238 allocs, 6,354,237 frees, 664,652,779 bytes allocated
==3251== 
==3251== Searching for pointers to 1 not-freed blocks
==3251== Checked 134,200 bytes
==3251== 
==3251== 72,704 bytes in 1 blocks are still reachable in loss record 1 of 1
==3251==    at 0x4C2DB8F: malloc (in /usr/lib/valgrind/vgpreload_memcheck-amd64-linux.so)
==3251==    by 0x50E0EFF: ??? (in /usr/lib/x86_64-linux-gnu/libstdc++.so.6.0.21)
==3251==    by 0x40104E9: call_init.part.0 (dl-init.c:72)
==3251==    by 0x40105FA: call_init (dl-init.c:30)
==3251==    by 0x40105FA: _dl_init (dl-init.c:120)
==3251==    by 0x4000CF9: ??? (in /lib/x86_64-linux-gnu/ld-2.23.so)
==3251==    by 0x1: ???
==3251==    by 0xFFF00074E: ???
==3251==    by 0xFFF000760: ???
==3251== 
==3251== LEAK SUMMARY:
==3251==    definitely lost: 0 bytes in 0 blocks
==3251==    indirectly lost: 0 bytes in 0 blocks
==3251==      possibly lost: 0 bytes in 0 blocks
==3251==    still reachable: 72,704 bytes in 1 blocks
==3251==         suppressed: 0 bytes in 0 blocks
==3251== 
==3251== ERROR SUMMARY: 0 errors from 0 contexts (suppressed: 0 from 0)
==3251== ERROR SUMMARY: 0 errors from 0 contexts (suppressed: 0 from 0)
