Determining if the pthread_create exist failed with the following output:
Change Dir: /home/alex/drexel/research/heimdall/CMakeFiles/CMakeTmp

Run Build Command:"/usr/bin/make" "cmTC_970d6/fast"
/usr/bin/make -f CMakeFiles/cmTC_970d6.dir/build.make CMakeFiles/cmTC_970d6.dir/build
make[1]: Entering directory '/home/alex/drexel/research/heimdall/CMakeFiles/CMakeTmp'
Building C object CMakeFiles/cmTC_970d6.dir/CheckSymbolExists.c.o
/usr/bin/cc     -o CMakeFiles/cmTC_970d6.dir/CheckSymbolExists.c.o   -c /home/alex/drexel/research/heimdall/CMakeFiles/CMakeTmp/CheckSymbolExists.c
Linking C executable cmTC_970d6
/usr/bin/cmake -E cmake_link_script CMakeFiles/cmTC_970d6.dir/link.txt --verbose=1
/usr/bin/cc       CMakeFiles/cmTC_970d6.dir/CheckSymbolExists.c.o  -o cmTC_970d6 
CMakeFiles/cmTC_970d6.dir/CheckSymbolExists.c.o: In function `main':
CheckSymbolExists.c:(.text+0x16): undefined reference to `pthread_create'
collect2: error: ld returned 1 exit status
CMakeFiles/cmTC_970d6.dir/build.make:97: recipe for target 'cmTC_970d6' failed
make[1]: *** [cmTC_970d6] Error 1
make[1]: Leaving directory '/home/alex/drexel/research/heimdall/CMakeFiles/CMakeTmp'
Makefile:126: recipe for target 'cmTC_970d6/fast' failed
make: *** [cmTC_970d6/fast] Error 2

File /home/alex/drexel/research/heimdall/CMakeFiles/CMakeTmp/CheckSymbolExists.c:
/* */
#include <pthread.h>

int main(int argc, char** argv)
{
  (void)argv;
#ifndef pthread_create
  return ((int*)(&pthread_create))[argc];
#else
  (void)argc;
  return 0;
#endif
}

Determining if the function pthread_create exists in the pthreads failed with the following output:
Change Dir: /home/alex/drexel/research/heimdall/CMakeFiles/CMakeTmp

Run Build Command:"/usr/bin/make" "cmTC_ea51e/fast"
/usr/bin/make -f CMakeFiles/cmTC_ea51e.dir/build.make CMakeFiles/cmTC_ea51e.dir/build
make[1]: Entering directory '/home/alex/drexel/research/heimdall/CMakeFiles/CMakeTmp'
Building C object CMakeFiles/cmTC_ea51e.dir/CheckFunctionExists.c.o
/usr/bin/cc    -DCHECK_FUNCTION_EXISTS=pthread_create   -o CMakeFiles/cmTC_ea51e.dir/CheckFunctionExists.c.o   -c /usr/share/cmake-3.5/Modules/CheckFunctionExists.c
Linking C executable cmTC_ea51e
/usr/bin/cmake -E cmake_link_script CMakeFiles/cmTC_ea51e.dir/link.txt --verbose=1
/usr/bin/cc   -DCHECK_FUNCTION_EXISTS=pthread_create    CMakeFiles/cmTC_ea51e.dir/CheckFunctionExists.c.o  -o cmTC_ea51e -lpthreads 
/usr/bin/ld: cannot find -lpthreads
collect2: error: ld returned 1 exit status
CMakeFiles/cmTC_ea51e.dir/build.make:97: recipe for target 'cmTC_ea51e' failed
make[1]: *** [cmTC_ea51e] Error 1
make[1]: Leaving directory '/home/alex/drexel/research/heimdall/CMakeFiles/CMakeTmp'
Makefile:126: recipe for target 'cmTC_ea51e/fast' failed
make: *** [cmTC_ea51e/fast] Error 2


